Log-file of program ./dymosim
(generated: Mon Mar 16 11:19:02 2020)

dymosim started
... "dsin.txt" loading (dymosim input file)
... "AIMC_InverterDrive.mat" creating (simulation result file)

Integration started at T = 0 using integration method DASSL
(DAE multi-step solver (dassl/dasslrt of Petzold modified by Dassault Systemes))
Integration terminated successfully at T = 1.5
   CPU-time for integration                : 52.3 seconds
   CPU-time for one grid interval          : 0.871 milliseconds
   CPU-time for initialization             : 0.001 seconds
   Number of result points                 : 100150
   Number of grid points                   : 60001
   Number of accepted steps                : 531148
   Number of f-evaluations (dynamics)      : 749751
   Number of crossing function evaluations : 728894
   Number of Jacobian-evaluations          : 376755
   Number of model time events             : 3000
   Number of input time events             : 0
   Number of state events                  : 19414
   Number of step events                   : 0
   Minimum integration stepsize            : 1.92e-18
   Maximum integration stepsize            : 0.000102
   Maximum integration order               : 5
Calling terminal section
... "dsfinal.txt" creating (final states)
