 = true
TestID: 2018-12-15_230315_Modelica_v3.2.3-rc.2_2019
This is translation 375 of 422
Translation of Modelica.Electrical.Machines.Examples.AsynchronousInductionMachines.AIMC_InverterDrive:
The DAE has 1064 scalar unknowns and 1064 scalar equations.
 
Statistics
 
Original Model
  Number of components: 120
  Variables: 1459
  Constants: 47 (64 scalars)
  Parameters: 485 (613 scalars)
  Unknowns: 927 (1064 scalars)
  Differentiated variables: 29 scalars
  Equations: 602
  Nontrivial: 506
Translated Model
  Constants: 447 scalars
  Free parameters: 57 scalars
  Parameter depending: 260 scalars
  Continuous time states: 11 scalars
  Time-varying variables: 279 scalars
  Alias variables: 698 scalars
  Number of mixed real/discrete systems of equations: 6
  Sizes of linear systems of equations: {6, 6, 6, 6, 3, 11, 11, 11, 14, 2, 2}
  Sizes after manipulation of the linear systems: {2, 2, 2, 2, 0, 4, 4, 4, 4, 0, 2}
  Sizes of nonlinear systems of equations: { }
  Sizes after manipulation of the nonlinear systems: { }
  Number of numerical Jacobians: 0
  Initialization problem
    Sizes of linear systems of equations: {2}
    Sizes after manipulation of the linear systems: {2}
 
Settings
Advanced.StoreProtectedVariables = true
Selected continuous time states
Statically selected continuous time states
  aimc.i_0_s
  aimc.idq_rr[]
  aimc.idq_sr[]
  capacitor.v
  inductor.inductor[2].i
  inductor.inductor[3].i
  loadInertia.phi
  loadInertia.w
  vfController.x
 
Finished
Save translation log