 = true
Translation of Modelica.Electrical.Analog.Examples.OpAmps.InvertingAmp:
The DAE has 49 scalar unknowns and 49 scalar equations.
 
Statistics
 
Original Model
  Number of components: 8
  Variables: 91
  Parameters: 42 (42 scalars)
  Unknowns: 49 (49 scalars)
  Equations: 45
  Nontrivial: 35
Translated Model
  Constants: 14 scalars
  Free parameters: 12 scalars
  Parameter depending: 27 scalars
  Time-varying variables: 13 scalars
  Alias variables: 25 scalars
  Number of mixed real/discrete systems of equations: 0
  Sizes of linear systems of equations: { }
  Sizes after manipulation of the linear systems: { }
  Sizes of nonlinear systems of equations: {6, 5}
  Sizes after manipulation of the nonlinear systems: {0, 1}
  Number of numerical Jacobians: 1
  Initialization problem
    Sizes of nonlinear systems of equations: {6}
    Sizes after manipulation of the nonlinear systems: {1}
    Number of numerical Jacobians: 0
 
Settings
Advanced.StoreProtectedVariables = true
Selected continuous time states