Log-file of program ./dymosim
(generated: Sun Dec 16 00:03:22 2018)

dymosim started
... "dsin.txt" loading (dymosim input file)
... "result.mat" creating (simulation result file)

Integration started at T = 0 using integration method DASSL
(DAE multi-step solver (dassl/dasslrt of Petzold modified by Dynasim))
Integration terminated successfully at T = 3
   CPU-time for integration      : 0.292 seconds
   CPU-time for one GRID interval: 0.0487 milliseconds
   Number of result points       : 6019
   Number of GRID   points       : 6001
   Number of (successful) steps  : 1172
   Number of F-evaluations       : 2900
   Number of H-evaluations       : 7236
   Number of Jacobian-evaluations: 157
   Number of (model) time events : 1
   Number of (U) time events     : 0
   Number of state    events     : 8
   Number of step     events     : 0
   Minimum integration stepsize  : 1.22e-011
   Maximum integration stepsize  : 0.0107
   Maximum integration order     : 5
Calling terminal section
... "dsfinal.txt" creating (final states)
