 = true
Translation of Modelica.Magnetic.QuasiStatic.FundamentalWave.Examples.BasicMachines.InductionMachines.IMS_Characteristics:
The DAE has 3092 scalar unknowns and 3092 scalar equations.
 
Statistics
 
Original Model
  Number of components: 1465
  Variables: 3452
  Constants: 13 (13 scalars)
  Parameters: 539 (571 scalars)
  Unknowns: 2900 (3092 scalars)
  Differentiated variables: 33 scalars
  Equations: 1033
  Nontrivial: 877
Translated Model
  Constants: 1172 scalars
  Free parameters: 71 scalars
  Parameter depending: 217 scalars
  Outputs: 1 scalars
  Continuous time states: 2 scalars
  Time-varying variables: 570 scalars
  Alias variables: 1646 scalars
  Number of mixed real/discrete systems of equations: 0
  Sizes of linear systems of equations: {69}
  Sizes after manipulation of the linear systems: {18}
  Sizes of nonlinear systems of equations: { }
  Sizes after manipulation of the nonlinear systems: { }
  Number of numerical Jacobians: 0
 
Settings
Advanced.StoreProtectedVariables = true
Selected continuous time states
Statically selected continuous time states
  resistor.plug_p.reference.gamma
  speed.phi
 