Log-file of program ./dymosim
(generated: Sat Dec 15 23:28:46 2018)

dymosim started
... "dsin.txt" loading (dymosim input file)
... "result.mat" creating (simulation result file)

Integration started at T = 0 using integration method DASSL
(DAE multi-step solver (dassl/dasslrt of Petzold modified by Dynasim))
Integration terminated successfully at T = 10
   CPU-time for integration      : 14.4 seconds
   CPU-time for one GRID interval: 0.144 milliseconds
   Number of result points       : 119335
   Number of GRID   points       : 100001
   Number of (successful) steps  : 384521
   Number of F-evaluations       : 821950
   Number of H-evaluations       : 541541
   Number of Jacobian-evaluations: 191137
   Number of (model) time events : 3000
   Number of (U) time events     : 0
   Number of state    events     : 9043
   Number of step     events     : 0
   Minimum integration stepsize  : 2.32e-013
   Maximum integration stepsize  : 0.000195
   Maximum integration order     : 5
Calling terminal section
... "dsfinal.txt" creating (final states)
