 = true
Translation of Modelica.Electrical.PowerConverters.Examples.ACDC.RectifierBridge2mPulse.ThyristorBridge2mPulse_RLV_Characteristic:
The DAE has 451 scalar unknowns and 451 scalar equations.
 
Statistics
 
Original Model
  Number of components: 83
  Variables: 623
  Constants: 12 (12 scalars)
  Parameters: 209 (243 scalars)
  Unknowns: 402 (451 scalars)
  Differentiated variables: 4 scalars
  Equations: 273
  Nontrivial: 240
Translated Model
  Constants: 161 scalars
  Free parameters: 56 scalars
  Parameter depending: 99 scalars
  Continuous time states: 4 scalars
  Time-varying variables: 111 scalars
  Alias variables: 279 scalars
  Number of mixed real/discrete systems of equations: 2
  Sizes of linear systems of equations: {9, 9}
  Sizes after manipulation of the linear systems: {3, 3}
  Sizes of nonlinear systems of equations: { }
  Sizes after manipulation of the nonlinear systems: { }
  Number of numerical Jacobians: 0
 
Settings
Advanced.StoreProtectedVariables = true
Selected continuous time states
Statically selected continuous time states
  inductor.i
  meanCurrent.x
  meanVoltage.x
  rootMeanSquareVoltage.mean.x
 