 = true
Translation of Modelica.Electrical.Machines.Examples.InductionMachines.IMC_Conveyor:
The DAE has 490 scalar unknowns and 490 scalar equations.
 
Statistics
 
Original Model
  Number of components: 65
  Variables: 670
  Constants: 7 (7 scalars)
  Parameters: 234 (287 scalars)
  Unknowns: 429 (490 scalars)
  Differentiated variables: 25 scalars
  Equations: 276
  Nontrivial: 212
Translated Model
  Constants: 217 scalars
  Free parameters: 47 scalars
  Parameter depending: 123 scalars
  Continuous time states: 7 scalars
  Time-varying variables: 84 scalars
  Alias variables: 313 scalars
  Number of mixed real/discrete systems of equations: 0
  Sizes of linear systems of equations: {3, 14, 4, 2}
  Sizes after manipulation of the linear systems: {2, 4, 0, 2}
  Sizes of nonlinear systems of equations: { }
  Sizes after manipulation of the nonlinear systems: { }
  Number of numerical Jacobians: 0
  Initialization problem
    Sizes of linear systems of equations: {2}
    Sizes after manipulation of the linear systems: {2}
 
Settings
Advanced.StoreProtectedVariables = true
Selected continuous time states
Statically selected continuous time states
  aimc.idq_rr[]
  aimc.idq_sr[]
  mass.s
  mass.v
  vfController.x
 