 = true
TestID: 2018-12-15_230315_Modelica_v3.2.3-rc.2_2019
This is translation 29 of 422
Translation of Modelica.StateGraph.Examples.ShowExceptions:
Warning: Top class Modelica.StateGraph.Examples.ShowExceptions specified an obsolete type: Obsolete package due to experimental design.
The DAE has 288 scalar unknowns and 288 scalar equations.
 
Statistics
 
Original Model
  Number of components: 41
  Variables: 333
  Parameters: 45 (45 scalars)
  Unknowns: 288 (288 scalars)
  Equations: 271
  Nontrivial: 211
Translated Model
  Constants: 90 scalars
  Free parameters: 10 scalars
  Parameter depending: 2 scalars
  Time-varying variables: 90 scalars
  Alias variables: 141 scalars
  Number of mixed real/discrete systems of equations: 0
  Sizes of linear systems of equations: { }
  Sizes after manipulation of the linear systems: { }
  Sizes of nonlinear systems of equations: { }
  Sizes after manipulation of the nonlinear systems: { }
  Number of numerical Jacobians: 0
 
Settings
Advanced.StoreProtectedVariables = true
Selected continuous time states
Finished
Warning: WARNINGS have been issued.
Save translation log