
Statistics

Original Model
  Number of components: 140
  Variables: 1061
  Parameters: 347 (628 scalars)
  Unknowns: 714 (2058 scalars)
  Differentiated variables: 65 scalars
  Equations: 603
  Nontrivial: 311
Translated Model
  Constants: 1638 scalars
  Free parameters: 65 scalars
  Parameter depending: 273 scalars
  Outputs: 4 scalars
  Continuous time states: 2 scalars
  Time-varying variables: 179 scalars
  Alias variables: 531 scalars
  Number of mixed real/discrete systems of equations: 0
  Sizes of linear systems of equations: {50, 2, 89}
  Sizes after manipulation of the linear systems: {5, 2, 9}
  Sizes of nonlinear systems of equations: {45}
  Sizes after manipulation of the nonlinear systems: {5}
  Number of numerical Jacobians: 0

Settings
Advanced.StoreProtectedVariables = true
Selected continuous time states
Statically selected continuous time states
  j1.phi
  j1.w

Finished

