Log-file of program ./dymosim
(generated: Mon Mar 16 11:48:33 2020)

dymosim started
... "dsin.txt" loading (dymosim input file)
... "ThreePhaseTransformerWithRectifier.mat" creating (simulation result file)

Integration started at T = 0 using integration method DASSL
(DAE multi-step solver (dassl/dasslrt of Petzold modified by Dassault Systemes))
Integration terminated successfully at T = 0.2
   CPU-time for integration                : 1.35 seconds
   CPU-time for one grid interval          : 0.337 milliseconds
   CPU-time for initialization             : 0 seconds
   Number of result points                 : 4654
   Number of grid points                   : 4001
   Number of accepted steps                : 65100
   Number of f-evaluations (dynamics)      : 130076
   Number of crossing function evaluations : 71898
   Number of Jacobian-evaluations          : 6212
   Number of model time events             : 0
   Number of input time events             : 0
   Number of state events                  : 326
   Number of step events                   : 0
   Minimum integration stepsize            : 1.97e-13
   Maximum integration stepsize            : 8.2e-06
   Maximum integration order               : 5
Calling terminal section
... "dsfinal.txt" creating (final states)
