 = true
TestID: 2018-12-15_230315_Modelica_v3.2.3-rc.2_2019
This is translation 148 of 422
Translation of Modelica.Electrical.PowerConverters.Examples.ACDC.RectifierBridge2mPulse.ThyristorBridge2mPulse_RLV:
The DAE has 449 scalar unknowns and 449 scalar equations.
 
Statistics
 
Original Model
  Number of components: 83
  Variables: 618
  Constants: 12 (12 scalars)
  Parameters: 206 (240 scalars)
  Unknowns: 400 (449 scalars)
  Differentiated variables: 4 scalars
  Equations: 272
  Nontrivial: 238
Translated Model
  Constants: 162 scalars
  Free parameters: 52 scalars
  Parameter depending: 101 scalars
  Continuous time states: 4 scalars
  Time-varying variables: 108 scalars
  Alias variables: 278 scalars
  Number of mixed real/discrete systems of equations: 2
  Sizes of linear systems of equations: {9, 9}
  Sizes after manipulation of the linear systems: {3, 3}
  Sizes of nonlinear systems of equations: { }
  Sizes after manipulation of the nonlinear systems: { }
  Number of numerical Jacobians: 0
 
Settings
Advanced.StoreProtectedVariables = true
Selected continuous time states
Statically selected continuous time states
  inductor.i
  meanCurrent.x
  meanVoltage.x
  rootMeanSquareVoltage.mean.x
 
Finished
Save translation log