Log-file of program ./dymosim
(generated: Wed Mar 11 19:01:40 2020)

dymosim started
... "dsin.txt" loading (dymosim input file)
... "SMEE_LoadDump.mat" creating (simulation result file)

Integration started at T = 0 using integration method DASSL
(DAE multi-step solver (dassl/dasslrt of Petzold modified by Dassault Systemes))
Integration terminated successfully at T = 10
   CPU-time for integration                : 12.2 seconds
   CPU-time for one grid interval          : 0.0612 milliseconds
   CPU-time for initialization             : 0.001 seconds
   Number of result points                 : 200024
   Number of grid points                   : 200001
   Number of accepted steps                : 42241
   Number of f-evaluations (dynamics)      : 84482
   Number of crossing function evaluations : 242268
   Number of Jacobian-evaluations          : 430
   Number of model time events             : 6
   Number of input time events             : 0
   Number of state events                  : 6
   Number of step events                   : 5
   Minimum integration stepsize            : 2.67e-12
   Maximum integration stepsize            : 0.00429
   Maximum integration order               : 5
Calling terminal section
... "dsfinal.txt" creating (final states)
