 = true
Translation of Modelica.Electrical.PowerConverters.Examples.ACDC.RectifierBridge2Pulse.HalfControlledBridge2Pulse:
The DAE has 154 scalar unknowns and 154 scalar equations.
 
Statistics
 
Original Model
  Number of components: 37
  Variables: 259
  Constants: 8 (8 scalars)
  Parameters: 98 (98 scalars)
  Unknowns: 153 (154 scalars)
  Differentiated variables: 3 scalars
  Equations: 157
  Nontrivial: 138
Translated Model
  Constants: 48 scalars
  Free parameters: 30 scalars
  Parameter depending: 45 scalars
  Continuous time states: 3 scalars
  Time-varying variables: 47 scalars
  Alias variables: 90 scalars
  Number of mixed real/discrete systems of equations: 1
  Sizes of linear systems of equations: {14}
  Sizes after manipulation of the linear systems: {4}
  Sizes of nonlinear systems of equations: { }
  Sizes after manipulation of the nonlinear systems: { }
  Number of numerical Jacobians: 0
 
Settings
Advanced.StoreProtectedVariables = true
Selected continuous time states
Statically selected continuous time states
  meanCurrent.x
  meanVoltage.x
  rootMeanSquareVoltage.mean.x
 