Log-file of program ./dymosim
(generated: Sat Dec 15 23:21:00 2018)

dymosim started
... "dsin.txt" loading (dymosim input file)
... "result.mat" creating (simulation result file)

Integration started at T = 0 using integration method DASSL
(DAE multi-step solver (dassl/dasslrt of Petzold modified by Dynasim))
Integration terminated successfully at T = 1.1
   CPU-time for integration      : 9.15 seconds
   CPU-time for one GRID interval: 0.416 milliseconds
   Number of result points       : 23326
   Number of GRID   points       : 22001
   Number of (successful) steps  : 70518
   Number of F-evaluations       : 482984
   Number of H-evaluations       : 97360
   Number of Jacobian-evaluations: 26365
   Number of (model) time events : 0
   Number of (U) time events     : 0
   Number of state    events     : 662
   Number of step     events     : 0
   Minimum integration stepsize  : 3.94e-012
   Maximum integration stepsize  : 9.21e-005
   Maximum integration order     : 5
Calling terminal section
... "dsfinal.txt" creating (final states)
