Log-file of program ./dymosim
(generated: Sat Dec 15 23:47:17 2018)

dymosim started
... "dsin.txt" loading (dymosim input file)
... "result.mat" creating (simulation result file)

Integration started at T = 0 using integration method DASSL
(DAE multi-step solver (dassl/dasslrt of Petzold modified by Dynasim))
Integration terminated successfully at T = 0.02
   CPU-time for integration      : 0.29 seconds
   CPU-time for one GRID interval: 0.029 milliseconds
   Number of result points       : 10024
   Number of GRID   points       : 10001
   Number of (successful) steps  : 1140
   Number of F-evaluations       : 2985
   Number of H-evaluations       : 11219
   Number of Jacobian-evaluations: 220
   Number of (model) time events : 0
   Number of (U) time events     : 0
   Number of state    events     : 11
   Number of step     events     : 0
   Minimum integration stepsize  : 7.49e-011
   Maximum integration stepsize  : 8.87e-005
   Maximum integration order     : 5
Calling terminal section
... "dsfinal.txt" creating (final states)
