
Statistics

Original Model
  Number of components: 226
  Variables: 1401
  Constants: 9 (9 scalars)
  Parameters: 410 (456 scalars)
  Unknowns: 982 (1051 scalars)
  Differentiated variables: 18 scalars
  Equations: 585
  Nontrivial: 479
Translated Model
  Constants: 440 scalars
  Free parameters: 50 scalars
  Parameter depending: 180 scalars
  Outputs: 1 scalars
  Continuous time states: 7 scalars
  Time-varying variables: 214 scalars
  Alias variables: 632 scalars
  Number of mixed real/discrete systems of equations: 0
  Sizes of linear systems of equations: {17, 8, 4}
  Sizes after manipulation of the linear systems: {2, 2, 0}
  Sizes of nonlinear systems of equations: { }
  Sizes after manipulation of the nonlinear systems: { }
  Number of numerical Jacobians: 0
  Initialization problem
    Sizes of linear systems of equations: {2}
    Sizes after manipulation of the linear systems: {2}

Settings
Advanced.StoreProtectedVariables = true
Selected continuous time states
Statically selected continuous time states
  smee.excitation.electroMagneticConverter.Phi.re
  smee.inertiaRotor.phi
  smee.inertiaRotor.w
  smee.rotorCage.electroMagneticConverter.singlePhaseElectroMagneticConverter[1].Phi.re
  smee.rotorCage.electroMagneticConverter.singlePhaseElectroMagneticConverter[2].Phi.im
  smee.stator.electroMagneticConverter.singlePhaseElectroMagneticConverter[1].Phi.re
  smee.stator.electroMagneticConverter.singlePhaseElectroMagneticConverter[2].Phi.im

Finished

