Log-file of program ./dymosim
(generated: Sun Dec 16 00:32:38 2018)

dymosim started
... "dsin.txt" loading (dymosim input file)
... "result.mat" creating (simulation result file)

Integration started at T = 0 using integration method DASSL
(DAE multi-step solver (dassl/dasslrt of Petzold modified by Dynasim))
Integration terminated successfully at T = 2.5
   CPU-time for integration      : 1.83 seconds
   CPU-time for one GRID interval: 0.0365 milliseconds
   Number of result points       : 50010
   Number of GRID   points       : 50001
   Number of (successful) steps  : 1298
   Number of F-evaluations       : 3499
   Number of H-evaluations       : 51301
   Number of Jacobian-evaluations: 133
   Number of (model) time events : 5
   Number of (U) time events     : 0
   Number of state    events     : 0
   Number of step     events     : 0
   Minimum integration stepsize  : 1.67e-009
   Maximum integration stepsize  : 0.0762
   Maximum integration order     : 5
Calling terminal section
... "dsfinal.txt" creating (final states)
