
Statistics

Original Model
  Number of components: 52
  Variables: 425
  Parameters: 108 (151 scalars)
  Unknowns: 317 (947 scalars)
  Differentiated variables: 23 scalars
  Equations: 284
  Nontrivial: 156
Translated Model
  Constants: 773 scalars
  Free parameters: 31 scalars
  Parameter depending: 55 scalars
  Continuous time states: 8 scalars
  Time-varying variables: 64 scalars
  Alias variables: 175 scalars
  Number of mixed real/discrete systems of equations: 0
  Sizes of linear systems of equations: {2, 3, 2, 3, 25, 2, 2}
  Sizes after manipulation of the linear systems: {2, 3, 2, 3, 9, 2, 2}
  Sizes of nonlinear systems of equations: { }
  Sizes after manipulation of the nonlinear systems: { }
  Number of numerical Jacobians: 0

Settings
Advanced.StoreProtectedVariables = true
Selected continuous time states
Statically selected continuous time states
  wheel1.angles[]
  wheel1.der_angles[]
  wheel1.x
  wheel1.y

Finished

