
Statistics

Original Model
  Number of components: 79
  Variables: 682
  Constants: 21 (21 scalars)
  Parameters: 249 (283 scalars)
  Unknowns: 412 (412 scalars)
  Differentiated variables: 14 scalars
  Equations: 379
  Nontrivial: 307
Translated Model
  Constants: 225 scalars
  Free parameters: 43 scalars
  Parameter depending: 140 scalars
  Continuous time states: 5 scalars
  Time-varying variables: 112 scalars
  Alias variables: 196 scalars
  Number of mixed real/discrete systems of equations: 2
  Sizes of linear systems of equations: {11, 11, 3}
  Sizes after manipulation of the linear systems: {4, 4, 0}
  Sizes of nonlinear systems of equations: { }
  Sizes after manipulation of the nonlinear systems: { }
  Number of numerical Jacobians: 0

Settings
Advanced.StoreProtectedVariables = true
Selected continuous time states
Statically selected continuous time states
  dcpm.inertiaRotor.phi
  dcpm.inertiaRotor.w
  inductor.i
  meanCurrent.x
  meanVoltage.x

Finished

