 = true
TestID: 2018-12-15_230315_Modelica_v3.2.3-rc.2_2019
This is translation 158 of 422
Translation of Modelica.Electrical.PowerConverters.Examples.DCAC.MultiPhaseTwoLevel.MultiPhaseTwoLevel_R:
The DAE has 602 scalar unknowns and 602 scalar equations.
 
Statistics
 
Original Model
  Number of components: 120
  Variables: 958
  Constants: 24 (24 scalars)
  Parameters: 386 (426 scalars)
  Unknowns: 548 (602 scalars)
  Differentiated variables: 12 scalars
  Equations: 434
  Nontrivial: 400
Translated Model
  Constants: 198 scalars
  Free parameters: 105 scalars
  Parameter depending: 168 scalars
  Continuous time states: 12 scalars
  Time-varying variables: 193 scalars
  Alias variables: 388 scalars
  Number of mixed real/discrete systems of equations: 1
  Sizes of linear systems of equations: {39}
  Sizes after manipulation of the linear systems: {12}
  Sizes of nonlinear systems of equations: { }
  Sizes after manipulation of the nonlinear systems: { }
  Number of numerical Jacobians: 0
 
Settings
Advanced.StoreProtectedVariables = true
Selected continuous time states
Statically selected continuous time states
  fundamentalWaveCurrent[1].mean1.x
  fundamentalWaveCurrent[1].mean2.x
  fundamentalWaveCurrent[2].mean1.x
  fundamentalWaveCurrent[2].mean2.x
  fundamentalWaveCurrent[3].mean1.x
  fundamentalWaveCurrent[3].mean2.x
  fundamentalWaveVoltage[1].mean1.x
  fundamentalWaveVoltage[1].mean2.x
  fundamentalWaveVoltage[2].mean1.x
  fundamentalWaveVoltage[2].mean2.x
  fundamentalWaveVoltage[3].mean1.x
  fundamentalWaveVoltage[3].mean2.x
 
Finished
Save translation log