Log-file of program ./dymosim
(generated: Sat Dec 15 23:32:30 2018)

dymosim started
... "dsin.txt" loading (dymosim input file)
... "result.mat" creating (simulation result file)

Integration started at T = 0 using integration method DASSL
(DAE multi-step solver (dassl/dasslrt of Petzold modified by Dynasim))
Integration terminated successfully at T = 0.1
   CPU-time for integration      : 0.207 seconds
   CPU-time for one GRID interval: 0.207 milliseconds
   Number of result points       : 1251
   Number of GRID   points       : 1001
   Number of (successful) steps  : 4700
   Number of F-evaluations       : 9880
   Number of H-evaluations       : 6840
   Number of Jacobian-evaluations: 3393
   Number of (model) time events : 100
   Number of (U) time events     : 0
   Number of state    events     : 100
   Number of step     events     : 0
   Minimum integration stepsize  : 6.12e-010
   Maximum integration stepsize  : 0.000186
   Maximum integration order     : 3
Calling terminal section
... "dsfinal.txt" creating (final states)
