 = true
TestID: 2018-12-15_230315_Modelica_v3.2.3-rc.2_2019
This is translation 163 of 422
Translation of Modelica.Electrical.PowerConverters.Examples.DCDC.HBridge.HBridge_RL:
The DAE has 222 scalar unknowns and 222 scalar equations.
 
Statistics
 
Original Model
  Number of components: 42
  Variables: 361
  Constants: 16 (16 scalars)
  Parameters: 123 (123 scalars)
  Unknowns: 222 (222 scalars)
  Differentiated variables: 3 scalars
  Equations: 227
  Nontrivial: 198
Translated Model
  Constants: 69 scalars
  Free parameters: 29 scalars
  Parameter depending: 57 scalars
  Continuous time states: 3 scalars
  Time-varying variables: 79 scalars
  Alias variables: 127 scalars
  Number of mixed real/discrete systems of equations: 2
  Sizes of linear systems of equations: {11, 11}
  Sizes after manipulation of the linear systems: {4, 4}
  Sizes of nonlinear systems of equations: { }
  Sizes after manipulation of the nonlinear systems: { }
  Number of numerical Jacobians: 0
 
Settings
Advanced.StoreProtectedVariables = true
Selected continuous time states
Statically selected continuous time states
  inductor.i
  meanCurrent.x
  meanVoltage.x
 
Finished
Save translation log