Log-file of program ./dymosim
(generated: Sun Dec 16 00:32:26 2018)

dymosim started
... "dsin.txt" loading (dymosim input file)
... "result.mat" creating (simulation result file)

Integration started at T = 0 using integration method DASSL
(DAE multi-step solver (dassl/dasslrt of Petzold modified by Dynasim))
Integration terminated successfully at T = 2
   CPU-time for integration      : 1.53 seconds
   CPU-time for one GRID interval: 0.0382 milliseconds
   Number of result points       : 40003
   Number of GRID   points       : 40001
   Number of (successful) steps  : 429
   Number of F-evaluations       : 1132
   Number of H-evaluations       : 40429
   Number of Jacobian-evaluations: 60
   Number of (model) time events : 1
   Number of (U) time events     : 0
   Number of state    events     : 0
   Number of step     events     : 0
   Minimum integration stepsize  : 6.59e-012
   Maximum integration stepsize  : 0.108
   Maximum integration order     : 5
Calling terminal section
... "dsfinal.txt" creating (final states)
