
Statistics

Original Model
  Number of components: 83
  Variables: 618
  Constants: 5 (5 scalars)
  Parameters: 234 (234 scalars)
  Unknowns: 379 (379 scalars)
  Differentiated variables: 22 scalars
  Equations: 333
  Nontrivial: 263
Translated Model
  Constants: 197 scalars
  Free parameters: 43 scalars
  Parameter depending: 132 scalars
  Continuous time states: 10 scalars
  Time-varying variables: 47 scalars
  Alias variables: 199 scalars
  Number of mixed real/discrete systems of equations: 0
  Sizes of linear systems of equations: {2}
  Sizes after manipulation of the linear systems: {0}
  Sizes of nonlinear systems of equations: { }
  Sizes after manipulation of the nonlinear systems: { }
  Number of numerical Jacobians: 0

Settings
Advanced.StoreProtectedVariables = true
Selected continuous time states
Statically selected continuous time states
  armatureInverter.iDCFilter.y
  armatureInverter.idealDcDc.deadTime.y
  armatureInverter.idealDcDc.powerController.y
  armatureInverter.iMotFilter.y
  armatureInverter.vDCFilter.y
  armatureInverter.vMotFilter.y
  currentController.integrator.y
  dcpm.la.i
  loadInertia.phi
  loadInertia.w

Finished

