Log-file of program ./dymosim
(generated: Sat Dec 15 23:10:49 2018)

dymosim started
... "dsin.txt" loading (dymosim input file)
... "result.mat" creating (simulation result file)

Integration started at T = 0 using integration method DASSL
(DAE multi-step solver (dassl/dasslrt of Petzold modified by Dynasim))
Integration terminated successfully at T = 6
   CPU-time for integration      : 1.17 seconds
   CPU-time for one GRID interval: 0.0244 milliseconds
   Number of result points       : 48038
   Number of GRID   points       : 48001
   Number of (successful) steps  : 2639
   Number of F-evaluations       : 5904
   Number of H-evaluations       : 50768
   Number of Jacobian-evaluations: 782
   Number of (model) time events : 0
   Number of (U) time events     : 0
   Number of state    events     : 18
   Number of step     events     : 0
   Minimum integration stepsize  : 7.22e-014
   Maximum integration stepsize  : 0.439
   Maximum integration order     : 5
Calling terminal section
... "dsfinal.txt" creating (final states)
