Log-file of program ./dymosim
(generated: Sun Dec 16 00:28:59 2018)

dymosim started
... "dsin.txt" loading (dymosim input file)
... "result.mat" creating (simulation result file)

Integration started at T = 0 using integration method DASSL
(DAE multi-step solver (dassl/dasslrt of Petzold modified by Dynasim))
Integration terminated successfully at T = 1
   CPU-time for integration      : 0.626 seconds
   CPU-time for one GRID interval: 0.0313 milliseconds
   Number of result points       : 20002
   Number of GRID   points       : 20001
   Number of (successful) steps  : 971
   Number of F-evaluations       : 1963
   Number of Jacobian-evaluations: 16
   Number of (model) time events : 0
   Number of (U) time events     : 0
   Number of state    events     : 0
   Number of step     events     : 0
   Minimum integration stepsize  : 1e-008
   Maximum integration stepsize  : 0.00118
   Maximum integration order     : 5
Calling terminal section
... "dsfinal.txt" creating (final states)
