Log-file of program ./dymosim
(generated: Sun Dec 16 00:20:37 2018)

dymosim started
... "dsin.txt" loading (dymosim input file)
... "result.mat" creating (simulation result file)

Integration started at T = 0 using integration method DASSL
(DAE multi-step solver (dassl/dasslrt of Petzold modified by Dynasim))
Integration terminated successfully at T = 10
   CPU-time for integration      : 0.507 seconds
   CPU-time for one GRID interval: 0.0254 milliseconds
   Number of result points       : 20038
   Number of GRID   points       : 20001
   Number of (successful) steps  : 464
   Number of F-evaluations       : 961
   Number of H-evaluations       : 20585
   Number of Jacobian-evaluations: 416
   Number of (model) time events : 2
   Number of (U) time events     : 0
   Number of state    events     : 18
   Number of step     events     : 0
   Minimum integration stepsize  : 2.66e-009
   Maximum integration stepsize  : 0.533
   Maximum integration order     : 2
Calling terminal section
... "dsfinal.txt" creating (final states)
