Log-file of program ./dymosim
(generated: Sun Dec 16 00:36:46 2018)

dymosim started
... "dsin.txt" loading (dymosim input file)
... "result.mat" creating (simulation result file)

Integration started at T = 0 using integration method DASSL
(DAE multi-step solver (dassl/dasslrt of Petzold modified by Dynasim))
Integration terminated successfully at T = 2
   CPU-time for integration      : 1.6 seconds
   CPU-time for one GRID interval: 0.0399 milliseconds
   Number of result points       : 40002
   Number of GRID   points       : 40001
   Number of (successful) steps  : 4756
   Number of F-evaluations       : 15775
   Number of Jacobian-evaluations: 336
   Number of (model) time events : 0
   Number of (U) time events     : 0
   Number of state    events     : 0
   Number of step     events     : 0
   Minimum integration stepsize  : 3.72e-009
   Maximum integration stepsize  : 0.0019
   Maximum integration order     : 5
Calling terminal section
... "dsfinal.txt" creating (final states)
