Log-file of program ./dymosim
(generated: Sat Mar 16 14:52:25 2019)

dymosim started
... "dsin.txt" loading (dymosim input file)
... "SeriesBode.mat" creating (simulation result file)

Integration started at T = 0 using integration method DASSL
(DAE multi-step solver (dassl/dasslrt of Petzold modified by Dassault Systemes))
Integration terminated successfully at T = 1
   CPU-time for integration      : 0.0247 seconds
   CPU-time for one GRID interval: 0.0123 milliseconds
   CPU-time for initialization   : 8.5e-05 seconds
   Number of result points       : 2002
   Number of GRID   points       : 2001
   Number of (successful) steps  : 97
   Number of F-evaluations       : 206
   Number of H-evaluations       : 2097
   Number of Jacobian-evaluations: 20
   Number of (model) time events : 1
   Number of (U) time events     : 0
   Number of state    events     : 0
   Number of step     events     : 0
   Minimum integration stepsize  : 5e-07
   Maximum integration stepsize  : 0.0185
   Maximum integration order     : 5
Calling terminal section
... "dsfinal.txt" creating (final states)
