 = true
Translation of Modelica.Electrical.QuasiStationary.SinglePhase.Examples.SeriesBode:
The DAE has 171 scalar unknowns and 171 scalar equations.
 
Statistics
 
Original Model
  Number of components: 61
  Variables: 194
  Constants: 1 (1 scalars)
  Parameters: 22 (22 scalars)
  Unknowns: 171 (171 scalars)
  Differentiated variables: 5 scalars
  Equations: 128
  Nontrivial: 110
Translated Model
  Constants: 40 scalars
  Free parameters: 10 scalars
  Parameter depending: 4 scalars
  Outputs: 3 scalars
  Continuous time states: 1 scalars
  Time-varying variables: 51 scalars
  Alias variables: 89 scalars
  Number of mixed real/discrete systems of equations: 0
  Sizes of linear systems of equations: {6}
  Sizes after manipulation of the linear systems: {2}
  Sizes of nonlinear systems of equations: { }
  Sizes after manipulation of the nonlinear systems: { }
  Number of numerical Jacobians: 0
  Initialization problem
    Sizes of linear systems of equations: {6}
    Sizes after manipulation of the linear systems: {2}
 
Settings
Advanced.StoreProtectedVariables = true
Selected continuous time states
Statically selected continuous time states
  inductor.pin_p.reference.gamma
 