 = true
Translation of Modelica.Electrical.Analog.Examples.OpAmps.HighPass:
The DAE has 55 scalar unknowns and 55 scalar equations.
 
Statistics
 
Original Model
  Number of components: 9
  Variables: 100
  Parameters: 45 (45 scalars)
  Unknowns: 55 (55 scalars)
  Differentiated variables: 1 scalars
  Equations: 50
  Nontrivial: 39
Translated Model
  Constants: 14 scalars
  Free parameters: 13 scalars
  Parameter depending: 29 scalars
  Continuous time states: 1 scalars
  Time-varying variables: 15 scalars
  Alias variables: 29 scalars
  Number of mixed real/discrete systems of equations: 0
  Sizes of linear systems of equations: { }
  Sizes after manipulation of the linear systems: { }
  Sizes of nonlinear systems of equations: {6, 5}
  Sizes after manipulation of the nonlinear systems: {0, 1}
  Number of numerical Jacobians: 1
  Initialization problem
    Sizes of nonlinear systems of equations: {6}
    Sizes after manipulation of the nonlinear systems: {1}
    Number of numerical Jacobians: 0
 
Settings
Advanced.StoreProtectedVariables = true
Selected continuous time states
Statically selected continuous time states
  c.v
 