Log-file of program ./dymosim
(generated: Sat Dec 15 23:48:05 2018)

dymosim started
... "dsin.txt" loading (dymosim input file)
... "result.mat" creating (simulation result file)

Integration started at T = 0 using integration method DASSL
(DAE multi-step solver (dassl/dasslrt of Petzold modified by Dynasim))
Integration terminated successfully at T = 100
   CPU-time for integration      : 0.56 seconds
   CPU-time for one GRID interval: 0.028 milliseconds
   Number of result points       : 20002
   Number of GRID   points       : 20001
   Number of (successful) steps  : 6077
   Number of F-evaluations       : 12380
   Number of Jacobian-evaluations: 98
   Number of (model) time events : 0
   Number of (U) time events     : 0
   Number of state    events     : 0
   Number of step     events     : 0
   Minimum integration stepsize  : 4.9e-009
   Maximum integration stepsize  : 0.0219
   Maximum integration order     : 5
Calling terminal section
... "dsfinal.txt" creating (final states)
