 = true
Translation of Modelica.Electrical.PowerConverters.Examples.ACDC.RectifierBridge2Pulse.ThyristorBridge2Pulse_RL:
The DAE has 162 scalar unknowns and 162 scalar equations.
 
Statistics
 
Original Model
  Number of components: 38
  Variables: 268
  Constants: 8 (8 scalars)
  Parameters: 99 (99 scalars)
  Unknowns: 161 (162 scalars)
  Differentiated variables: 4 scalars
  Equations: 164
  Nontrivial: 144
Translated Model
  Constants: 50 scalars
  Free parameters: 29 scalars
  Parameter depending: 45 scalars
  Continuous time states: 4 scalars
  Time-varying variables: 49 scalars
  Alias variables: 96 scalars
  Number of mixed real/discrete systems of equations: 2
  Sizes of linear systems of equations: {6, 6}
  Sizes after manipulation of the linear systems: {2, 2}
  Sizes of nonlinear systems of equations: { }
  Sizes after manipulation of the nonlinear systems: { }
  Number of numerical Jacobians: 0
 
Settings
Advanced.StoreProtectedVariables = true
Selected continuous time states
Statically selected continuous time states
  inductor.i
  meanCurrent.x
  meanVoltage.x
  rootMeanSquareVoltage.mean.x
 