Log-file of program ./dymosim
(generated: Mon Mar 16 12:01:19 2020)

dymosim started
... "dsin.txt" loading (dymosim input file)
... "IMC_Conveyor.mat" creating (simulation result file)

Integration started at T = 0 using integration method DASSL
(DAE multi-step solver (dassl/dasslrt of Petzold modified by Dassault Systemes))
Integration terminated successfully at T = 20
   CPU-time for integration                : 28.8 seconds
   CPU-time for one grid interval          : 0.072 milliseconds
   CPU-time for initialization             : 0.001 seconds
   Number of result points                 : 400013
   Number of grid points                   : 400001
   Number of accepted steps                : 25929
   Number of f-evaluations (dynamics)      : 51916
   Number of crossing function evaluations : 425940
   Number of Jacobian-evaluations          : 227
   Number of model time events             : 8
   Number of input time events             : 0
   Number of state events                  : 2
   Number of step events                   : 0
   Minimum integration stepsize            : 1.21e-09
   Maximum integration stepsize            : 0.146
   Maximum integration order               : 5
Calling terminal section
... "dsfinal.txt" creating (final states)
