Log-file of program ./dymosim
(generated: Sun Dec 16 00:33:00 2018)

dymosim started
... "dsin.txt" loading (dymosim input file)
... "result.mat" creating (simulation result file)

Integration started at T = 0 using integration method DASSL
(DAE multi-step solver (dassl/dasslrt of Petzold modified by Dynasim))
Integration terminated successfully at T = 0.1
   CPU-time for integration      : 0.285 seconds
   CPU-time for one GRID interval: 0.0712 milliseconds
   Number of result points       : 4208
   Number of GRID   points       : 4001
   Number of (successful) steps  : 6925
   Number of F-evaluations       : 18251
   Number of H-evaluations       : 12469
   Number of Jacobian-evaluations: 3602
   Number of (model) time events : 100
   Number of (U) time events     : 0
   Number of state    events     : 100
   Number of step     events     : 0
   Minimum integration stepsize  : 9.95e-012
   Maximum integration stepsize  : 8.27e-005
   Maximum integration order     : 5
Calling terminal section
... "dsfinal.txt" creating (final states)
