 = true
TestID: 2018-12-15_230315_Modelica_v3.2.3-rc.2_2019
This is translation 383 of 422
Translation of Modelica.Electrical.PowerConverters.Examples.DCDC.ChopperStepUp.ChopperStepUp_R:
The DAE has 109 scalar unknowns and 109 scalar equations.
 
Statistics
 
Original Model
  Number of components: 24
  Variables: 179
  Constants: 4 (4 scalars)
  Parameters: 66 (66 scalars)
  Unknowns: 109 (109 scalars)
  Differentiated variables: 4 scalars
  Equations: 107
  Nontrivial: 91
Translated Model
  Constants: 36 scalars
  Free parameters: 22 scalars
  Parameter depending: 27 scalars
  Continuous time states: 4 scalars
  Time-varying variables: 35 scalars
  Alias variables: 59 scalars
  Number of mixed real/discrete systems of equations: 1
  Sizes of linear systems of equations: {6}
  Sizes after manipulation of the linear systems: {2}
  Sizes of nonlinear systems of equations: { }
  Sizes after manipulation of the nonlinear systems: { }
  Number of numerical Jacobians: 0
 
Settings
Advanced.StoreProtectedVariables = true
Selected continuous time states
Statically selected continuous time states
  capacitor.v
  inductorSource.i
  meanCurrent.x
  meanVoltage.x
 
Finished
Save translation log