Log-file of program ./dymosim
(generated: Wed Mar 11 18:23:59 2020)

dymosim started
... "dsin.txt" loading (dymosim input file)
... "DCPM_Start.mat" creating (simulation result file)

Integration started at T = 0 using integration method DASSL
(DAE multi-step solver (dassl/dasslrt of Petzold modified by Dassault Systemes))
Integration terminated successfully at T = 2
   CPU-time for integration                : 0.631 seconds
   CPU-time for one grid interval          : 0.0158 milliseconds
   CPU-time for initialization             : 0 seconds
   Number of result points                 : 40003
   Number of grid points                   : 40001
   Number of accepted steps                : 556
   Number of f-evaluations (dynamics)      : 1086
   Number of Jacobian-evaluations          : 79
   Number of model time events             : 3
   Number of input time events             : 0
   Number of state events                  : 0
   Number of step events                   : 0
   Minimum integration stepsize            : 3e-08
   Maximum integration stepsize            : 0.0951
   Maximum integration order               : 5
Calling terminal section
... "dsfinal.txt" creating (final states)
