Log-file of program ./dymosim
(generated: Tue May  5 01:03:02 2020)

dymosim started
... "dsin.txt" loading (dymosim input file)
... "SMEE_DOL.mat" creating (simulation result file)

Integration started at T = 0 using integration method DASSL
(DAE multi-step solver (dassl/dasslrt of Petzold modified by Dassault Systemes))
Integration terminated successfully at T = 3
   CPU-time for integration                : 1.51 seconds
   CPU-time for one grid interval          : 0.0252 milliseconds
   CPU-time for initialization             : 0.001 seconds
   Number of result points                 : 60004
   Number of grid points                   : 60001
   Number of accepted steps                : 2414
   Number of f-evaluations (dynamics)      : 4872
   Number of Jacobian-evaluations          : 138
   Number of model time events             : 3
   Number of input time events             : 0
   Number of state events                  : 0
   Number of step events                   : 0
   Minimum integration stepsize            : 3.17e-13
   Maximum integration stepsize            : 0.0217
   Maximum integration order               : 5
Calling terminal section
... "dsfinal.txt" creating (final states)
