Log-file of program ./dymosim
(generated: Sat Dec 15 23:56:32 2018)

dymosim started
... "dsin.txt" loading (dymosim input file)
... "result.mat" creating (simulation result file)

Integration started at T = 0 using integration method DASSL
(DAE multi-step solver (dassl/dasslrt of Petzold modified by Dynasim))
Integration terminated successfully at T = 3
   CPU-time for integration      : 0.862 seconds
   CPU-time for one GRID interval: 0.172 milliseconds
   Number of result points       : 5005
   Number of GRID   points       : 5001
   Number of (successful) steps  : 577
   Number of F-evaluations       : 1769
   Number of Jacobian-evaluations: 65
   Number of (model) time events : 0
   Number of (U) time events     : 0
   Number of state    events     : 0
   Number of step     events     : 2
   Minimum integration stepsize  : 1.3e-008
   Maximum integration stepsize  : 0.0362
   Maximum integration order     : 5
Calling terminal section
... "dsfinal.txt" creating (final states)
