Log-file of program ./dymosim
(generated: Mon Mar 16 12:03:18 2020)

dymosim started
... "dsin.txt" loading (dymosim input file)
... "IMC_withLosses.mat" creating (simulation result file)

Integration started at T = 0 using integration method DASSL
(DAE multi-step solver (dassl/dasslrt of Petzold modified by Dassault Systemes))
Integration terminated successfully at T = 10
   CPU-time for integration                : 13.2 seconds
   CPU-time for one grid interval          : 0.0662 milliseconds
   CPU-time for initialization             : 0.001 seconds
   Number of result points                 : 200002
   Number of grid points                   : 200001
   Number of accepted steps                : 521
   Number of f-evaluations (dynamics)      : 1099
   Number of Jacobian-evaluations          : 129
   Number of model time events             : 2
   Number of input time events             : 0
   Number of state events                  : 0
   Number of step events                   : 0
   Minimum integration stepsize            : 1.75e-11
   Maximum integration stepsize            : 0.896
   Maximum integration order               : 5
Calling terminal section
... "dsfinal.txt" creating (final states)
