
Statistics

Original Model
  Number of components: 1321
  Variables: 3061
  Constants: 12 (12 scalars)
  Parameters: 499 (660 scalars)
  Unknowns: 2550 (2685 scalars)
  Differentiated variables: 32 scalars
  Equations: 890
  Nontrivial: 744
Translated Model
  Constants: 949 scalars
  Free parameters: 141 scalars
  Parameter depending: 262 scalars
  Outputs: 13 scalars
  Continuous time states: 4 scalars
  Time-varying variables: 478 scalars
  Alias variables: 1527 scalars
  Number of mixed real/discrete systems of equations: 0
  Sizes of linear systems of equations: {62, 7}
  Sizes after manipulation of the linear systems: {16, 0}
  Sizes of nonlinear systems of equations: { }
  Sizes after manipulation of the nonlinear systems: { }
  Number of numerical Jacobians: 0

Settings
Advanced.StoreProtectedVariables = true
Selected continuous time states
Statically selected continuous time states
  imcQS.rotorCage.port_p.reference.gamma
  loadInertiaQS.w
  PIQS.x
  powerSensorQS.flange_a.phi

Finished

