Log-file of program ./dymosim
(generated: Sun Dec 16 00:10:53 2018)

dymosim started
... "dsin.txt" loading (dymosim input file)
... "result.mat" creating (simulation result file)

Integration started at T = 0 using integration method DASSL
(DAE multi-step solver (dassl/dasslrt of Petzold modified by Dynasim))
Integration terminated successfully at T = 1
   CPU-time for integration      : 0.607 seconds
   CPU-time for one GRID interval: 0.121 milliseconds
   Number of result points       : 5002
   Number of GRID   points       : 5001
   Number of (successful) steps  : 117
   Number of F-evaluations       : 297
   Number of H-evaluations       : 5117
   Number of Jacobian-evaluations: 23
   Number of (model) time events : 0
   Number of (U) time events     : 0
   Number of state    events     : 0
   Number of step     events     : 0
   Minimum integration stepsize  : 2.15e-008
   Maximum integration stepsize  : 0.302
   Maximum integration order     : 5
Calling terminal section
... "dsfinal.txt" creating (final states)
