
Statistics

Original Model
  Number of components: 50
  Variables: 640
  Constants: 58 (58 scalars)
  Parameters: 207 (216 scalars)
  Unknowns: 375 (391 scalars)
  Differentiated variables: 14 scalars
  Equations: 276
  Nontrivial: 212
Translated Model
  Constants: 301 scalars
  Free parameters: 24 scalars
  Parameter depending: 69 scalars
  Continuous time states: 6 scalars
  Time-varying variables: 96 scalars
  Alias variables: 175 scalars
  Number of mixed real/discrete systems of equations: 0
  Sizes of linear systems of equations: {2, 2}
  Sizes after manipulation of the linear systems: {0, 0}
  Sizes of nonlinear systems of equations: {9, 9}
  Sizes after manipulation of the nonlinear systems: {1, 1}
  Number of numerical Jacobians: 0
  Initialization problem
    Sizes of linear systems of equations: {2, 2, 2, 2}
    Sizes after manipulation of the linear systems: {0, 0, 0, 0}

Settings
Advanced.StoreProtectedVariables = true
Selected continuous time states
Statically selected continuous time states
  annulus_pipe.mediums[1].h
  annulus_pipe.mediums[2].h
  annulus_pipe.mediums[2].p
  circular_pipe.mediums[1].h
  circular_pipe.mediums[2].h
  circular_pipe.mediums[2].p

Warning: Some variables are iteration variables of the initialization problem:
but they are not given any explicit start values. Zero will be used.
Iteration variables:
<a href="Modelica://Modelica.Fluid.Examples.NonCircularPipes#diagram$der(annulus_pipe.mediums:h)">der(annulus_pipe.mediums[1].h)</a>
<a href="Modelica://Modelica.Fluid.Examples.NonCircularPipes#diagram$der(circular_pipe.mediums:h)">der(circular_pipe.mediums[1].h)</a>
Finished
Error: WARNINGS have been issued.
Error: ERRORS have been issued.

