 = true
Translation of Modelica.Electrical.PowerConverters.Examples.DCDC.HBridge.HBridge_R:
The DAE has 216 scalar unknowns and 216 scalar equations.
 
Statistics
 
Original Model
  Number of components: 41
  Variables: 353
  Constants: 16 (16 scalars)
  Parameters: 121 (121 scalars)
  Unknowns: 216 (216 scalars)
  Differentiated variables: 2 scalars
  Equations: 222
  Nontrivial: 194
Translated Model
  Constants: 69 scalars
  Free parameters: 28 scalars
  Parameter depending: 56 scalars
  Continuous time states: 2 scalars
  Time-varying variables: 76 scalars
  Alias variables: 124 scalars
  Number of mixed real/discrete systems of equations: 1
  Sizes of linear systems of equations: {24}
  Sizes after manipulation of the linear systems: {8}
  Sizes of nonlinear systems of equations: { }
  Sizes after manipulation of the nonlinear systems: { }
  Number of numerical Jacobians: 0
 
Settings
Advanced.StoreProtectedVariables = true
Selected continuous time states
Statically selected continuous time states
  meanCurrent.x
  meanVoltage.x
 