 = true
Translation of Modelica.Magnetic.FundamentalWave.Examples.BasicMachines.SMR_Inverter:
The DAE has 1347 scalar unknowns and 1347 scalar equations.
 
Statistics
 
Original Model
  Number of components: 247
  Variables: 1728
  Constants: 10 (10 scalars)
  Parameters: 497 (575 scalars)
  Unknowns: 1221 (1347 scalars)
  Differentiated variables: 44 scalars
  Equations: 742
  Nontrivial: 594
Translated Model
  Constants: 562 scalars
  Free parameters: 36 scalars
  Parameter depending: 260 scalars
  Continuous time states: 13 scalars
  Time-varying variables: 257 scalars
  Alias variables: 817 scalars
  Number of mixed real/discrete systems of equations: 0
  Sizes of linear systems of equations: {14, 2, 8, 4, 3, 14, 2}
  Sizes after manipulation of the linear systems: {2, 0, 2, 0, 0, 4, 0}
  Sizes of nonlinear systems of equations: { }
  Sizes after manipulation of the nonlinear systems: { }
  Number of numerical Jacobians: 0
  Initialization problem
    Sizes of linear systems of equations: {2, 2}
    Sizes after manipulation of the linear systems: {2, 2}
 
Settings
Advanced.StoreProtectedVariables = true
Selected continuous time states
Statically selected continuous time states
  loadInertiaE.phi
  loadInertiaE.w
  loadInertiaM.phi
  loadInertiaM.w
  smrE.idq_rr[]
  smrE.idq_sr[]
  smrM.rotorCage.electroMagneticConverter.singlePhaseElectroMagneticConverter[1].Phi.re
  smrM.rotorCage.electroMagneticConverter.singlePhaseElectroMagneticConverter[2].Phi.im
  smrM.stator.electroMagneticConverter.singlePhaseElectroMagneticConverter[1].Phi.re
  smrM.stator.electroMagneticConverter.singlePhaseElectroMagneticConverter[2].Phi.im
  vfController.x
 