 = true
TestID: 2018-12-15_230315_Modelica_v3.2.3-rc.2_2019
This is translation 92 of 422
Translation of Modelica.Electrical.Machines.Examples.AsynchronousInductionMachines.AIMC_YD:
The DAE has 592 scalar unknowns and 592 scalar equations.
 
Statistics
 
Original Model
  Number of components: 74
  Variables: 830
  Constants: 18 (18 scalars)
  Parameters: 289 (345 scalars)
  Unknowns: 523 (592 scalars)
  Differentiated variables: 24 scalars
  Equations: 324
  Nontrivial: 259
Translated Model
  Constants: 246 scalars
  Free parameters: 48 scalars
  Parameter depending: 158 scalars
  Continuous time states: 7 scalars
  Time-varying variables: 120 scalars
  Alias variables: 383 scalars
  Number of mixed real/discrete systems of equations: 0
  Sizes of linear systems of equations: {3, 28, 14, 2, 2}
  Sizes after manipulation of the linear systems: {0, 9, 4, 0, 2}
  Sizes of nonlinear systems of equations: { }
  Sizes after manipulation of the nonlinear systems: { }
  Number of numerical Jacobians: 0
  Initialization problem
    Sizes of linear systems of equations: {2}
    Sizes after manipulation of the linear systems: {2}
 
Settings
Advanced.StoreProtectedVariables = true
Selected continuous time states
Statically selected continuous time states
  aimc.i_0_s
  aimc.idq_rr[]
  aimc.idq_sr[]
  loadInertia.phi
  loadInertia.w
 
Finished
Save translation log