Log-file of program ./dymosim
(generated: Sun Dec 16 00:20:07 2018)

dymosim started
... "dsin.txt" loading (dymosim input file)
... "result.mat" creating (simulation result file)

Integration started at T = 0 using integration method DASSL
(DAE multi-step solver (dassl/dasslrt of Petzold modified by Dynasim))
Integration terminated successfully at T = 2
   CPU-time for integration      : 0.115 seconds
   CPU-time for one GRID interval: 0.0288 milliseconds
   Number of result points       : 4012
   Number of GRID   points       : 4001
   Number of (successful) steps  : 241
   Number of F-evaluations       : 915
   Number of H-evaluations       : 4283
   Number of Jacobian-evaluations: 134
   Number of (model) time events : 4
   Number of (U) time events     : 0
   Number of state    events     : 4
   Number of step     events     : 0
   Minimum integration stepsize  : 5e-007
   Maximum integration stepsize  : 0.114
   Maximum integration order     : 5
Calling terminal section
... "dsfinal.txt" creating (final states)
