 = true
Translation of Modelica.Electrical.PowerConverters.Examples.ACAC.SoftStarter:
The DAE has 1192 scalar unknowns and 1192 scalar equations.
 
Statistics
 
Original Model
  Number of components: 260
  Variables: 1664
  Constants: 19 (216 scalars)
  Parameters: 531 (668 scalars)
  Unknowns: 1114 (1192 scalars)
  Differentiated variables: 27 scalars
  Equations: 695
  Nontrivial: 592
Translated Model
  Constants: 735 scalars
  Free parameters: 90 scalars
  Parameter depending: 248 scalars
  Continuous time states: 13 scalars
  Time-varying variables: 264 scalars
  Alias variables: 739 scalars
  Number of mixed real/discrete systems of equations: 3
  Sizes of linear systems of equations: {14, 12, 2, 8, 5, 5, 5, 5}
  Sizes after manipulation of the linear systems: {2, 3, 0, 2, 2, 2, 2, 0}
  Sizes of nonlinear systems of equations: { }
  Sizes after manipulation of the nonlinear systems: { }
  Number of numerical Jacobians: 0
  Initialization problem
    Number of mixed real/discrete systems of equations: 3
    Sizes of linear systems of equations: {2, 4, 4, 4}
    Sizes after manipulation of the linear systems: {2, 2, 2, 2}
 
Settings
Advanced.StoreProtectedVariables = true
Selected continuous time states
Statically selected continuous time states
  filter.x[]
  harmonic.mean1.x
  harmonic.mean2.x
  imc.rotorCage.electroMagneticConverter.singlePhaseElectroMagneticConverter[1].Phi.re
  imc.rotorCage.electroMagneticConverter.singlePhaseElectroMagneticConverter[2].Phi.im
  imc.stator.electroMagneticConverter.singlePhaseElectroMagneticConverter[1].Phi.re
  imc.stator.electroMagneticConverter.singlePhaseElectroMagneticConverter[2].Phi.im
  imc.stator.zeroInductor.i0
  loadInertia.phi
  loadInertia.w
  rootMeanSquare.mean.x
  softStartControl.vRef
 