Log-file of program ./dymosim
(generated: Sun Dec 16 00:34:35 2018)

dymosim started
... "dsin.txt" loading (dymosim input file)
... "result.mat" creating (simulation result file)

Integration started at T = 0 using integration method DASSL
(DAE multi-step solver (dassl/dasslrt of Petzold modified by Dynasim))
Integration terminated successfully at T = 20
   CPU-time for integration      : 19.9 seconds
   CPU-time for one GRID interval: 0.0497 milliseconds
   Number of result points       : 400013
   Number of GRID   points       : 400001
   Number of (successful) steps  : 33970
   Number of F-evaluations       : 69184
   Number of H-evaluations       : 433981
   Number of Jacobian-evaluations: 210
   Number of (model) time events : 8
   Number of (U) time events     : 0
   Number of state    events     : 2
   Number of step     events     : 0
   Minimum integration stepsize  : 9.66e-010
   Maximum integration stepsize  : 0.212
   Maximum integration order     : 5
Calling terminal section
... "dsfinal.txt" creating (final states)
