 = true
Translation of Modelica.Magnetic.QuasiStatic.FundamentalWave.Examples.BasicMachines.InductionMachines.IMC_Initialize:
The DAE has 2952 scalar unknowns and 2952 scalar equations.
 
Statistics
 
Original Model
  Number of components: 1196
  Variables: 3476
  Constants: 13 (13 scalars)
  Parameters: 691 (747 scalars)
  Unknowns: 2772 (2952 scalars)
  Differentiated variables: 53 scalars
  Equations: 1175
  Nontrivial: 980
Translated Model
  Constants: 1099 scalars
  Free parameters: 68 scalars
  Parameter depending: 331 scalars
  Continuous time states: 10 scalars
  Time-varying variables: 553 scalars
  Alias variables: 1661 scalars
  Number of mixed real/discrete systems of equations: 0
  Sizes of linear systems of equations: {18, 12, 8, 5, 14, 57, 2, 2}
  Sizes after manipulation of the linear systems: {10, 3, 2, 2, 2, 16, 0, 0}
  Sizes of nonlinear systems of equations: { }
  Sizes after manipulation of the nonlinear systems: { }
  Number of numerical Jacobians: 0
  Initialization problem
    Sizes of linear systems of equations: {33}
    Sizes after manipulation of the linear systems: {8}
 
Settings
Advanced.StoreProtectedVariables = true
Selected continuous time states
Statically selected continuous time states
  imc.stator.zeroInductor.i0
  imcQS.rotorCage.port_p.reference.gamma
  loadInertia.phi
  loadInertia.w
  loadInertiaQS.phi
  loadInertiaQS.w
 
Dynamically selected continuous time states
There is one set of dynamic state selection.
There are 4 states to be selected from:
  imc.airGap.V_mrr.im
  imc.airGap.V_mrr.re
  imc.airGap.V_msr.im
  imc.airGap.V_msr.re
  imc.rotorCage.electroMagneticConverter.singlePhaseElectroMagneticConverter[1].Phi.re
  imc.rotorCage.electroMagneticConverter.singlePhaseElectroMagneticConverter[2].Phi.im
  imc.stator.electroMagneticConverter.singlePhaseElectroMagneticConverter[1].Phi.re
  imc.stator.electroMagneticConverter.singlePhaseElectroMagneticConverter[2].Phi.im
  imc.stator.port_p.V_m.im
  imc.stator.port_p.V_m.re
 