Log-file of program ./dymosim
(generated: Sat Dec 15 23:15:09 2018)

dymosim started
... "dsin.txt" loading (dymosim input file)
... "result.mat" creating (simulation result file)

Integration started at T = 0 using integration method DASSL
(DAE multi-step solver (dassl/dasslrt of Petzold modified by Dynasim))
Integration terminated successfully at T = 12
   CPU-time for integration      : 0.155 seconds
   CPU-time for one GRID interval: 0.031 milliseconds
   Number of result points       : 5014
   Number of GRID   points       : 5001
   Number of (successful) steps  : 163
   Number of F-evaluations       : 315
   Number of H-evaluations       : 5168
   Number of Jacobian-evaluations: 152
   Number of (model) time events : 7
   Number of (U) time events     : 0
   Number of state    events     : 0
   Number of step     events     : 0
   Minimum integration stepsize  : 8e-007
   Maximum integration stepsize  : 1.68
   Maximum integration order     : 1
Calling terminal section
... "dsfinal.txt" creating (final states)
