
Statistics

Original Model
  Number of components: 83
  Variables: 711
  Parameters: 181 (238 scalars)
  Unknowns: 530 (1516 scalars)
  Differentiated variables: 13 scalars
  Equations: 450
  Nontrivial: 230
Translated Model
  Constants: 1218 scalars
  Free parameters: 50 scalars
  Parameter depending: 81 scalars
  Continuous time states: 12 scalars
  Time-varying variables: 105 scalars
  Alias variables: 300 scalars
  Number of mixed real/discrete systems of equations: 0
  Sizes of linear systems of equations: {4, 3, 3}
  Sizes after manipulation of the linear systems: {4, 3, 3}
  Sizes of nonlinear systems of equations: {4, 35}
  Sizes after manipulation of the nonlinear systems: {4, 3}
  Number of numerical Jacobians: 0
  Initialization problem
    Sizes of nonlinear systems of equations: {4}
    Sizes after manipulation of the nonlinear systems: {4}
    Number of numerical Jacobians: 0

Settings
Advanced.StoreProtectedVariables = true
Selected continuous time states
Statically selected continuous time states
  body1.frame_a.r_0[]
  body1.v_0[]
  body1.w_a[]

Dynamically selected continuous time states
There is one set of dynamic state selection.
There are 3 states to be selected from:
  body1.Q[]

Finished

