
Statistics

Original Model
  Number of components: 119
  Variables: 837
  Parameters: 237 (378 scalars)
  Unknowns: 600 (1750 scalars)
  Differentiated variables: 33 scalars
  Equations: 491
  Nontrivial: 281
Translated Model
  Constants: 1309 scalars
  Free parameters: 60 scalars
  Parameter depending: 115 scalars
  Continuous time states: 8 scalars
  Time-varying variables: 109 scalars
  Alias variables: 535 scalars
  Number of mixed real/discrete systems of equations: 0
  Sizes of linear systems of equations: {2, 14, 2}
  Sizes after manipulation of the linear systems: {2, 4, 2}
  Sizes of nonlinear systems of equations: { }
  Sizes after manipulation of the nonlinear systems: { }
  Number of numerical Jacobians: 0

Settings
Advanced.StoreProtectedVariables = true
Selected continuous time states
Statically selected continuous time states
  inertia2.phi
  inertia2.w
  revolute1.phi
  revolute1.w
  revolute2.phi
  revolute2.w
  revolute3.phi
  revolute3.w

Finished

