
Statistics

Original Model
  Number of components: 14
  Variables: 67
  Parameters: 33 (33 scalars)
  Unknowns: 34 (38 scalars)
  Differentiated variables: 5 scalars
  Equations: 34
  Nontrivial: 30
Translated Model
  Constants: 1 scalars
  Free parameters: 15 scalars
  Parameter depending: 18 scalars
  Outputs: 2 scalars
  Continuous time states: 5 scalars
  Time-varying variables: 19 scalars
  Alias variables: 18 scalars
  Number of mixed real/discrete systems of equations: 0
  Sizes of linear systems of equations: { }
  Sizes after manipulation of the linear systems: { }
  Sizes of nonlinear systems of equations: { }
  Sizes after manipulation of the nonlinear systems: { }
  Number of numerical Jacobians: 0

Settings
Advanced.StoreProtectedVariables = true
Selected continuous time states
Statically selected continuous time states
  mean.mu
  standardDeviation.variance.mu
  standardDeviation.variance.var
  variance.mu
  variance.var

Finished

