Log-file of program ./dymosim
(generated: Sat Dec 15 23:57:58 2018)

dymosim started
... "dsin.txt" loading (dymosim input file)
... "result.mat" creating (simulation result file)

Integration started at T = 0 using integration method DASSL
(DAE multi-step solver (dassl/dasslrt of Petzold modified by Dynasim))
Integration terminated successfully at T = 10
   CPU-time for integration      : 0.162 seconds
   CPU-time for one GRID interval: 0.0324 milliseconds
   Number of result points       : 5002
   Number of GRID   points       : 5001
   Number of (successful) steps  : 467
   Number of F-evaluations       : 963
   Number of Jacobian-evaluations: 26
   Number of (model) time events : 0
   Number of (U) time events     : 0
   Number of state    events     : 0
   Number of step     events     : 0
   Minimum integration stepsize  : 7.23e-010
   Maximum integration stepsize  : 0.0286
   Maximum integration order     : 5
Calling terminal section
... "dsfinal.txt" creating (final states)
