
Statistics

Original Model
  Number of components: 56
  Variables: 439
  Parameters: 116 (169 scalars)
  Unknowns: 323 (951 scalars)
  Differentiated variables: 13 scalars
  Equations: 286
  Nontrivial: 147
Translated Model
  Constants: 830 scalars
  Free parameters: 39 scalars
  Parameter depending: 63 scalars
  Continuous time states: 2 scalars
  Time-varying variables: 29 scalars
  Alias variables: 159 scalars
  Number of mixed real/discrete systems of equations: 0
  Sizes of linear systems of equations: {3}
  Sizes after manipulation of the linear systems: {0}
  Sizes of nonlinear systems of equations: { }
  Sizes after manipulation of the nonlinear systems: { }
  Number of numerical Jacobians: 0

Settings
Advanced.StoreProtectedVariables = true
Selected continuous time states
Statically selected continuous time states
  rev.phi
  rev.w

Finished

