Log-file of program ./dymosim
(generated: Sat Dec 15 23:17:06 2018)

dymosim started
... "dsin.txt" loading (dymosim input file)
... "result.mat" creating (simulation result file)

Integration started at T = 0 using integration method DASSL
(DAE multi-step solver (dassl/dasslrt of Petzold modified by Dynasim))
Integration terminated successfully at T = 1.5
   CPU-time for integration      : 1.78 seconds
   CPU-time for one GRID interval: 0.0592 milliseconds
   Number of result points       : 30004
   Number of GRID   points       : 30001
   Number of (successful) steps  : 2855
   Number of F-evaluations       : 7166
   Number of H-evaluations       : 32855
   Number of Jacobian-evaluations: 168
   Number of (model) time events : 2
   Number of (U) time events     : 0
   Number of state    events     : 0
   Number of step     events     : 0
   Minimum integration stepsize  : 4.58e-013
   Maximum integration stepsize  : 0.0044
   Maximum integration order     : 5
Calling terminal section
... "dsfinal.txt" creating (final states)
