Log-file of program ./dymosim
(generated: Sun Dec 16 00:04:53 2018)

dymosim started
... "dsin.txt" loading (dymosim input file)
... "result.mat" creating (simulation result file)

Integration started at T = 0 using integration method DASSL
(DAE multi-step solver (dassl/dasslrt of Petzold modified by Dynasim))
Integration terminated successfully at T = 5
   CPU-time for integration      : 0.266 seconds
   CPU-time for one GRID interval: 0.0266 milliseconds
   Number of result points       : 10002
   Number of GRID   points       : 10001
   Number of (successful) steps  : 1548
   Number of F-evaluations       : 3155
   Number of Jacobian-evaluations: 22
   Number of (model) time events : 0
   Number of (U) time events     : 0
   Number of state    events     : 0
   Number of step     events     : 0
   Minimum integration stepsize  : 2e-009
   Maximum integration stepsize  : 0.00486
   Maximum integration order     : 5
Calling terminal section
... "dsfinal.txt" creating (final states)
