Log-file of program ./dymosim
(generated: Mon Mar 16 11:02:18 2020)

dymosim started
... "dsin.txt" loading (dymosim input file)
... "Rectifier12pulseFFT.mat" creating (simulation result file)

Integration started at T = 0 using integration method DASSL
(DAE multi-step solver (dassl/dasslrt of Petzold modified by Dassault Systemes))
Integration terminated successfully at T = 2.5
   CPU-time for integration                : 89.2 seconds
   CPU-time for one grid interval          : 1.78 milliseconds
   CPU-time for initialization             : 0.003 seconds
   Number of result points                 : 105206
   Number of grid points                   : 50001
   Number of accepted steps                : 963064
   Number of f-evaluations (dynamics)      : 1310858
   Number of crossing function evaluations : 1033303
   Number of Jacobian-evaluations          : 742281
   Number of model time events             : 49201
   Number of input time events             : 0
   Number of state events                  : 3002
   Number of step events                   : 0
   Minimum integration stepsize            : 6.37e-13
   Maximum integration stepsize            : 0.000115
   Maximum integration order               : 5
Calling terminal section
... FFT result computed at time = 0.23995 s stored on file: C:/Users/tbeu/Documents/Dymola/rectifier12pulseFFTresult.mat
... "dsfinal.txt" creating (final states)
