Log-file of program ./dymosim
(generated: Mon Mar 16 11:57:57 2020)

dymosim started
... "dsin.txt" loading (dymosim input file)
... "SMR_Inverter_MultiPhase.mat" creating (simulation result file)

Integration started at T = 0 using integration method DASSL
(DAE multi-step solver (dassl/dasslrt of Petzold modified by Dassault Systemes))
Integration terminated successfully at T = 1.5
   CPU-time for integration                : 0.981 seconds
   CPU-time for one grid interval          : 0.0327 milliseconds
   CPU-time for initialization             : 0 seconds
   Number of result points                 : 30003
   Number of grid points                   : 30001
   Number of accepted steps                : 3810
   Number of f-evaluations (dynamics)      : 7585
   Number of crossing function evaluations : 33810
   Number of Jacobian-evaluations          : 54
   Number of model time events             : 2
   Number of input time events             : 0
   Number of state events                  : 0
   Number of step events                   : 0
   Minimum integration stepsize            : 9.39e-10
   Maximum integration stepsize            : 0.00233
   Maximum integration order               : 5
Calling terminal section
... "dsfinal.txt" creating (final states)
