 = true
Translation of Modelica.Magnetic.FundamentalWave.Examples.BasicMachines.SMR_Inverter_MultiPhase:
The DAE has 1854 scalar unknowns and 1854 scalar equations.
 
Statistics
 
Original Model
  Number of components: 382
  Variables: 2295
  Constants: 8 (8 scalars)
  Parameters: 571 (649 scalars)
  Unknowns: 1716 (1854 scalars)
  Differentiated variables: 42 scalars
  Equations: 939
  Nontrivial: 770
Translated Model
  Constants: 644 scalars
  Free parameters: 34 scalars
  Parameter depending: 300 scalars
  Continuous time states: 14 scalars
  Time-varying variables: 356 scalars
  Alias variables: 1177 scalars
  Number of mixed real/discrete systems of equations: 0
  Sizes of linear systems of equations: {14, 25, 2, 14, 2, 8, 4}
  Sizes after manipulation of the linear systems: {2, 5, 0, 2, 0, 2, 0}
  Sizes of nonlinear systems of equations: { }
  Sizes after manipulation of the nonlinear systems: { }
  Number of numerical Jacobians: 0
  Initialization problem
    Sizes of linear systems of equations: {12, 2, 2}
    Sizes after manipulation of the linear systems: {3, 2, 2}
 
Settings
Advanced.StoreProtectedVariables = true
Selected continuous time states
Statically selected continuous time states
  loadInertia3.phi
  loadInertia3.w
  loadInertiaM.phi
  loadInertiaM.w
  smr3.rotorCage.electroMagneticConverter.singlePhaseElectroMagneticConverter[1].Phi.re
  smr3.rotorCage.electroMagneticConverter.singlePhaseElectroMagneticConverter[2].Phi.im
  smr3.stator.electroMagneticConverter.singlePhaseElectroMagneticConverter[1].Phi.re
  smr3.stator.electroMagneticConverter.singlePhaseElectroMagneticConverter[2].Phi.im
  smrM.rotorCage.electroMagneticConverter.singlePhaseElectroMagneticConverter[1].Phi.re
  smrM.rotorCage.electroMagneticConverter.singlePhaseElectroMagneticConverter[2].Phi.im
  smrM.stator.electroMagneticConverter.singlePhaseElectroMagneticConverter[1].Phi.re
  smrM.stator.electroMagneticConverter.singlePhaseElectroMagneticConverter[2].Phi.im
  vfController3.x
  vfControllerM.x
 