Log-file of program ./dymosim
(generated: Sat Dec 15 23:23:28 2018)

dymosim started
... "dsin.txt" loading (dymosim input file)
... "result.mat" creating (simulation result file)

Integration started at T = 0 using integration method DASSL
(DAE multi-step solver (dassl/dasslrt of Petzold modified by Dynasim))
Integration terminated successfully at T = 0.1
   CPU-time for integration      : 0.208 seconds
   CPU-time for one GRID interval: 0.104 milliseconds
   Number of result points       : 2122
   Number of GRID   points       : 2001
   Number of (successful) steps  : 4840
   Number of F-evaluations       : 14030
   Number of H-evaluations       : 7338
   Number of Jacobian-evaluations: 1198
   Number of (model) time events : 0
   Number of (U) time events     : 0
   Number of state    events     : 60
   Number of step     events     : 0
   Minimum integration stepsize  : 5.69e-014
   Maximum integration stepsize  : 8.54e-005
   Maximum integration order     : 5
Calling terminal section
... "dsfinal.txt" creating (final states)
