Log-file of program ./dymosim
(generated: Wed Mar 11 18:39:06 2020)

dymosim started
... "dsin.txt" loading (dymosim input file)
... "Dimmer_R.mat" creating (simulation result file)

Integration started at T = 0 using integration method DASSL
(DAE multi-step solver (dassl/dasslrt of Petzold modified by Dassault Systemes))
Integration terminated successfully at T = 8
   CPU-time for integration                : 3.68 seconds
   CPU-time for one grid interval          : 0.023 milliseconds
   CPU-time for initialization             : 0.001 seconds
   Number of result points                 : 164034
   Number of grid points                   : 160001
   Number of accepted steps                : 90289
   Number of f-evaluations (dynamics)      : 160326
   Number of crossing function evaluations : 263167
   Number of Jacobian-evaluations          : 25980
   Number of model time events             : 400
   Number of input time events             : 0
   Number of state events                  : 2171
   Number of step events                   : 0
   Minimum integration stepsize            : 2.64e-15
   Maximum integration stepsize            : 0.000268
   Maximum integration order               : 5
Calling terminal section
... "dsfinal.txt" creating (final states)
