
Statistics

Original Model
  Number of components: 60
  Variables: 393
  Constants: 7 (204 scalars)
  Parameters: 195 (298 scalars)
  Unknowns: 191 (197 scalars)
  Differentiated variables: 10 scalars
  Equations: 200
  Nontrivial: 181
Translated Model
  Constants: 380 scalars
  Free parameters: 54 scalars
  Parameter depending: 78 scalars
  Continuous time states: 10 scalars
  Time-varying variables: 65 scalars
  Alias variables: 122 scalars
  Number of mixed real/discrete systems of equations: 1
  Sizes of linear systems of equations: {8}
  Sizes after manipulation of the linear systems: {2}
  Sizes of nonlinear systems of equations: { }
  Sizes after manipulation of the nonlinear systems: { }
  Number of numerical Jacobians: 0

Settings
Advanced.StoreProtectedVariables = true
Selected continuous time states
Statically selected continuous time states
  adaptor.filter[1].firstOrder.y
  adaptor.filter[1].transferFunction[1].x_scaled[]
  adaptor.filter[1].transferFunction[2].x_scaled[]
  iH01.mean1.x
  iH01.mean2.x
  iRMS.mean.x
  meanPower.x
  vH01.mean1.x
  vH01.mean2.x
  vRMS.mean.x

Finished

