Log-file of program ./dymosim
(generated: Sat Dec 15 23:30:26 2018)

dymosim started
... "dsin.txt" loading (dymosim input file)
... "result.mat" creating (simulation result file)

Integration started at T = 0 using integration method DASSL
(DAE multi-step solver (dassl/dasslrt of Petzold modified by Dynasim))
Integration terminated successfully at T = 0.1
   CPU-time for integration      : 0.074 seconds
   CPU-time for one GRID interval: 0.074 milliseconds
   Number of result points       : 1172
   Number of GRID   points       : 1001
   Number of (successful) steps  : 2401
   Number of F-evaluations       : 4982
   Number of H-evaluations       : 3805
   Number of Jacobian-evaluations: 1291
   Number of (model) time events : 30
   Number of (U) time events     : 0
   Number of state    events     : 61
   Number of step     events     : 0
   Minimum integration stepsize  : 1.38e-012
   Maximum integration stepsize  : 0.000259
   Maximum integration order     : 5
Calling terminal section
... "dsfinal.txt" creating (final states)
