 = true
Translation of Modelica.Electrical.PowerConverters.Examples.ACDC.RectifierCenterTap2mPulse.DiodeCenterTap2mPulse:
The DAE has 264 scalar unknowns and 264 scalar equations.
 
Statistics
 
Original Model
  Number of components: 37
  Variables: 416
  Constants: 12 (12 scalars)
  Parameters: 163 (199 scalars)
  Unknowns: 241 (264 scalars)
  Differentiated variables: 3 scalars
  Equations: 161
  Nontrivial: 135
Translated Model
  Constants: 99 scalars
  Free parameters: 30 scalars
  Parameter depending: 107 scalars
  Continuous time states: 3 scalars
  Time-varying variables: 66 scalars
  Alias variables: 173 scalars
  Number of mixed real/discrete systems of equations: 1
  Sizes of linear systems of equations: {22}
  Sizes after manipulation of the linear systems: {6}
  Sizes of nonlinear systems of equations: { }
  Sizes after manipulation of the nonlinear systems: { }
  Number of numerical Jacobians: 0
 
Settings
Advanced.StoreProtectedVariables = true
Selected continuous time states
Statically selected continuous time states
  meanCurrent.x
  meanVoltage.x
  rootMeanSquareVoltage.mean.x
 