Log-file of program ./dymosim
(generated: Sat Dec 15 23:24:20 2018)

dymosim started
... "dsin.txt" loading (dymosim input file)
... "result.mat" creating (simulation result file)

Integration started at T = 0 using integration method DASSL
(DAE multi-step solver (dassl/dasslrt of Petzold modified by Dynasim))
Integration terminated successfully at T = 0.1
   CPU-time for integration      : 0.99 seconds
   CPU-time for one GRID interval: 0.0495 milliseconds
   Number of result points       : 20122
   Number of GRID   points       : 20001
   Number of (successful) steps  : 3534
   Number of F-evaluations       : 11185
   Number of H-evaluations       : 24001
   Number of Jacobian-evaluations: 1119
   Number of (model) time events : 0
   Number of (U) time events     : 0
   Number of state    events     : 60
   Number of step     events     : 0
   Minimum integration stepsize  : 2.73e-012
   Maximum integration stepsize  : 0.000162
   Maximum integration order     : 5
Calling terminal section
... "dsfinal.txt" creating (final states)
