Log-file of program ./dymosim
(generated: Sat Dec 15 23:04:56 2018)

dymosim started
... "dsin.txt" loading (dymosim input file)
... "result.mat" creating (simulation result file)

Integration started at T = 0 using integration method DASSL
(DAE multi-step solver (dassl/dasslrt of Petzold modified by Dynasim))
Integration terminated successfully at T = 10
   CPU-time for integration      : 0.125 seconds
   CPU-time for one GRID interval: 0.025 milliseconds
   Number of result points       : 5011
   Number of GRID   points       : 5001
   Number of (successful) steps  : 190
   Number of F-evaluations       : 370
   Number of H-evaluations       : 5190
   Number of Jacobian-evaluations: 180
   Number of (model) time events : 9
   Number of (U) time events     : 0
   Number of state    events     : 0
   Number of step     events     : 0
   Minimum integration stepsize  : 2e-006
   Maximum integration stepsize  : 0.476
   Maximum integration order     : 1
Calling terminal section
... "dsfinal.txt" creating (final states)
