Log-file of program ./dymosim
(generated: Sun Dec 16 00:35:36 2018)

dymosim started
... "dsin.txt" loading (dymosim input file)
... "result.mat" creating (simulation result file)

Integration started at T = 0 using integration method DASSL
(DAE multi-step solver (dassl/dasslrt of Petzold modified by Dynasim))
Integration terminated successfully at T = 1
   CPU-time for integration      : 1.06 seconds
   CPU-time for one GRID interval: 0.0529 milliseconds
   Number of result points       : 20005
   Number of GRID   points       : 20001
   Number of (successful) steps  : 5233
   Number of F-evaluations       : 12547
   Number of H-evaluations       : 25239
   Number of Jacobian-evaluations: 224
   Number of (model) time events : 1
   Number of (U) time events     : 0
   Number of state    events     : 1
   Number of step     events     : 0
   Minimum integration stepsize  : 1.89e-011
   Maximum integration stepsize  : 0.00119
   Maximum integration order     : 5
Calling terminal section
... "dsfinal.txt" creating (final states)
