
Statistics

Original Model
  Number of components: 425
  Variables: 2705
  Constants: 23 (23 scalars)
  Parameters: 708 (840 scalars)
  Unknowns: 1974 (2135 scalars)
  Differentiated variables: 50 scalars
  Equations: 1065
  Nontrivial: 873
Translated Model
  Constants: 734 scalars
  Free parameters: 55 scalars
  Parameter depending: 407 scalars
  Continuous time states: 12 scalars
  Time-varying variables: 431 scalars
  Alias variables: 1371 scalars
  Number of mixed real/discrete systems of equations: 0
  Sizes of linear systems of equations: {14, 20, 35, 2, 14, 12, 8, 4, 2}
  Sizes after manipulation of the linear systems: {2, 5, 7, 0, 2, 3, 2, 0, 0}
  Sizes of nonlinear systems of equations: { }
  Sizes after manipulation of the nonlinear systems: { }
  Number of numerical Jacobians: 0
  Initialization problem
    Sizes of linear systems of equations: {18, 2, 2, 2, 2}
    Sizes after manipulation of the linear systems: {5, 0, 0, 2, 2}

Settings
Advanced.StoreProtectedVariables = true
Selected continuous time states
Statically selected continuous time states
  aimc3.rotorCage.electroMagneticConverter.singlePhaseElectroMagneticConverter[1].Phi.re
  aimc3.rotorCage.electroMagneticConverter.singlePhaseElectroMagneticConverter[2].Phi.im
  aimc3.stator.electroMagneticConverter.singlePhaseElectroMagneticConverter[1].Phi.re
  aimc3.stator.electroMagneticConverter.singlePhaseElectroMagneticConverter[2].Phi.im
  aimcM.rotorCage.electroMagneticConverter.singlePhaseElectroMagneticConverter[1].Phi.re
  aimcM.rotorCage.electroMagneticConverter.singlePhaseElectroMagneticConverter[2].Phi.im
  aimcM.stator.electroMagneticConverter.singlePhaseElectroMagneticConverter[1].Phi.re
  aimcM.stator.electroMagneticConverter.singlePhaseElectroMagneticConverter[2].Phi.im
  loadInertia3.phi
  loadInertia3.w
  loadInertiaM.phi
  loadInertiaM.w

Finished

