Log-file of program ./dymosim
(generated: Sat Dec 15 23:04:02 2018)

dymosim started
... "dsin.txt" loading (dymosim input file)
... "result.mat" creating (simulation result file)

Integration started at T = 0 using integration method DASSL
(DAE multi-step solver (dassl/dasslrt of Petzold modified by Dynasim))
Integration terminated successfully at T = 4
   CPU-time for integration      : 0.094 seconds
   CPU-time for one GRID interval: 0.0188 milliseconds
   Number of result points       : 5003
   Number of GRID   points       : 5001
   Number of (successful) steps  : 113
   Number of F-evaluations       : 273
   Number of Jacobian-evaluations: 39
   Number of (model) time events : 1
   Number of (U) time events     : 0
   Number of state    events     : 0
   Number of step     events     : 0
   Minimum integration stepsize  : 2.22e-007
   Maximum integration stepsize  : 0.419
   Maximum integration order     : 5
Calling terminal section
... "dsfinal.txt" creating (final states)
