Log-file of program ./dymosim
(generated: Mon Mar 16 12:34:02 2020)

dymosim started
... "dsin.txt" loading (dymosim input file)
... "InverseIncompressible_sh_T.mat" creating (simulation result file)

Integration started at T = 0 using integration method DASSL
(DAE multi-step solver (dassl/dasslrt of Petzold modified by Dassault Systemes))
Integration terminated successfully at T = 1
   CPU-time for integration                : 0.555 seconds
   CPU-time for one grid interval          : 0.111 milliseconds
   CPU-time for initialization             : 0.001 seconds
   Number of result points                 : 5002
   Number of grid points                   : 5001
   Number of accepted steps                : 24
   Number of f-evaluations (dynamics)      : 24
   Number of Jacobian-evaluations          : 23
   Number of model time events             : 1
   Number of input time events             : 0
   Number of state events                  : 0
   Number of step events                   : 0
   Minimum integration stepsize            : 1.19e-07
   Maximum integration stepsize            : 0.499
   Maximum integration order               : 1
Calling terminal section
... "dsfinal.txt" creating (final states)
