Log-file of program ./dymosim
(generated: Wed Mar 11 19:02:51 2020)

dymosim started
... "dsin.txt" loading (dymosim input file)
... "SMR_Inverter.mat" creating (simulation result file)

Integration started at T = 0 using integration method DASSL
(DAE multi-step solver (dassl/dasslrt of Petzold modified by Dassault Systemes))
Integration terminated successfully at T = 1.5
   CPU-time for integration                : 0.894 seconds
   CPU-time for one grid interval          : 0.0298 milliseconds
   CPU-time for initialization             : 0.001 seconds
   Number of result points                 : 30003
   Number of grid points                   : 30001
   Number of accepted steps                : 3412
   Number of f-evaluations (dynamics)      : 6806
   Number of crossing function evaluations : 33412
   Number of Jacobian-evaluations          : 57
   Number of model time events             : 2
   Number of input time events             : 0
   Number of state events                  : 0
   Number of step events                   : 0
   Minimum integration stepsize            : 1.11e-09
   Maximum integration stepsize            : 0.00185
   Maximum integration order               : 5
Calling terminal section
... "dsfinal.txt" creating (final states)
