 = true
Translation of Modelica.Electrical.Machines.Examples.SynchronousInductionMachines.SMPM_VoltageSource:
The DAE has 745 scalar unknowns and 745 scalar equations.
 
Statistics
 
Original Model
  Number of components: 114
  Variables: 976
  Constants: 11 (11 scalars)
  Parameters: 327 (410 scalars)
  Unknowns: 638 (745 scalars)
  Differentiated variables: 25 scalars
  Equations: 421
  Nontrivial: 326
Translated Model
  Constants: 417 scalars
  Free parameters: 34 scalars
  Parameter depending: 156 scalars
  Continuous time states: 6 scalars
  Time-varying variables: 120 scalars
  Alias variables: 439 scalars
  Number of mixed real/discrete systems of equations: 0
  Sizes of linear systems of equations: {3, 10, 2}
  Sizes after manipulation of the linear systems: {2, 2, 0}
  Sizes of nonlinear systems of equations: { }
  Sizes after manipulation of the nonlinear systems: { }
  Number of numerical Jacobians: 0
  Initialization problem
    Sizes of linear systems of equations: {2}
    Sizes after manipulation of the linear systems: {2}
 
Settings
Advanced.StoreProtectedVariables = true
Selected continuous time states
Statically selected continuous time states
  inertiaLoad.phi
  inertiaLoad.w
  smpm.idq_sr[]
  voltageController.PI_d.x
  voltageController.PI_q.x
 