Log-file of program ./dymosim
(generated: Sat Dec 15 23:31:36 2018)

dymosim started
... "dsin.txt" loading (dymosim input file)
... "result.mat" creating (simulation result file)

Integration started at T = 0 using integration method DASSL
(DAE multi-step solver (dassl/dasslrt of Petzold modified by Dynasim))
Integration terminated successfully at T = 0.1
   CPU-time for integration      : 0.408 seconds
   CPU-time for one GRID interval: 0.408 milliseconds
   Number of result points       : 1304
   Number of GRID   points       : 1001
   Number of (successful) steps  : 9092
   Number of F-evaluations       : 18741
   Number of H-evaluations       : 10947
   Number of Jacobian-evaluations: 2578
   Number of (model) time events : 100
   Number of (U) time events     : 0
   Number of state    events     : 108
   Number of step     events     : 0
   Minimum integration stepsize  : 1.21e-009
   Maximum integration stepsize  : 2.26e-005
   Maximum integration order     : 5
Calling terminal section
... "dsfinal.txt" creating (final states)
