Log-file of program ./dymosim
(generated: Sat Dec 15 23:46:51 2018)

dymosim started
... "dsin.txt" loading (dymosim input file)
... "result.mat" creating (simulation result file)

Integration started at T = 0 using integration method DASSL
(DAE multi-step solver (dassl/dasslrt of Petzold modified by Dynasim))
Integration terminated successfully at T = 0.05
   CPU-time for integration      : 6.98 seconds
   CPU-time for one GRID interval: 1.4 milliseconds
   Number of result points       : 5545
   Number of GRID   points       : 5001
   Number of (successful) steps  : 11496
   Number of F-evaluations       : 66822
   Number of H-evaluations       : 16565
   Number of Jacobian-evaluations: 8464
   Number of (model) time events : 514
   Number of (U) time events     : 0
   Number of state    events     : 8
   Number of step     events     : 0
   Minimum integration stepsize  : 1.74e-013
   Maximum integration stepsize  : 6.58e-005
   Maximum integration order     : 5
Calling terminal section
... "dsfinal.txt" creating (final states)
