
Statistics

Original Model
  Number of components: 126
  Variables: 955
  Parameters: 274 (445 scalars)
  Unknowns: 681 (1959 scalars)
  Differentiated variables: 53 scalars
  Equations: 560
  Nontrivial: 329
Translated Model
  Constants: 1367 scalars
  Free parameters: 88 scalars
  Parameter depending: 132 scalars
  Continuous time states: 7 scalars
  Time-varying variables: 192 scalars
  Alias variables: 625 scalars
  Number of mixed real/discrete systems of equations: 0
  Sizes of linear systems of equations: {2, 17, 2, 2, 70, 2}
  Sizes after manipulation of the linear systems: {2, 0, 2, 2, 6, 2}
  Sizes of nonlinear systems of equations: { }
  Sizes after manipulation of the nonlinear systems: { }
  Number of numerical Jacobians: 0

Settings
Advanced.StoreProtectedVariables = true
Selected continuous time states
Statically selected continuous time states
  wheelSet.der_theta1
  wheelSet.der_theta2
  wheelSet.phi
  wheelSet.theta1
  wheelSet.theta2
  wheelSet.x
  wheelSet.y

Finished

