
Statistics

Original Model
  Number of components: 99
  Variables: 750
  Parameters: 244 (422 scalars)
  Unknowns: 506 (1511 scalars)
  Differentiated variables: 40 scalars
  Equations: 450
  Nontrivial: 248
Translated Model
  Constants: 1349 scalars
  Free parameters: 52 scalars
  Parameter depending: 177 scalars
  Continuous time states: 4 scalars
  Time-varying variables: 70 scalars
  Alias variables: 285 scalars
  Number of mixed real/discrete systems of equations: 0
  Sizes of linear systems of equations: {11}
  Sizes after manipulation of the linear systems: {2}
  Sizes of nonlinear systems of equations: { }
  Sizes after manipulation of the nonlinear systems: { }
  Number of numerical Jacobians: 0
  Initialization problem
    Sizes of linear systems of equations: {4}
    Sizes after manipulation of the linear systems: {2}
    Sizes of nonlinear systems of equations: {12}
    Sizes after manipulation of the nonlinear systems: {2}
    Number of numerical Jacobians: 0

Settings
Advanced.StoreProtectedVariables = true
Selected continuous time states
Statically selected continuous time states
  revolute1.phi
  revolute1.w
  revolute2.phi
  revolute2.w

Finished

