 = true
Translation of Modelica.Magnetic.QuasiStatic.FundamentalWave.Examples.BasicMachines.SynchronousMachines.SMR_CurrentSource:
The DAE has 3512 scalar unknowns and 3512 scalar equations.
 
Statistics
 
Original Model
  Number of components: 1416
  Variables: 3975
  Constants: 11 (11 scalars)
  Parameters: 686 (741 scalars)
  Unknowns: 3278 (3512 scalars)
  Differentiated variables: 53 scalars
  Equations: 1367
  Nontrivial: 1139
Translated Model
  Constants: 1706 scalars
  Free parameters: 72 scalars
  Parameter depending: 237 scalars
  Continuous time states: 4 scalars
  Time-varying variables: 539 scalars
  Alias variables: 1710 scalars
  Number of mixed real/discrete systems of equations: 0
  Sizes of linear systems of equations: {2, 2, 46, 2, 2}
  Sizes after manipulation of the linear systems: {2, 0, 10, 0, 2}
  Sizes of nonlinear systems of equations: { }
  Sizes after manipulation of the nonlinear systems: { }
  Number of numerical Jacobians: 0
 
Settings
Advanced.StoreProtectedVariables = true
Selected continuous time states
Statically selected continuous time states
  inertiaLoad.phi
  inertiaLoad.w
  inertiaLoadQS.phi
  inertiaLoadQS.w
 