Log-file of program ./dymosim
(generated: Sun Dec 16 00:05:57 2018)

dymosim started
... "dsin.txt" loading (dymosim input file)
... "result.mat" creating (simulation result file)

Integration started at T = 0 using integration method DASSL
(DAE multi-step solver (dassl/dasslrt of Petzold modified by Dynasim))
Integration terminated successfully at T = 2
   CPU-time for integration      : 0.123 seconds
   CPU-time for one GRID interval: 0.0308 milliseconds
   Number of result points       : 4004
   Number of GRID   points       : 4001
   Number of (successful) steps  : 60
   Number of F-evaluations       : 115
   Number of H-evaluations       : 4074
   Number of Jacobian-evaluations: 55
   Number of (model) time events : 1
   Number of (U) time events     : 0
   Number of state    events     : 1
   Number of step     events     : 0
   Minimum integration stepsize  : 5e-007
   Maximum integration stepsize  : 0.524
   Maximum integration order     : 2
Calling terminal section
... "dsfinal.txt" creating (final states)
