Log-file of program ./dymosim
(generated: Sat Dec 15 23:19:13 2018)

dymosim started
... "dsin.txt" loading (dymosim input file)
... "result.mat" creating (simulation result file)

Integration started at T = 0 using integration method DASSL
(DAE multi-step solver (dassl/dasslrt of Petzold modified by Dynasim))
Integration terminated successfully at T = 1.5
   CPU-time for integration      : 1.72 seconds
   CPU-time for one GRID interval: 0.0573 milliseconds
   Number of result points       : 30003
   Number of GRID   points       : 30001
   Number of (successful) steps  : 1675
   Number of F-evaluations       : 3790
   Number of H-evaluations       : 31675
   Number of Jacobian-evaluations: 61
   Number of (model) time events : 2
   Number of (U) time events     : 0
   Number of state    events     : 0
   Number of step     events     : 0
   Minimum integration stepsize  : 1.06e-009
   Maximum integration stepsize  : 0.00326
   Maximum integration order     : 5
Calling terminal section
... "dsfinal.txt" creating (final states)
