 = true
TestID: 2018-12-15_230315_Modelica_v3.2.3-rc.2_2019
This is translation 242 of 422
Translation of Modelica.Mechanics.MultiBody.Examples.Loops.Engine1b:
The DAE has 3139 scalar unknowns and 3139 scalar equations.
 
Statistics
 
Original Model
  Number of components: 157
  Variables: 1666
  Constants: 4 (4 scalars)
  Parameters: 573 (1127 scalars)
  Unknowns: 1089 (3139 scalars)
  Differentiated variables: 100 scalars
  Equations: 946
  Nontrivial: 621
Translated Model
  Constants: 2721 scalars
  Free parameters: 112 scalars
  Parameter depending: 566 scalars
  Continuous time states: 2 scalars
  Time-varying variables: 196 scalars
  Alias variables: 675 scalars
  Number of mixed real/discrete systems of equations: 0
  Sizes of linear systems of equations: {3, 43}
  Sizes after manipulation of the linear systems: {0, 3}
  Sizes of nonlinear systems of equations: {3}
  Sizes after manipulation of the nonlinear systems: {1}
  Number of numerical Jacobians: 0
 
Settings
Advanced.StoreProtectedVariables = true
Selected continuous time states
Statically selected continuous time states
  Inertia.phi
  Inertia.w
 
Finished
Save translation log