Log-file of program ./dymosim
(generated: Sat Dec 15 23:11:11 2018)

dymosim started
... "dsin.txt" loading (dymosim input file)
... "result.mat" creating (simulation result file)

Integration started at T = 0 using integration method DASSL
(DAE multi-step solver (dassl/dasslrt of Petzold modified by Dynasim))
Integration terminated successfully at T = 2
   CPU-time for integration      : 0.274 seconds
   CPU-time for one GRID interval: 0.0548 milliseconds
   Number of result points       : 5050
   Number of GRID   points       : 5001
   Number of (successful) steps  : 819
   Number of F-evaluations       : 1764
   Number of H-evaluations       : 5932
   Number of Jacobian-evaluations: 514
   Number of (model) time events : 16
   Number of (U) time events     : 0
   Number of state    events     : 16
   Number of step     events     : 0
   Minimum integration stepsize  : 2.17e-008
   Maximum integration stepsize  : 0.0262
   Maximum integration order     : 5
Calling terminal section
... "dsfinal.txt" creating (final states)
