Log-file of program ./dymosim
(generated: Mon Mar 18 23:59:33 2024)

dymosim started
... "Modelica.Electrical.Machines.Examples.InductionMachines.IMC_InverterDrive" simulating
... "dsin.txt" loading (dymosim input file)
... "result.mat" creating (simulation result file)

Integration started at T = 0 using integration method DASSL
(DAE multi-step solver (dassl/dasslrt of Petzold modified by Dassault Systemes))

Integration terminated successfully at T = 1.5
   CPU-time for integration                : 23.6 seconds
   CPU-time for one grid interval          : 0.394 milliseconds
   CPU-time for initialization             : 0 seconds
   Number of result points                 : 101629
   Number of grid points                   : 60001
   Number of accepted steps                : 530512
   Number of f-evaluations (dynamics)      : 744301
   Number of crossing function evaluations : 618057
   Number of Jacobian-evaluations          : 378310
   Number of model time events             : 20903
   Number of input time events             : 0
   Number of state events                  : 1443
   Number of step events                   : 0
   Minimum integration stepsize            : 2.23e-18
   Maximum integration stepsize            : 0.000102
   Maximum integration order               : 5
Calling terminal section
... "dsfinal.txt" creating (final states)

SUCCESSFUL simulation of Modelica.Electrical.Machines.Examples.InductionMachines.IMC_InverterDrive
