Log-file of program ./dymosim
(generated: Mon Mar 16 11:18:24 2020)

dymosim started
... "dsin.txt" loading (dymosim input file)
... "AIMC_Conveyor.mat" creating (simulation result file)

Integration started at T = 0 using integration method DASSL
(DAE multi-step solver (dassl/dasslrt of Petzold modified by Dassault Systemes))
Integration terminated successfully at T = 20
   CPU-time for integration                : 8.9 seconds
   CPU-time for one grid interval          : 0.0222 milliseconds
   CPU-time for initialization             : 0.001 seconds
   Number of result points                 : 400013
   Number of grid points                   : 400001
   Number of accepted steps                : 5463
   Number of f-evaluations (dynamics)      : 11584
   Number of crossing function evaluations : 405474
   Number of Jacobian-evaluations          : 524
   Number of model time events             : 8
   Number of input time events             : 0
   Number of state events                  : 2
   Number of step events                   : 0
   Minimum integration stepsize            : 8.95e-10
   Maximum integration stepsize            : 0.121
   Maximum integration order               : 5
Calling terminal section
... "dsfinal.txt" creating (final states)
