
Statistics

Original Model
  Number of components: 74
  Variables: 617
  Parameters: 178 (259 scalars)
  Unknowns: 439 (1275 scalars)
  Differentiated variables: 19 scalars
  Equations: 375
  Nontrivial: 192
Translated Model
  Constants: 1095 scalars
  Free parameters: 51 scalars
  Parameter depending: 87 scalars
  Continuous time states: 2 scalars
  Time-varying variables: 56 scalars
  Alias variables: 245 scalars
  Number of mixed real/discrete systems of equations: 0
  Sizes of linear systems of equations: {3}
  Sizes after manipulation of the linear systems: {0}
  Sizes of nonlinear systems of equations: { }
  Sizes after manipulation of the nonlinear systems: { }
  Number of numerical Jacobians: 0

Settings
Advanced.StoreProtectedVariables = true
Selected continuous time states
Statically selected continuous time states
  rev.phi
  rev.w

Finished

