Log-file of program ./dymosim
(generated: Sun Dec 16 00:03:30 2018)

dymosim started
... "dsin.txt" loading (dymosim input file)
... "result.mat" creating (simulation result file)

Integration started at T = 0 using integration method DASSL
(DAE multi-step solver (dassl/dasslrt of Petzold modified by Dynasim))
Integration terminated successfully at T = 1.5
   CPU-time for integration      : 0.128 seconds
   CPU-time for one GRID interval: 0.0427 milliseconds
   Number of result points       : 3021
   Number of GRID   points       : 3001
   Number of (successful) steps  : 515
   Number of F-evaluations       : 1416
   Number of H-evaluations       : 3577
   Number of Jacobian-evaluations: 165
   Number of (model) time events : 2
   Number of (U) time events     : 0
   Number of state    events     : 9
   Number of step     events     : 0
   Minimum integration stepsize  : 1.41e-011
   Maximum integration stepsize  : 0.00806
   Maximum integration order     : 5
Calling terminal section
... "dsfinal.txt" creating (final states)
