Log-file of program ./dymosim
(generated: Sat Dec 15 23:57:01 2018)

dymosim started
... "dsin.txt" loading (dymosim input file)
... "result.mat" creating (simulation result file)

Integration started at T = 0 using integration method DASSL
(DAE multi-step solver (dassl/dasslrt of Petzold modified by Dynasim))
Integration terminated successfully at T = 5
   CPU-time for integration      : 0.311 seconds
   CPU-time for one GRID interval: 0.0622 milliseconds
   Number of result points       : 5002
   Number of GRID   points       : 5001
   Number of (successful) steps  : 226
   Number of F-evaluations       : 585
   Number of Jacobian-evaluations: 16
   Number of (model) time events : 0
   Number of (U) time events     : 0
   Number of state    events     : 0
   Number of step     events     : 0
   Minimum integration stepsize  : 2.36e-007
   Maximum integration stepsize  : 0.0309
   Maximum integration order     : 5
Calling terminal section
... "dsfinal.txt" creating (final states)
