
Statistics

Original Model
  Number of components: 53
  Variables: 443
  Parameters: 113 (154 scalars)
  Unknowns: 330 (968 scalars)
  Differentiated variables: 19 scalars
  Equations: 290
  Nontrivial: 151
Translated Model
  Constants: 788 scalars
  Free parameters: 37 scalars
  Parameter depending: 56 scalars
  Continuous time states: 12 scalars
  Time-varying variables: 73 scalars
  Alias variables: 168 scalars
  Number of mixed real/discrete systems of equations: 0
  Sizes of linear systems of equations: {4, 13}
  Sizes after manipulation of the linear systems: {4, 6}
  Sizes of nonlinear systems of equations: {4}
  Sizes after manipulation of the nonlinear systems: {4}
  Number of numerical Jacobians: 0
  Initialization problem
    Sizes of nonlinear systems of equations: {4}
    Sizes after manipulation of the nonlinear systems: {4}
    Number of numerical Jacobians: 0

Settings
Advanced.StoreProtectedVariables = true
Selected continuous time states
Statically selected continuous time states
  body.frame_a.r_0[]
  body.v_0[]
  body.w_a[]

Dynamically selected continuous time states
There is one set of dynamic state selection.
There are 3 states to be selected from:
  body.Q[]

Finished

