Log-file of program ./dymosim
(generated: Sat Dec 15 23:10:36 2018)

dymosim started
... "dsin.txt" loading (dymosim input file)
... "result.mat" creating (simulation result file)

Integration started at T = 0 using integration method DASSL
(DAE multi-step solver (dassl/dasslrt of Petzold modified by Dynasim))
Integration terminated successfully at T = 50
   CPU-time for integration      : 3.22 seconds
   CPU-time for one GRID interval: 0.0322 milliseconds
   Number of result points       : 100002
   Number of GRID   points       : 100001
   Number of (successful) steps  : 19798
   Number of F-evaluations       : 39932
   Number of Jacobian-evaluations: 22
   Number of (model) time events : 0
   Number of (U) time events     : 0
   Number of state    events     : 0
   Number of step     events     : 0
   Minimum integration stepsize  : 2.3e-009
   Maximum integration stepsize  : 0.0033
   Maximum integration order     : 5
Calling terminal section
... "dsfinal.txt" creating (final states)
