Log-file of program ./dymosim
(generated: Wed Mar 11 18:20:17 2020)

dymosim started
... "dsin.txt" loading (dymosim input file)
... "IMC_DCBraking.mat" creating (simulation result file)

Integration started at T = 0 using integration method DASSL
(DAE multi-step solver (dassl/dasslrt of Petzold modified by Dassault Systemes))
Integration terminated successfully at T = 25
   CPU-time for integration                : 3.44 seconds
   CPU-time for one grid interval          : 0.0688 milliseconds
   CPU-time for initialization             : 0 seconds
   Number of result points                 : 50002
   Number of grid points                   : 50001
   Number of accepted steps                : 69970
   Number of f-evaluations (dynamics)      : 179103
   Number of Jacobian-evaluations          : 14781
   Number of model time events             : 0
   Number of input time events             : 0
   Number of state events                  : 0
   Number of step events                   : 0
   Minimum integration stepsize            : 2.04e-10
   Maximum integration stepsize            : 0.788
   Maximum integration order               : 5
Calling terminal section
... "dsfinal.txt" creating (final states)
