
Statistics

Original Model
  Number of components: 55
  Variables: 427
  Parameters: 105 (150 scalars)
  Unknowns: 322 (934 scalars)
  Differentiated variables: 13 scalars
  Equations: 287
  Nontrivial: 147
Translated Model
  Constants: 842 scalars
  Free parameters: 34 scalars
  Parameter depending: 52 scalars
  Continuous time states: 2 scalars
  Time-varying variables: 23 scalars
  Alias variables: 133 scalars
  Number of mixed real/discrete systems of equations: 0
  Sizes of linear systems of equations: {3}
  Sizes after manipulation of the linear systems: {0}
  Sizes of nonlinear systems of equations: { }
  Sizes after manipulation of the nonlinear systems: { }
  Number of numerical Jacobians: 0

Settings
Advanced.StoreProtectedVariables = true
Selected continuous time states
Statically selected continuous time states
  rev.phi
  rev.w

Finished

