Log-file of program ./dymosim
(generated: Sun Dec 16 00:34:02 2018)

dymosim started
... "dsin.txt" loading (dymosim input file)
... "result.mat" creating (simulation result file)

Integration started at T = 0 using integration method DASSL
(DAE multi-step solver (dassl/dasslrt of Petzold modified by Dynasim))
Integration terminated successfully at T = 2.5
   CPU-time for integration      : 3.96 seconds
   CPU-time for one GRID interval: 0.0792 milliseconds
   Number of result points       : 50004
   Number of GRID   points       : 50001
   Number of (successful) steps  : 14448
   Number of F-evaluations       : 29939
   Number of H-evaluations       : 64448
   Number of Jacobian-evaluations: 119
   Number of (model) time events : 2
   Number of (U) time events     : 0
   Number of state    events     : 0
   Number of step     events     : 0
   Minimum integration stepsize  : 6.67e-016
   Maximum integration stepsize  : 0.000809
   Maximum integration order     : 5
Calling terminal section
... "dsfinal.txt" creating (final states)
