Log-file of program ./dymosim
(generated: Sat Dec 15 23:14:41 2018)

dymosim started
... "dsin.txt" loading (dymosim input file)
... "result.mat" creating (simulation result file)

Integration started at T = 0 using integration method DASSL
(DAE multi-step solver (dassl/dasslrt of Petzold modified by Dynasim))
Integration terminated successfully at T = 25
   CPU-time for integration      : 0.13 seconds
   CPU-time for one GRID interval: 0.026 milliseconds
   Number of result points       : 5017
   Number of GRID   points       : 5001
   Number of (successful) steps  : 297
   Number of F-evaluations       : 564
   Number of H-evaluations       : 5297
   Number of Jacobian-evaluations: 267
   Number of (model) time events : 15
   Number of (U) time events     : 0
   Number of state    events     : 0
   Number of step     events     : 0
   Minimum integration stepsize  : 5e-006
   Maximum integration stepsize  : 1.31
   Maximum integration order     : 1
Calling terminal section
... "dsfinal.txt" creating (final states)
