Log-file of program ./dymosim
(generated: Sat Dec 15 23:06:00 2018)

dymosim started
... "dsin.txt" loading (dymosim input file)
... "result.mat" creating (simulation result file)

Integration started at T = 0 using integration method DASSL
(DAE multi-step solver (dassl/dasslrt of Petzold modified by Dynasim))
Integration terminated successfully at T = 20
   CPU-time for integration      : 0.05 seconds
   CPU-time for one GRID interval: 0.025 milliseconds
   Number of result points       : 2002
   Number of GRID   points       : 2001
   Number of (successful) steps  : 21
   Number of F-evaluations       : 41
   Number of Jacobian-evaluations: 20
   Number of (model) time events : 0
   Number of (U) time events     : 0
   Number of state    events     : 0
   Number of step     events     : 0
   Minimum integration stepsize  : 1e-005
   Maximum integration stepsize  : 9.51
   Maximum integration order     : 1
Calling terminal section
... "dsfinal.txt" creating (final states)
