Log-file of program ./dymosim
(generated: Sat Dec 15 23:06:55 2018)

dymosim started
... "dsin.txt" loading (dymosim input file)
... "result.mat" creating (simulation result file)

Integration started at T = 0 using integration method DASSL
(DAE multi-step solver (dassl/dasslrt of Petzold modified by Dynasim))
Integration terminated successfully at T = 5
   CPU-time for integration      : 0.11 seconds
   CPU-time for one GRID interval: 0.022 milliseconds
   Number of result points       : 5006
   Number of GRID   points       : 5001
   Number of (successful) steps  : 100
   Number of F-evaluations       : 195
   Number of Jacobian-evaluations: 95
   Number of (model) time events : 5
   Number of (U) time events     : 0
   Number of state    events     : 0
   Number of step     events     : 0
   Minimum integration stepsize  : 1e-006
   Maximum integration stepsize  : 0.476
   Maximum integration order     : 1
Calling terminal section
... "dsfinal.txt" creating (final states)
