Log-file of program ./dymosim
(generated: Sat Dec 15 23:31:28 2018)

dymosim started
... "dsin.txt" loading (dymosim input file)
... "result.mat" creating (simulation result file)

Integration started at T = 0 using integration method DASSL
(DAE multi-step solver (dassl/dasslrt of Petzold modified by Dynasim))
Integration terminated successfully at T = 0.1
   CPU-time for integration      : 0.302 seconds
   CPU-time for one GRID interval: 0.302 milliseconds
   Number of result points       : 1284
   Number of GRID   points       : 1001
   Number of (successful) steps  : 8895
   Number of F-evaluations       : 18158
   Number of H-evaluations       : 10680
   Number of Jacobian-evaluations: 2293
   Number of (model) time events : 100
   Number of (U) time events     : 0
   Number of state    events     : 98
   Number of step     events     : 0
   Minimum integration stepsize  : 1.41e-009
   Maximum integration stepsize  : 2.12e-005
   Maximum integration order     : 5
Calling terminal section
... "dsfinal.txt" creating (final states)
