 = true
Translation of Modelica.Electrical.PowerConverters.Examples.DCAC.SinglePhaseTwoLevel.SinglePhaseTwoLevel_R:
The DAE has 171 scalar unknowns and 171 scalar equations.
 
Statistics
 
Original Model
  Number of components: 42
  Variables: 297
  Constants: 8 (8 scalars)
  Parameters: 122 (122 scalars)
  Unknowns: 167 (171 scalars)
  Differentiated variables: 4 scalars
  Equations: 172
  Nontrivial: 150
Translated Model
  Constants: 56 scalars
  Free parameters: 44 scalars
  Parameter depending: 42 scalars
  Continuous time states: 4 scalars
  Time-varying variables: 58 scalars
  Alias variables: 101 scalars
  Number of mixed real/discrete systems of equations: 1
  Sizes of linear systems of equations: {14}
  Sizes after manipulation of the linear systems: {4}
  Sizes of nonlinear systems of equations: { }
  Sizes after manipulation of the nonlinear systems: { }
  Number of numerical Jacobians: 0
 
Settings
Advanced.StoreProtectedVariables = true
Selected continuous time states
Statically selected continuous time states
  fundamentalWaveCurrent.mean1.x
  fundamentalWaveCurrent.mean2.x
  fundamentalWaveVoltage.mean1.x
  fundamentalWaveVoltage.mean2.x
 