 = true
TestID: 2018-12-15_230315_Modelica_v3.2.3-rc.2_2019
This is translation 129 of 422
Translation of Modelica.Electrical.PowerConverters.Examples.ACDC.RectifierBridge2Pulse.ThyristorBridge2Pulse_R:
The DAE has 156 scalar unknowns and 156 scalar equations.
 
Statistics
 
Original Model
  Number of components: 37
  Variables: 260
  Constants: 8 (8 scalars)
  Parameters: 97 (97 scalars)
  Unknowns: 155 (156 scalars)
  Differentiated variables: 3 scalars
  Equations: 159
  Nontrivial: 140
Translated Model
  Constants: 49 scalars
  Free parameters: 29 scalars
  Parameter depending: 44 scalars
  Continuous time states: 3 scalars
  Time-varying variables: 47 scalars
  Alias variables: 92 scalars
  Number of mixed real/discrete systems of equations: 1
  Sizes of linear systems of equations: {14}
  Sizes after manipulation of the linear systems: {4}
  Sizes of nonlinear systems of equations: { }
  Sizes after manipulation of the nonlinear systems: { }
  Number of numerical Jacobians: 0
 
Settings
Advanced.StoreProtectedVariables = true
Selected continuous time states
Statically selected continuous time states
  meanCurrent.x
  meanVoltage.x
  rootMeanSquareVoltage.mean.x
 
Finished
Save translation log