Log-file of program ./dymosim
(generated: Tue May  5 01:48:51 2020)

dymosim started
... "dsin.txt" loading (dymosim input file)
... "IMC_Transformer.mat" creating (simulation result file)

Integration started at T = 0 using integration method DASSL
(DAE multi-step solver (dassl/dasslrt of Petzold modified by Dassault Systemes))
Integration terminated successfully at T = 2.5
   CPU-time for integration                : 10.7 seconds
   CPU-time for one grid interval          : 0.214 milliseconds
   CPU-time for initialization             : 0.001 seconds
   Number of result points                 : 50004
   Number of grid points                   : 50001
   Number of accepted steps                : 13368
   Number of f-evaluations (dynamics)      : 26825
   Number of crossing function evaluations : 63368
   Number of Jacobian-evaluations          : 116
   Number of model time events             : 2
   Number of input time events             : 0
   Number of state events                  : 0
   Number of step events                   : 0
   Minimum integration stepsize            : 7.74e-16
   Maximum integration stepsize            : 0.000617
   Maximum integration order               : 5
Calling terminal section
... "dsfinal.txt" creating (final states)
