Log-file of program ./dymosim
(generated: Sun Dec 16 00:01:14 2018)

dymosim started
... "dsin.txt" loading (dymosim input file)
... "result.mat" creating (simulation result file)

Integration started at T = 0 using integration method DASSL
(DAE multi-step solver (dassl/dasslrt of Petzold modified by Dynasim))
Integration terminated successfully at T = 5
   CPU-time for integration      : 1.84 seconds
   CPU-time for one GRID interval: 0.367 milliseconds
   Number of result points       : 5079
   Number of GRID   points       : 5001
   Number of (successful) steps  : 5255
   Number of F-evaluations       : 21066
   Number of Jacobian-evaluations: 1469
   Number of (model) time events : 0
   Number of (U) time events     : 0
   Number of state    events     : 0
   Number of step     events     : 65
   Minimum integration stepsize  : 1.46e-011
   Maximum integration stepsize  : 0.00298
   Maximum integration order     : 5
Calling terminal section
... "dsfinal.txt" creating (final states)
