
Statistics

Original Model
  Number of components: 238
  Variables: 1746
  Constants: 2 (2 scalars)
  Parameters: 460 (769 scalars)
  Unknowns: 1284 (4012 scalars)
  Differentiated variables: 91 scalars
  Equations: 1009
  Nontrivial: 581
Translated Model
  Constants: 2675 scalars
  Free parameters: 84 scalars
  Parameter depending: 204 scalars
  Continuous time states: 2 scalars
  Time-varying variables: 647 scalars
  Alias variables: 1173 scalars
  Number of mixed real/discrete systems of equations: 0
  Sizes of linear systems of equations: { }
  Sizes after manipulation of the linear systems: { }
  Sizes of nonlinear systems of equations: { }
  Sizes after manipulation of the nonlinear systems: { }
  Number of numerical Jacobians: 0

Settings
Advanced.StoreProtectedVariables = true
Selected continuous time states
Statically selected continuous time states
  rev.phi
  rev.w

Finished

