Log-file of program ./dymosim
(generated: Sat Dec 15 23:04:25 2018)

dymosim started
... "dsin.txt" loading (dymosim input file)
... "result.mat" creating (simulation result file)

Integration started at T = 0 using integration method DASSL
(DAE multi-step solver (dassl/dasslrt of Petzold modified by Dynasim))
Integration terminated successfully at T = 10
   CPU-time for integration      : 0.161 seconds
   CPU-time for one GRID interval: 0.0322 milliseconds
   Number of result points       : 5010
   Number of GRID   points       : 5001
   Number of (successful) steps  : 172
   Number of F-evaluations       : 335
   Number of H-evaluations       : 5172
   Number of Jacobian-evaluations: 163
   Number of (model) time events : 8
   Number of (U) time events     : 0
   Number of state    events     : 0
   Number of step     events     : 0
   Minimum integration stepsize  : 2e-006
   Maximum integration stepsize  : 0.951
   Maximum integration order     : 1
Calling terminal section
... "dsfinal.txt" creating (final states)
