Log-file of program ./dymosim
(generated: Wed Mar 11 18:32:36 2020)

dymosim started
... "dsin.txt" loading (dymosim input file)
... "ThyristorCenterTapmPulse_RLV_Characteristic.mat" creating (simulation result file)

Integration started at T = 0 using integration method DASSL
(DAE multi-step solver (dassl/dasslrt of Petzold modified by Dassault Systemes))
Integration terminated successfully at T = 10
   CPU-time for integration                : 4.6 seconds
   CPU-time for one grid interval          : 0.046 milliseconds
   CPU-time for initialization             : 0 seconds
   Number of result points                 : 116899
   Number of grid points                   : 100001
   Number of accepted steps                : 324651
   Number of f-evaluations (dynamics)      : 516476
   Number of crossing function evaluations : 480027
   Number of Jacobian-evaluations          : 165348
   Number of model time events             : 1500
   Number of input time events             : 0
   Number of state events                  : 8647
   Number of step events                   : 0
   Minimum integration stepsize            : 6.28e-16
   Maximum integration stepsize            : 0.00173
   Maximum integration order               : 5
Calling terminal section
... "dsfinal.txt" creating (final states)
