Log-file of program ./dymosim
(generated: Sat Dec 15 23:46:06 2018)

dymosim started
... "dsin.txt" loading (dymosim input file)
... "result.mat" creating (simulation result file)

Integration started at T = 0 using integration method DASSL
(DAE multi-step solver (dassl/dasslrt of Petzold modified by Dynasim))
Integration terminated successfully at T = 0.1
   CPU-time for integration      : 0.27 seconds
   CPU-time for one GRID interval: 0.054 milliseconds
   Number of result points       : 5002
   Number of GRID   points       : 5001
   Number of (successful) steps  : 3817
   Number of F-evaluations       : 8262
   Number of Jacobian-evaluations: 306
   Number of (model) time events : 0
   Number of (U) time events     : 0
   Number of state    events     : 0
   Number of step     events     : 0
   Minimum integration stepsize  : 1.84e-011
   Maximum integration stepsize  : 0.000113
   Maximum integration order     : 5
Calling terminal section
... "dsfinal.txt" creating (final states)
