Log-file of program ./dymosim
(generated: Mon Mar 16 11:49:15 2020)

dymosim started
... "dsin.txt" loading (dymosim input file)
... "AIMC_DOL.mat" creating (simulation result file)

Integration started at T = 0 using integration method DASSL
(DAE multi-step solver (dassl/dasslrt of Petzold modified by Dassault Systemes))
Integration terminated successfully at T = 1.5
   CPU-time for integration                : 1.1 seconds
   CPU-time for one grid interval          : 0.0365 milliseconds
   CPU-time for initialization             : 0.001 seconds
   Number of result points                 : 30003
   Number of grid points                   : 30001
   Number of accepted steps                : 6360
   Number of f-evaluations (dynamics)      : 12747
   Number of crossing function evaluations : 36360
   Number of Jacobian-evaluations          : 97
   Number of model time events             : 1
   Number of input time events             : 0
   Number of state events                  : 0
   Number of step events                   : 0
   Minimum integration stepsize            : 6.06e-13
   Maximum integration stepsize            : 0.000822
   Maximum integration order               : 5
Calling terminal section
... "dsfinal.txt" creating (final states)
