 = true
Translation of Modelica.Electrical.PowerConverters.Examples.DCDC.ChopperStepDown.ChopperStepDown_RL:
The DAE has 103 scalar unknowns and 103 scalar equations.
 
Statistics
 
Original Model
  Number of components: 23
  Variables: 171
  Constants: 4 (4 scalars)
  Parameters: 64 (64 scalars)
  Unknowns: 103 (103 scalars)
  Differentiated variables: 3 scalars
  Equations: 101
  Nontrivial: 86
Translated Model
  Constants: 35 scalars
  Free parameters: 21 scalars
  Parameter depending: 26 scalars
  Continuous time states: 3 scalars
  Time-varying variables: 32 scalars
  Alias variables: 57 scalars
  Number of mixed real/discrete systems of equations: 1
  Sizes of linear systems of equations: {6}
  Sizes after manipulation of the linear systems: {2}
  Sizes of nonlinear systems of equations: { }
  Sizes after manipulation of the nonlinear systems: { }
  Number of numerical Jacobians: 0
 
Settings
Advanced.StoreProtectedVariables = true
Selected continuous time states
Statically selected continuous time states
  inductor.i
  meanCurrent.x
  meanVoltage.x
 