Log-file of program ./dymosim
(generated: Mon Mar 16 11:53:44 2020)

dymosim started
... "dsin.txt" loading (dymosim input file)
... "SMPM_Inverter.mat" creating (simulation result file)

Integration started at T = 0 using integration method DASSL
(DAE multi-step solver (dassl/dasslrt of Petzold modified by Dassault Systemes))
Integration terminated successfully at T = 1.5
   CPU-time for integration                : 0.898 seconds
   CPU-time for one grid interval          : 0.0299 milliseconds
   CPU-time for initialization             : 0.008 seconds
   Number of result points                 : 30003
   Number of grid points                   : 30001
   Number of accepted steps                : 3663
   Number of f-evaluations (dynamics)      : 7308
   Number of crossing function evaluations : 33663
   Number of Jacobian-evaluations          : 56
   Number of model time events             : 2
   Number of input time events             : 0
   Number of state events                  : 0
   Number of step events                   : 0
   Minimum integration stepsize            : 9.56e-10
   Maximum integration stepsize            : 0.00178
   Maximum integration order               : 5
Calling terminal section
... "dsfinal.txt" creating (final states)
