
Statistics

Original Model
  Number of components: 75
  Variables: 553
  Constants: 2 (2 scalars)
  Parameters: 185 (340 scalars)
  Unknowns: 366 (1143 scalars)
  Differentiated variables: 4 scalars
  Equations: 321
  Nontrivial: 174
Translated Model
  Constants: 1179 scalars
  Free parameters: 75 scalars
  Parameter depending: 79 scalars
  Continuous time states: 2 scalars
  Time-varying variables: 16 scalars
  Alias variables: 136 scalars
  Number of mixed real/discrete systems of equations: 0
  Sizes of linear systems of equations: { }
  Sizes after manipulation of the linear systems: { }
  Sizes of nonlinear systems of equations: { }
  Sizes after manipulation of the nonlinear systems: { }
  Number of numerical Jacobians: 0

Settings
Advanced.StoreProtectedVariables = true
Selected continuous time states
Statically selected continuous time states
  prismatic.s
  prismatic.v

Finished

