
Statistics

Original Model
  Number of components: 87
  Variables: 701
  Parameters: 187 (291 scalars)
  Unknowns: 514 (1469 scalars)
  Differentiated variables: 22 scalars
  Equations: 448
  Nontrivial: 226
Translated Model
  Constants: 1364 scalars
  Free parameters: 65 scalars
  Parameter depending: 101 scalars
  Continuous time states: 4 scalars
  Time-varying variables: 31 scalars
  Alias variables: 199 scalars
  Number of mixed real/discrete systems of equations: 0
  Sizes of linear systems of equations: { }
  Sizes after manipulation of the linear systems: { }
  Sizes of nonlinear systems of equations: { }
  Sizes after manipulation of the nonlinear systems: { }
  Number of numerical Jacobians: 0

Settings
Advanced.StoreProtectedVariables = true
Selected continuous time states
Statically selected continuous time states
  p1.s
  p1.v
  p2.s
  p2.v

Finished

