Log-file of program ./dymosim
(generated: Sat Dec 15 23:55:48 2018)

dymosim started
... "dsin.txt" loading (dymosim input file)
... "result.mat" creating (simulation result file)

Integration started at T = 0 using integration method DASSL
(DAE multi-step solver (dassl/dasslrt of Petzold modified by Dynasim))
Integration terminated successfully at T = 3
   CPU-time for integration      : 0.303 seconds
   CPU-time for one GRID interval: 0.0606 milliseconds
   Number of result points       : 5002
   Number of GRID   points       : 5001
   Number of (successful) steps  : 319
   Number of F-evaluations       : 711
   Number of H-evaluations       : 5319
   Number of Jacobian-evaluations: 30
   Number of (model) time events : 0
   Number of (U) time events     : 0
   Number of state    events     : 0
   Number of step     events     : 0
   Minimum integration stepsize  : 3.68e-008
   Maximum integration stepsize  : 0.0211
   Maximum integration order     : 5
Calling terminal section
... "dsfinal.txt" creating (final states)
