Log-file of program ./dymosim
(generated: Sun Dec 16 00:55:20 2018)

dymosim started
... "dsin.txt" loading (dymosim input file)
... "result.mat" creating (simulation result file)

Integration started at T = 0 using integration method DASSL
(DAE multi-step solver (dassl/dasslrt of Petzold modified by Dynasim))
Integration terminated successfully at T = 2
   CPU-time for integration      : 0.185 seconds
   CPU-time for one GRID interval: 0.0462 milliseconds
   Number of result points       : 4013
   Number of GRID   points       : 4001
   Number of (successful) steps  : 196
   Number of F-evaluations       : 380
   Number of H-evaluations       : 4226
   Number of Jacobian-evaluations: 183
   Number of (model) time events : 4
   Number of (U) time events     : 0
   Number of state    events     : 4
   Number of step     events     : 0
   Minimum integration stepsize  : 9.42e-009
   Maximum integration stepsize  : 0.262
   Maximum integration order     : 2
Calling terminal section
... "dsfinal.txt" creating (final states)
