Log-file of program ./dymosim
(generated: Sun Dec 16 00:19:52 2018)

dymosim started
... "dsin.txt" loading (dymosim input file)
... "result.mat" creating (simulation result file)

Integration started at T = 0 using integration method DASSL
(DAE multi-step solver (dassl/dasslrt of Petzold modified by Dynasim))
Integration terminated successfully at T = 2
   CPU-time for integration      : 0.138 seconds
   CPU-time for one GRID interval: 0.0345 milliseconds
   Number of result points       : 4004
   Number of GRID   points       : 4001
   Number of (successful) steps  : 184
   Number of F-evaluations       : 465
   Number of H-evaluations       : 4184
   Number of Jacobian-evaluations: 76
   Number of (model) time events : 4
   Number of (U) time events     : 0
   Number of state    events     : 0
   Number of step     events     : 0
   Minimum integration stepsize  : 5e-007
   Maximum integration stepsize  : 0.106
   Maximum integration order     : 5
Calling terminal section
... "dsfinal.txt" creating (final states)
