Log-file of program ./dymosim
(generated: Sat Dec 15 23:24:44 2018)

dymosim started
... "dsin.txt" loading (dymosim input file)
... "result.mat" creating (simulation result file)

Integration started at T = 0 using integration method DASSL
(DAE multi-step solver (dassl/dasslrt of Petzold modified by Dynasim))
Integration terminated successfully at T = 10
   CPU-time for integration      : 3.71 seconds
   CPU-time for one GRID interval: 0.0371 milliseconds
   Number of result points       : 103344
   Number of GRID   points       : 100001
   Number of (successful) steps  : 70001
   Number of F-evaluations       : 148623
   Number of H-evaluations       : 187392
   Number of Jacobian-evaluations: 31625
   Number of (model) time events : 500
   Number of (U) time events     : 0
   Number of state    events     : 1999
   Number of step     events     : 0
   Minimum integration stepsize  : 3.58e-012
   Maximum integration stepsize  : 0.00171
   Maximum integration order     : 5
Calling terminal section
... "dsfinal.txt" creating (final states)
