Log-file of program ./dymosim
(generated: Sat Dec 15 23:50:08 2018)

dymosim started
... "dsin.txt" loading (dymosim input file)
... "result.mat" creating (simulation result file)

Integration started at T = 0 using integration method DASSL
(DAE multi-step solver (dassl/dasslrt of Petzold modified by Dynasim))
Integration terminated successfully at T = 30
   CPU-time for integration      : 13.3 seconds
   CPU-time for one GRID interval: 0.222 milliseconds
   Number of result points       : 60003
   Number of GRID   points       : 60001
   Number of (successful) steps  : 129163
   Number of F-evaluations       : 258488
   Number of Jacobian-evaluations: 38
   Number of (model) time events : 1
   Number of (U) time events     : 0
   Number of state    events     : 0
   Number of step     events     : 0
   Minimum integration stepsize  : 2.26e-010
   Maximum integration stepsize  : 0.000237
   Maximum integration order     : 5
Calling terminal section
... "dsfinal.txt" creating (final states)
