
Statistics

Original Model
  Number of components: 119
  Variables: 843
  Constants: 4 (4 scalars)
  Parameters: 230 (339 scalars)
  Unknowns: 609 (1767 scalars)
  Differentiated variables: 31 scalars
  Equations: 499
  Nontrivial: 268
Translated Model
  Constants: 1407 scalars
  Free parameters: 77 scalars
  Parameter depending: 88 scalars
  Continuous time states: 8 scalars
  Time-varying variables: 108 scalars
  Alias variables: 430 scalars
  Number of mixed real/discrete systems of equations: 0
  Sizes of linear systems of equations: {3}
  Sizes after manipulation of the linear systems: {0}
  Sizes of nonlinear systems of equations: { }
  Sizes after manipulation of the nonlinear systems: { }
  Number of numerical Jacobians: 0

Settings
Advanced.StoreProtectedVariables = true
Selected continuous time states
Statically selected continuous time states
  position1.w
  position2.w
  r1.phi
  r2.phi
  revolute.phi
  revolute.w
  rotor1D.phi
  rotor1D.w

Finished

