Log-file of program ./dymosim
(generated: Mon Mar 16 11:34:23 2020)

dymosim started
... "dsin.txt" loading (dymosim input file)
... "ThyristorCenterTap2mPulse_RLV.mat" creating (simulation result file)

Integration started at T = 0 using integration method DASSL
(DAE multi-step solver (dassl/dasslrt of Petzold modified by Dassault Systemes))
Integration terminated successfully at T = 0.1
   CPU-time for integration                : 0.053 seconds
   CPU-time for one grid interval          : 0.053 milliseconds
   CPU-time for initialization             : 0 seconds
   Number of result points                 : 1194
   Number of grid points                   : 1001
   Number of accepted steps                : 3607
   Number of f-evaluations (dynamics)      : 5869
   Number of crossing function evaluations : 5448
   Number of Jacobian-evaluations          : 1754
   Number of model time events             : 30
   Number of input time events             : 0
   Number of state events                  : 122
   Number of step events                   : 0
   Minimum integration stepsize            : 1.41e-13
   Maximum integration stepsize            : 0.000425
   Maximum integration order               : 5
Calling terminal section
... "dsfinal.txt" creating (final states)
