 = true
Translation of Modelica.Electrical.PowerConverters.Examples.ACDC.RectifierCenterTap2mPulse.ThyristorCenterTap2mPulse_RLV:
The DAE has 447 scalar unknowns and 447 scalar equations.
 
Statistics
 
Original Model
  Number of components: 83
  Variables: 624
  Constants: 12 (12 scalars)
  Parameters: 218 (262 scalars)
  Unknowns: 394 (447 scalars)
  Differentiated variables: 4 scalars
  Equations: 266
  Nontrivial: 226
Translated Model
  Constants: 142 scalars
  Free parameters: 49 scalars
  Parameter depending: 125 scalars
  Continuous time states: 4 scalars
  Time-varying variables: 99 scalars
  Alias variables: 306 scalars
  Number of mixed real/discrete systems of equations: 1
  Sizes of linear systems of equations: {19}
  Sizes after manipulation of the linear systems: {6}
  Sizes of nonlinear systems of equations: { }
  Sizes after manipulation of the nonlinear systems: { }
  Number of numerical Jacobians: 0
 
Settings
Advanced.StoreProtectedVariables = true
Selected continuous time states
Statically selected continuous time states
  inductor.i
  meanCurrent.x
  meanVoltage.x
  rootMeanSquareVoltage.mean.x
 