 = true
Translation of Modelica.Magnetic.FundamentalWave.Examples.BasicMachines.SMEE_Generator_MultiPhase:
The DAE has 2293 scalar unknowns and 2293 scalar equations.
 
Statistics
 
Original Model
  Number of components: 478
  Variables: 2915
  Constants: 9 (9 scalars)
  Parameters: 759 (865 scalars)
  Unknowns: 2147 (2293 scalars)
  Differentiated variables: 42 scalars
  Equations: 1194
  Nontrivial: 955
Translated Model
  Constants: 879 scalars
  Free parameters: 74 scalars
  Parameter depending: 359 scalars
  Continuous time states: 10 scalars
  Time-varying variables: 415 scalars
  Alias variables: 1440 scalars
  Number of mixed real/discrete systems of equations: 0
  Sizes of linear systems of equations: {21, 25, 15, 21, 8, 4, 15}
  Sizes after manipulation of the linear systems: {7, 5, 2, 7, 2, 2, 2}
  Sizes of nonlinear systems of equations: { }
  Sizes after manipulation of the nonlinear systems: { }
  Number of numerical Jacobians: 0
  Initialization problem
    Sizes of linear systems of equations: {12, 2, 2}
    Sizes after manipulation of the linear systems: {3, 2, 2}
 
Settings
Advanced.StoreProtectedVariables = true
Selected continuous time states
Statically selected continuous time states
  constantSpeed3.phi
  constantSpeedM.phi
 
Dynamically selected continuous time states
There are 2 sets of dynamic state selection.
From set 1 there are 4 states to be selected from:
  smeeM.excitation.electroMagneticConverter.Phi.re
  smeeM.rotorCage.electroMagneticConverter.singlePhaseElectroMagneticConverter[1].Phi.re
  smeeM.rotorCage.electroMagneticConverter.singlePhaseElectroMagneticConverter[2].Phi.im
  smeeM.stator.electroMagneticConverter.singlePhaseElectroMagneticConverter[1].Phi.re
  smeeM.stator.electroMagneticConverter.singlePhaseElectroMagneticConverter[2].Phi.im
  smeeM.stator.strayReluctance.port_p.Phi.im
  smeeM.stator.strayReluctance.port_p.Phi.re
 
From set 2 there are 4 states to be selected from:
  smee3.excitation.electroMagneticConverter.Phi.re
  smee3.rotorCage.electroMagneticConverter.singlePhaseElectroMagneticConverter[1].Phi.re
  smee3.rotorCage.electroMagneticConverter.singlePhaseElectroMagneticConverter[2].Phi.im
  smee3.stator.electroMagneticConverter.singlePhaseElectroMagneticConverter[1].Phi.re
  smee3.stator.electroMagneticConverter.singlePhaseElectroMagneticConverter[2].Phi.im
  smee3.stator.strayReluctance.port_p.Phi.im
  smee3.stator.strayReluctance.port_p.Phi.re
 