Log-file of program ./dymosim
(generated: Sun Dec 16 00:05:28 2018)

dymosim started
... "dsin.txt" loading (dymosim input file)
... "result.mat" creating (simulation result file)

Integration started at T = 0 using integration method DASSL
(DAE multi-step solver (dassl/dasslrt of Petzold modified by Dynasim))
Integration terminated successfully at T = 1
   CPU-time for integration      : 0.065 seconds
   CPU-time for one GRID interval: 0.0325 milliseconds
   Number of result points       : 2002
   Number of GRID   points       : 2001
   Number of (successful) steps  : 190
   Number of F-evaluations       : 384
   Number of Jacobian-evaluations: 14
   Number of (model) time events : 0
   Number of (U) time events     : 0
   Number of state    events     : 0
   Number of step     events     : 0
   Minimum integration stepsize  : 5e-007
   Maximum integration stepsize  : 0.00737
   Maximum integration order     : 5
Calling terminal section
... "dsfinal.txt" creating (final states)
