Log-file of program ./dymosim
(generated: Tue May  5 01:21:14 2020)

dymosim started
... "dsin.txt" loading (dymosim input file)
... "Dimmer_RL.mat" creating (simulation result file)

Integration started at T = 0 using integration method DASSL
(DAE multi-step solver (dassl/dasslrt of Petzold modified by Dassault Systemes))
Integration terminated successfully at T = 8
   CPU-time for integration                : 3.87 seconds
   CPU-time for one grid interval          : 0.0242 milliseconds
   CPU-time for initialization             : 0.001 seconds
   Number of result points                 : 164988
   Number of grid points                   : 160001
   Number of accepted steps                : 122905
   Number of f-evaluations (dynamics)      : 215585
   Number of crossing function evaluations : 295906
   Number of Jacobian-evaluations          : 43174
   Number of model time events             : 400
   Number of input time events             : 0
   Number of state events                  : 2436
   Number of step events                   : 0
   Minimum integration stepsize            : 2.79e-16
   Maximum integration stepsize            : 0.000353
   Maximum integration order               : 5
Calling terminal section
... "dsfinal.txt" creating (final states)
