The DAE has 22 scalar unknowns and 22 scalar equations.

Statistics

Original Model
  Number of components: 4
  Variables: 33
  Parameters: 11 (11 scalars)
  Unknowns: 22 (22 scalars)
  Differentiated variables: 4 scalars
  Equations: 20
  Nontrivial: 17
Translated Model
  Constants: 5 scalars
  Free parameters: 8 scalars
  Continuous time states: 3 scalars
  Time-varying variables: 8 scalars
  Alias variables: 12 scalars
  Number of mixed real/discrete systems of equations: 0
  Sizes of linear systems of equations: { }
  Sizes after manipulation of the linear systems: { }
  Sizes of nonlinear systems of equations: { }
  Sizes after manipulation of the nonlinear systems: { }
  Number of numerical Jacobians: 0

Settings
Advanced.StoreProtectedVariables = true
Selected continuous time states
Statically selected continuous time states
  heatCapacitor.T
  mass.s
  mass.v

Finished

