Log-file of program ./dymosim
(generated: Sat Dec 15 23:13:39 2018)

dymosim started
... "dsin.txt" loading (dymosim input file)
... "result.mat" creating (simulation result file)

Integration started at T = 0 using integration method DASSL
(DAE multi-step solver (dassl/dasslrt of Petzold modified by Dynasim))
Integration terminated successfully at T = 10
   CPU-time for integration      : 0.313 seconds
   CPU-time for one GRID interval: 0.0626 milliseconds
   Number of result points       : 5059
   Number of GRID   points       : 5001
   Number of (successful) steps  : 551
   Number of F-evaluations       : 1063
   Number of H-evaluations       : 5718
   Number of Jacobian-evaluations: 512
   Number of (model) time events : 21
   Number of (U) time events     : 0
   Number of state    events     : 18
   Number of step     events     : 0
   Minimum integration stepsize  : 1e-006
   Maximum integration stepsize  : 0.238
   Maximum integration order     : 1
Calling terminal section
... "dsfinal.txt" creating (final states)
