 = true
Translation of Modelica.Electrical.Machines.Examples.SynchronousInductionMachines.SMEE_DOL:
The DAE has 701 scalar unknowns and 701 scalar equations.
 
Statistics
 
Original Model
  Number of components: 89
  Variables: 964
  Constants: 14 (14 scalars)
  Parameters: 334 (396 scalars)
  Unknowns: 616 (701 scalars)
  Differentiated variables: 25 scalars
  Equations: 404
  Nontrivial: 315
Translated Model
  Constants: 313 scalars
  Free parameters: 62 scalars
  Parameter depending: 178 scalars
  Continuous time states: 7 scalars
  Time-varying variables: 128 scalars
  Alias variables: 430 scalars
  Number of mixed real/discrete systems of equations: 0
  Sizes of linear systems of equations: {3, 19}
  Sizes after manipulation of the linear systems: {2, 5}
  Sizes of nonlinear systems of equations: { }
  Sizes after manipulation of the nonlinear systems: { }
  Number of numerical Jacobians: 0
  Initialization problem
    Sizes of linear systems of equations: {2}
    Sizes after manipulation of the linear systems: {2}
 
Settings
Advanced.StoreProtectedVariables = true
Selected continuous time states
Statically selected continuous time states
  smee.idq_dr[1]
  smee.idq_rr[2]
  smee.idq_sr[]
  smee.inertiaRotor.phi
  smee.inertiaRotor.w
  smee.lesigma.i
 