Log-file of program ./dymosim
(generated: Sun Dec 16 00:36:17 2018)

dymosim started
... "dsin.txt" loading (dymosim input file)
... "result.mat" creating (simulation result file)

Integration started at T = 0 using integration method DASSL
(DAE multi-step solver (dassl/dasslrt of Petzold modified by Dynasim))
Integration terminated successfully at T = 1.5
   CPU-time for integration      : 2.18 seconds
   CPU-time for one GRID interval: 0.0726 milliseconds
   Number of result points       : 30003
   Number of GRID   points       : 30001
   Number of (successful) steps  : 1035
   Number of F-evaluations       : 6440
   Number of Jacobian-evaluations: 548
   Number of (model) time events : 1
   Number of (U) time events     : 0
   Number of state    events     : 0
   Number of step     events     : 0
   Minimum integration stepsize  : 8.42e-010
   Maximum integration stepsize  : 0.00865
   Maximum integration order     : 5
Calling terminal section
... "dsfinal.txt" creating (final states)
