 = true
Translation of Modelica.Electrical.PowerConverters.Examples.ACDC.RectifierBridge2Pulse.ThyristorBridge2Pulse_DC_Drive:
The DAE has 366 scalar unknowns and 366 scalar equations.
 
Statistics
 
Original Model
  Number of components: 80
  Variables: 638
  Constants: 13 (13 scalars)
  Parameters: 260 (266 scalars)
  Unknowns: 365 (366 scalars)
  Differentiated variables: 19 scalars
  Equations: 332
  Nontrivial: 267
Translated Model
  Constants: 221 scalars
  Free parameters: 43 scalars
  Parameter depending: 122 scalars
  Outputs: 2 scalars
  Continuous time states: 10 scalars
  Time-varying variables: 80 scalars
  Alias variables: 179 scalars
  Number of mixed real/discrete systems of equations: 1
  Sizes of linear systems of equations: {12, 3}
  Sizes after manipulation of the linear systems: {4, 0}
  Sizes of nonlinear systems of equations: { }
  Sizes after manipulation of the nonlinear systems: { }
  Number of numerical Jacobians: 0
 
Settings
Advanced.StoreProtectedVariables = true
Selected continuous time states
Statically selected continuous time states
  dcpm.inertiaRotor.phi
  dcpm.inertiaRotor.w
  inductor.i
  lMains.i
  meanCurrent.x
  meanVoltage.x
  pulse2.twoPulse.filter[1].firstOrder.y
  pulse2.twoPulse.filter[1].transferFunction[1].x_scaled[]
  pulse2.twoPulse.filter[1].transferFunction[2].x_scaled[]
  rootMeanSquareVoltage.mean.x
 