Log-file of program ./dymosim
(generated: Sat Dec 15 23:19:49 2018)

dymosim started
... "dsin.txt" loading (dymosim input file)
... "result.mat" creating (simulation result file)

Integration started at T = 0 using integration method DASSL
(DAE multi-step solver (dassl/dasslrt of Petzold modified by Dynasim))
Integration terminated successfully at T = 0.8
   CPU-time for integration      : 1.38 seconds
   CPU-time for one GRID interval: 0.0861 milliseconds
   Number of result points       : 16295
   Number of GRID   points       : 16001
   Number of (successful) steps  : 6042
   Number of F-evaluations       : 20233
   Number of H-evaluations       : 23068
   Number of Jacobian-evaluations: 1697
   Number of (model) time events : 0
   Number of (U) time events     : 0
   Number of state    events     : 147
   Number of step     events     : 0
   Minimum integration stepsize  : 8.96e-013
   Maximum integration stepsize  : 0.00875
   Maximum integration order     : 5
Calling terminal section
... "dsfinal.txt" creating (final states)
