Log-file of program ./dymosim
(generated: Sat Dec 15 23:06:07 2018)

dymosim started
... "dsin.txt" loading (dymosim input file)
... "result.mat" creating (simulation result file)

Integration started at T = 0 using integration method DASSL
(DAE multi-step solver (dassl/dasslrt of Petzold modified by Dynasim))
Integration terminated successfully at T = 2
   CPU-time for integration      : 0.147 seconds
   CPU-time for one GRID interval: 0.0294 milliseconds
   Number of result points       : 5201
   Number of GRID   points       : 5001
   Number of (successful) steps  : 3000
   Number of F-evaluations       : 5600
   Number of Jacobian-evaluations: 2600
   Number of (model) time events : 200
   Number of (U) time events     : 0
   Number of state    events     : 0
   Number of step     events     : 0
   Minimum integration stepsize  : 4e-007
   Maximum integration stepsize  : 0.00345
   Maximum integration order     : 1
Calling terminal section
... "dsfinal.txt" creating (final states)
