Log-file of program ./dymosim
(generated: Sat Dec 15 23:07:57 2018)

dymosim started
... "dsin.txt" loading (dymosim input file)
... "result.mat" creating (simulation result file)

Integration started at T = 0 using integration method DASSL
(DAE multi-step solver (dassl/dasslrt of Petzold modified by Dynasim))
Integration terminated successfully at T = 60
   CPU-time for integration      : 0.127 seconds
   CPU-time for one GRID interval: 0.0254 milliseconds
   Number of result points       : 5004
   Number of GRID   points       : 5001
   Number of (successful) steps  : 335
   Number of F-evaluations       : 773
   Number of Jacobian-evaluations: 33
   Number of (model) time events : 1
   Number of (U) time events     : 0
   Number of state    events     : 0
   Number of step     events     : 0
   Minimum integration stepsize  : 1.45e-006
   Maximum integration stepsize  : 0.393
   Maximum integration order     : 5
Calling terminal section
... "dsfinal.txt" creating (final states)
