Log-file of program ./dymosim
(generated: Sat Dec 15 23:09:04 2018)

dymosim started
... "dsin.txt" loading (dymosim input file)
... "result.mat" creating (simulation result file)

Integration started at T = 0 using integration method DASSL
(DAE multi-step solver (dassl/dasslrt of Petzold modified by Dynasim))
Integration terminated successfully at T = 5
   CPU-time for integration      : 0.317 seconds
   CPU-time for one GRID interval: 0.0634 milliseconds
   Number of result points       : 5051
   Number of GRID   points       : 5001
   Number of (successful) steps  : 1770
   Number of F-evaluations       : 4442
   Number of H-evaluations       : 7065
   Number of Jacobian-evaluations: 651
   Number of (model) time events : 1
   Number of (U) time events     : 0
   Number of state    events     : 40
   Number of step     events     : 0
   Minimum integration stepsize  : 3.24e-008
   Maximum integration stepsize  : 0.0516
   Maximum integration order     : 5
Calling terminal section
... "dsfinal.txt" creating (final states)
