 = true
Translation of Modelica.Electrical.QuasiStationary.MultiPhase.Examples.BalancingStar:
The DAE has 1303 scalar unknowns and 1303 scalar equations.
 
Statistics
 
Original Model
  Number of components: 685
  Variables: 1416
  Constants: 2 (2 scalars)
  Parameters: 147 (153 scalars)
  Unknowns: 1267 (1303 scalars)
  Differentiated variables: 10 scalars
  Equations: 390
  Nontrivial: 325
Translated Model
  Constants: 606 scalars
  Free parameters: 17 scalars
  Parameter depending: 59 scalars
  Outputs: 6 scalars
  Continuous time states: 1 scalars
  Time-varying variables: 104 scalars
  Alias variables: 672 scalars
  Number of mixed real/discrete systems of equations: 0
  Sizes of linear systems of equations: { }
  Sizes after manipulation of the linear systems: { }
  Sizes of nonlinear systems of equations: { }
  Sizes after manipulation of the nonlinear systems: { }
  Number of numerical Jacobians: 0
 
Settings
Advanced.StoreProtectedVariables = true
Selected continuous time states
Statically selected continuous time states
  resistor.pin_p.reference.gamma
 