Log-file of program ./dymosim
(generated: Sun Dec 16 00:06:05 2018)

dymosim started
... "dsin.txt" loading (dymosim input file)
... "result.mat" creating (simulation result file)

Integration started at T = 0 using integration method DASSL
(DAE multi-step solver (dassl/dasslrt of Petzold modified by Dynasim))
Integration terminated successfully at T = 2
   CPU-time for integration      : 0.16 seconds
   CPU-time for one GRID interval: 0.04 milliseconds
   Number of result points       : 4083
   Number of GRID   points       : 4001
   Number of (successful) steps  : 1308
   Number of F-evaluations       : 5735
   Number of H-evaluations       : 5650
   Number of Jacobian-evaluations: 572
   Number of (model) time events : 0
   Number of (U) time events     : 0
   Number of state    events     : 41
   Number of step     events     : 0
   Minimum integration stepsize  : 3.04e-009
   Maximum integration stepsize  : 0.0141
   Maximum integration order     : 5
Calling terminal section
... "dsfinal.txt" creating (final states)
