Log-file of program ./dymosim
(generated: Mon Mar 16 11:30:28 2020)

dymosim started
... "dsin.txt" loading (dymosim input file)
... "ThyristorCenterTap2Pulse_RLV_Characteristic.mat" creating (simulation result file)

Integration started at T = 0 using integration method DASSL
(DAE multi-step solver (dassl/dasslrt of Petzold modified by Dassault Systemes))
Integration terminated successfully at T = 10
   CPU-time for integration                : 2.27 seconds
   CPU-time for one grid interval          : 0.0226 milliseconds
   CPU-time for initialization             : 0.001 seconds
   Number of result points                 : 103486
   Number of grid points                   : 100001
   Number of accepted steps                : 139247
   Number of f-evaluations (dynamics)      : 261212
   Number of crossing function evaluations : 256118
   Number of Jacobian-evaluations          : 32863
   Number of model time events             : 1000
   Number of input time events             : 0
   Number of state events                  : 2024
   Number of step events                   : 0
   Minimum integration stepsize            : 7.7e-15
   Maximum integration stepsize            : 0.000334
   Maximum integration order               : 5
Calling terminal section
... "dsfinal.txt" creating (final states)
