 = true
Translation of Modelica.Electrical.PowerConverters.Examples.ACDC.RectifierCenterTap2Pulse.ThyristorCenterTap2Pulse_RLV_Characteristic:
The DAE has 160 scalar unknowns and 160 scalar equations.
 
Statistics
 
Original Model
  Number of components: 41
  Variables: 266
  Constants: 4 (4 scalars)
  Parameters: 103 (103 scalars)
  Unknowns: 159 (160 scalars)
  Differentiated variables: 4 scalars
  Equations: 160
  Nontrivial: 135
Translated Model
  Constants: 43 scalars
  Free parameters: 34 scalars
  Parameter depending: 45 scalars
  Continuous time states: 4 scalars
  Time-varying variables: 44 scalars
  Alias variables: 101 scalars
  Number of mixed real/discrete systems of equations: 1
  Sizes of linear systems of equations: {6}
  Sizes after manipulation of the linear systems: {2}
  Sizes of nonlinear systems of equations: { }
  Sizes after manipulation of the nonlinear systems: { }
  Number of numerical Jacobians: 0
 
Settings
Advanced.StoreProtectedVariables = true
Selected continuous time states
Statically selected continuous time states
  inductor.i
  meanCurrent.x
  meanVoltage.x
  rootMeanSquareVoltage.mean.x
 