Log-file of program ./dymosim
(generated: Mon Mar 16 11:52:08 2020)

dymosim started
... "dsin.txt" loading (dymosim input file)
... "AIMC_withLosses.mat" creating (simulation result file)

Integration started at T = 0 using integration method DASSL
(DAE multi-step solver (dassl/dasslrt of Petzold modified by Dassault Systemes))
Integration terminated successfully at T = 5
   CPU-time for integration                : 3.94 seconds
   CPU-time for one grid interval          : 0.0394 milliseconds
   CPU-time for initialization             : 0 seconds
   Number of result points                 : 100002
   Number of grid points                   : 100001
   Number of accepted steps                : 4937
   Number of f-evaluations (dynamics)      : 11983
   Number of Jacobian-evaluations          : 1452
   Number of model time events             : 1
   Number of input time events             : 0
   Number of state events                  : 0
   Number of step events                   : 0
   Minimum integration stepsize            : 2.47e-11
   Maximum integration stepsize            : 0.00848
   Maximum integration order               : 5
Calling terminal section
... "dsfinal.txt" creating (final states)
