Log-file of program ./dymosim
(generated: Sun Dec 16 00:35:48 2018)

dymosim started
... "dsin.txt" loading (dymosim input file)
... "result.mat" creating (simulation result file)

Integration started at T = 0 using integration method DASSL
(DAE multi-step solver (dassl/dasslrt of Petzold modified by Dynasim))
Integration terminated successfully at T = 5
   CPU-time for integration      : 7.97 seconds
   CPU-time for one GRID interval: 0.0798 milliseconds
   Number of result points       : 100002
   Number of GRID   points       : 100001
   Number of (successful) steps  : 4567
   Number of F-evaluations       : 23965
   Number of Jacobian-evaluations: 1599
   Number of (model) time events : 1
   Number of (U) time events     : 0
   Number of state    events     : 0
   Number of step     events     : 0
   Minimum integration stepsize  : 2.47e-011
   Maximum integration stepsize  : 0.00833
   Maximum integration order     : 5
Calling terminal section
... "dsfinal.txt" creating (final states)
