
Statistics

Original Model
  Number of components: 80
  Variables: 630
  Parameters: 157 (216 scalars)
  Unknowns: 473 (1349 scalars)
  Differentiated variables: 15 scalars
  Equations: 418
  Nontrivial: 222
Translated Model
  Constants: 1120 scalars
  Free parameters: 49 scalars
  Parameter depending: 75 scalars
  Continuous time states: 4 scalars
  Time-varying variables: 79 scalars
  Alias variables: 242 scalars
  Number of mixed real/discrete systems of equations: 0
  Sizes of linear systems of equations: {7}
  Sizes after manipulation of the linear systems: {2}
  Sizes of nonlinear systems of equations: { }
  Sizes after manipulation of the nonlinear systems: { }
  Number of numerical Jacobians: 0

Settings
Advanced.StoreProtectedVariables = true
Selected continuous time states
Statically selected continuous time states
  prismatic.s
  prismatic.v
  revolute.phi
  revolute.w

Finished

