 = true
Translation of Modelica.Mechanics.MultiBody.Examples.Rotational3DEffects.GearConstraint:
The DAE has 2396 scalar unknowns and 2396 scalar equations.
 
Statistics
 
Original Model
  Number of components: 120
  Variables: 1169
  Constants: 2 (2 scalars)
  Parameters: 306 (516 scalars)
  Unknowns: 861 (2396 scalars)
  Differentiated variables: 49 scalars
  Equations: 751
  Nontrivial: 511
Translated Model
  Constants: 1938 scalars
  Free parameters: 68 scalars
  Parameter depending: 252 scalars
  Continuous time states: 4 scalars
  Time-varying variables: 154 scalars
  Alias variables: 502 scalars
  Number of mixed real/discrete systems of equations: 0
  Sizes of linear systems of equations: {9, 4}
  Sizes after manipulation of the linear systems: {0, 0}
  Sizes of nonlinear systems of equations: { }
  Sizes after manipulation of the nonlinear systems: { }
  Number of numerical Jacobians: 0
 
Settings
Advanced.StoreProtectedVariables = true
Selected continuous time states
Statically selected continuous time states
  gearConstraint.actuatedRevolute_b.phi
  gearConstraint.actuatedRevolute_b.w
  inertia2.phi
  inertia2.w
 