Log-file of program ./dymosim
(generated: Sat Dec 15 23:13:24 2018)

dymosim started
... "dsin.txt" loading (dymosim input file)
... "result.mat" creating (simulation result file)

Integration started at T = 0 using integration method DASSL
(DAE multi-step solver (dassl/dasslrt of Petzold modified by Dynasim))
Integration terminated successfully at T = 10
   CPU-time for integration      : 0.315 seconds
   CPU-time for one GRID interval: 0.063 milliseconds
   Number of result points       : 5065
   Number of GRID   points       : 5001
   Number of (successful) steps  : 607
   Number of F-evaluations       : 1170
   Number of H-evaluations       : 5712
   Number of Jacobian-evaluations: 563
   Number of (model) time events : 35
   Number of (U) time events     : 0
   Number of state    events     : 9
   Number of step     events     : 0
   Minimum integration stepsize  : 1e-006
   Maximum integration stepsize  : 0.237
   Maximum integration order     : 1
Calling terminal section
... "dsfinal.txt" creating (final states)
