 = true
TestID: 2018-12-15_230315_Modelica_v3.2.3-rc.2_2019
This is translation 167 of 422
Translation of Modelica.Electrical.QuasiStationary.SinglePhase.Examples.Rectifier:
The DAE has 258 scalar unknowns and 258 scalar equations.
 
Statistics
 
Original Model
  Number of components: 72
  Variables: 358
  Constants: 8 (8 scalars)
  Parameters: 95 (95 scalars)
  Unknowns: 255 (258 scalars)
  Differentiated variables: 6 scalars
  Equations: 219
  Nontrivial: 186
Translated Model
  Constants: 55 scalars
  Free parameters: 52 scalars
  Parameter depending: 29 scalars
  Outputs: 2 scalars
  Continuous time states: 4 scalars
  Time-varying variables: 83 scalars
  Alias variables: 142 scalars
  Number of mixed real/discrete systems of equations: 1
  Sizes of linear systems of equations: {16}
  Sizes after manipulation of the linear systems: {4}
  Sizes of nonlinear systems of equations: {9}
  Sizes after manipulation of the nonlinear systems: {2}
  Number of numerical Jacobians: 0
 
Settings
Advanced.StoreProtectedVariables = true
Selected continuous time states
Statically selected continuous time states
  iAC.mean1.x
  iAC.mean2.x
  iDC2.mean.x
  voltageQS.pin_p.reference.gamma
 
Finished
Save translation log