 = true
Translation of Modelica.Magnetic.QuasiStatic.FundamentalWave.Examples.BasicMachines.SynchronousMachines.SMPM_MTPA:
The DAE has 2782 scalar unknowns and 2782 scalar equations.
 
Statistics
 
Original Model
  Number of components: 1276
  Variables: 3104
  Constants: 8 (8 scalars)
  Parameters: 481 (500 scalars)
  Unknowns: 2615 (2782 scalars)
  Differentiated variables: 37 scalars
  Equations: 989
  Nontrivial: 832
Translated Model
  Constants: 1278 scalars
  Free parameters: 66 scalars
  Parameter depending: 162 scalars
  Outputs: 5 scalars
  Continuous time states: 1 scalars
  Time-varying variables: 447 scalars
  Alias variables: 1337 scalars
  Number of mixed real/discrete systems of equations: 0
  Sizes of linear systems of equations: {46}
  Sizes after manipulation of the linear systems: {10}
  Sizes of nonlinear systems of equations: { }
  Sizes after manipulation of the nonlinear systems: { }
  Number of numerical Jacobians: 0
 
Settings
Advanced.StoreProtectedVariables = true
Selected continuous time states
Statically selected continuous time states
  quadraticSpeedDependentTorqueQS.phi
 