 = true
Translation of Modelica.ComplexBlocks.Examples.ShowTransferFunction:
The DAE has 29 scalar unknowns and 29 scalar equations.
 
Statistics
 
Original Model
  Number of components: 13
  Variables: 44
  Parameters: 15 (19 scalars)
  Unknowns: 29 (29 scalars)
  Equations: 16
  Nontrivial: 14
Translated Model
  Constants: 4 scalars
  Free parameters: 10 scalars
  Parameter depending: 6 scalars
  Time-varying variables: 17 scalars
  Alias variables: 11 scalars
  Number of mixed real/discrete systems of equations: 0
  Sizes of linear systems of equations: { }
  Sizes after manipulation of the linear systems: { }
  Sizes of nonlinear systems of equations: { }
  Sizes after manipulation of the nonlinear systems: { }
  Number of numerical Jacobians: 0
 
Settings
Advanced.StoreProtectedVariables = true
Selected continuous time states