Log-file of program ./dymosim
(generated: Sat Dec 15 23:22:12 2018)

dymosim started
... "dsin.txt" loading (dymosim input file)
... "result.mat" creating (simulation result file)

Integration started at T = 0 using integration method DASSL
(DAE multi-step solver (dassl/dasslrt of Petzold modified by Dynasim))
Integration terminated successfully at T = 25
   CPU-time for integration      : 16.8 seconds
   CPU-time for one GRID interval: 0.0337 milliseconds
   Number of result points       : 500099
   Number of GRID   points       : 500001
   Number of (successful) steps  : 8840
   Number of F-evaluations       : 20630
   Number of H-evaluations       : 508921
   Number of Jacobian-evaluations: 979
   Number of (model) time events : 25
   Number of (U) time events     : 0
   Number of state    events     : 24
   Number of step     events     : 0
   Minimum integration stepsize  : 7.12e-010
   Maximum integration stepsize  : 0.0151
   Maximum integration order     : 5
Calling terminal section
... "dsfinal.txt" creating (final states)
