Log-file of program ./dymosim
(generated: Sat Dec 15 23:55:20 2018)

dymosim started
... "dsin.txt" loading (dymosim input file)
... "result.mat" creating (simulation result file)

Integration started at T = 0 using integration method DASSL
(DAE multi-step solver (dassl/dasslrt of Petzold modified by Dynasim))
Integration terminated successfully at T = 1.01
   CPU-time for integration      : 0.197 seconds
   CPU-time for one GRID interval: 0.0394 milliseconds
   Number of result points       : 5002
   Number of GRID   points       : 5001
   Number of (successful) steps  : 472
   Number of F-evaluations       : 1104
   Number of Jacobian-evaluations: 39
   Number of (model) time events : 0
   Number of (U) time events     : 0
   Number of state    events     : 0
   Number of step     events     : 0
   Minimum integration stepsize  : 6.36e-009
   Maximum integration stepsize  : 0.00576
   Maximum integration order     : 5
Calling terminal section
... "dsfinal.txt" creating (final states)
