
Statistics

Original Model
  Number of components: 108
  Variables: 729
  Parameters: 204 (351 scalars)
  Unknowns: 525 (1603 scalars)
  Differentiated variables: 21 scalars
  Equations: 446
  Nontrivial: 227
Translated Model
  Constants: 1139 scalars
  Free parameters: 61 scalars
  Parameter depending: 184 scalars
  Continuous time states: 4 scalars
  Time-varying variables: 101 scalars
  Alias variables: 469 scalars
  Number of mixed real/discrete systems of equations: 0
  Sizes of linear systems of equations: {11}
  Sizes after manipulation of the linear systems: {2}
  Sizes of nonlinear systems of equations: { }
  Sizes after manipulation of the nonlinear systems: { }
  Number of numerical Jacobians: 0

Settings
Advanced.StoreProtectedVariables = true
Selected continuous time states
Statically selected continuous time states
  revolute1.phi
  revolute1.w
  revolute2.phi
  revolute2.w

Finished

