Log-file of program ./dymosim
(generated: Sun Dec 16 00:06:56 2018)

dymosim started
... "dsin.txt" loading (dymosim input file)
... "result.mat" creating (simulation result file)

Integration started at T = 0 using integration method DASSL
(DAE multi-step solver (dassl/dasslrt of Petzold modified by Dynasim))
Integration terminated successfully at T = 200
   CPU-time for integration      : 0.284 seconds
   CPU-time for one GRID interval: 0.0568 milliseconds
   Number of result points       : 5002
   Number of GRID   points       : 5001
   Number of (successful) steps  : 88
   Number of F-evaluations       : 385
   Number of H-evaluations       : 5088
   Number of Jacobian-evaluations: 32
   Number of (model) time events : 0
   Number of (U) time events     : 0
   Number of state    events     : 0
   Number of step     events     : 0
   Minimum integration stepsize  : 4e-005
   Maximum integration stepsize  : 24.2
   Maximum integration order     : 5
Calling terminal section
... "dsfinal.txt" creating (final states)
