Log-file of program ./dymosim
(generated: Sat Dec 15 23:34:32 2018)

dymosim started
... "dsin.txt" loading (dymosim input file)
... "result.mat" creating (simulation result file)

Integration started at T = 0 using integration method DASSL
(DAE multi-step solver (dassl/dasslrt of Petzold modified by Dynasim))
Integration terminated successfully at T = 1
   CPU-time for integration      : 1.31 seconds
   CPU-time for one GRID interval: 0.0655 milliseconds
   Number of result points       : 20212
   Number of GRID   points       : 20001
   Number of (successful) steps  : 7655
   Number of F-evaluations       : 16085
   Number of H-evaluations       : 28688
   Number of Jacobian-evaluations: 2109
   Number of (model) time events : 50
   Number of (U) time events     : 0
   Number of state    events     : 100
   Number of step     events     : 0
   Minimum integration stepsize  : 5.51e-011
   Maximum integration stepsize  : 0.00167
   Maximum integration order     : 5
Calling terminal section
... "dsfinal.txt" creating (final states)
