Log-file of program ./dymosim
(generated: Mon Mar 16 11:32:55 2020)

dymosim started
... "dsin.txt" loading (dymosim input file)
... "ThyristorBridge2mPulse_DC_Drive.mat" creating (simulation result file)

Integration started at T = 0 using integration method DASSL
(DAE multi-step solver (dassl/dasslrt of Petzold modified by Dassault Systemes))
Integration terminated successfully at T = 15
   CPU-time for integration                : 13.3 seconds
   CPU-time for one grid interval          : 0.0887 milliseconds
   CPU-time for initialization             : 0 seconds
   Number of result points                 : 189221
   Number of grid points                   : 150001
   Number of accepted steps                : 792997
   Number of f-evaluations (dynamics)      : 1406146
   Number of crossing function evaluations : 1074411
   Number of Jacobian-evaluations          : 365768
   Number of model time events             : 4500
   Number of input time events             : 0
   Number of state events                  : 18016
   Number of step events                   : 0
   Minimum integration stepsize            : 1.93e-13
   Maximum integration stepsize            : 0.000201
   Maximum integration order               : 5
Calling terminal section
... "dsfinal.txt" creating (final states)
