 = true
TestID: 2018-12-15_230315_Modelica_v3.2.3-rc.2_2019
This is translation 405 of 422
Translation of Modelica.Magnetic.QuasiStatic.FundamentalWave.Examples.BasicMachines.InductionMachines.IMC_Characteristics:
The DAE has 2677 scalar unknowns and 2677 scalar equations.
 
Statistics
 
Original Model
  Number of components: 1305
  Variables: 3010
  Constants: 11 (11 scalars)
  Parameters: 470 (494 scalars)
  Unknowns: 2529 (2677 scalars)
  Differentiated variables: 29 scalars
  Equations: 894
  Nontrivial: 753
Translated Model
  Constants: 1074 scalars
  Free parameters: 66 scalars
  Parameter depending: 175 scalars
  Outputs: 1 scalars
  Continuous time states: 2 scalars
  Time-varying variables: 446 scalars
  Alias variables: 1421 scalars
  Number of mixed real/discrete systems of equations: 0
  Sizes of linear systems of equations: {57}
  Sizes after manipulation of the linear systems: {18}
  Sizes of nonlinear systems of equations: { }
  Sizes after manipulation of the nonlinear systems: { }
  Number of numerical Jacobians: 0
 
Settings
Advanced.StoreProtectedVariables = true
Selected continuous time states
Statically selected continuous time states
  imcQS.rotorCage.port_p.reference.gamma
  speed.phi
 
Finished
Save translation log