 = true
Translation of Modelica.Electrical.PowerConverters.Examples.ACDC.RectifierBridge2mPulse.ThyristorBridge2mPulse_R:
The DAE has 437 scalar unknowns and 437 scalar equations.
 
Statistics
 
Original Model
  Number of components: 81
  Variables: 602
  Constants: 12 (12 scalars)
  Parameters: 202 (236 scalars)
  Unknowns: 388 (437 scalars)
  Differentiated variables: 3 scalars
  Equations: 262
  Nontrivial: 231
Translated Model
  Constants: 159 scalars
  Free parameters: 51 scalars
  Parameter depending: 101 scalars
  Continuous time states: 3 scalars
  Time-varying variables: 105 scalars
  Alias variables: 269 scalars
  Number of mixed real/discrete systems of equations: 1
  Sizes of linear systems of equations: {22}
  Sizes after manipulation of the linear systems: {6}
  Sizes of nonlinear systems of equations: { }
  Sizes after manipulation of the nonlinear systems: { }
  Number of numerical Jacobians: 0
 
Settings
Advanced.StoreProtectedVariables = true
Selected continuous time states
Statically selected continuous time states
  meanCurrent.x
  meanVoltage.x
  rootMeanSquareVoltage.mean.x
 