Log-file of program ./dymosim
(generated: Wed Mar 11 18:58:44 2020)

dymosim started
... "dsin.txt" loading (dymosim input file)
... "SMPM_Inverter_Polyphase.mat" creating (simulation result file)

Integration started at T = 0 using integration method DASSL
(DAE multi-step solver (dassl/dasslrt of Petzold modified by Dassault Systemes))
Integration terminated successfully at T = 1.5
   CPU-time for integration                : 1.01 seconds
   CPU-time for one grid interval          : 0.0336 milliseconds
   CPU-time for initialization             : 0 seconds
   Number of result points                 : 30003
   Number of grid points                   : 30001
   Number of accepted steps                : 3811
   Number of f-evaluations (dynamics)      : 7598
   Number of crossing function evaluations : 33811
   Number of Jacobian-evaluations          : 55
   Number of model time events             : 2
   Number of input time events             : 0
   Number of state events                  : 0
   Number of step events                   : 0
   Minimum integration stepsize            : 9.38e-10
   Maximum integration stepsize            : 0.0022
   Maximum integration order               : 5
Calling terminal section
... "dsfinal.txt" creating (final states)
