Log-file of program ./dymosim
(generated: Sun Dec 16 00:04:13 2018)

dymosim started
... "dsin.txt" loading (dymosim input file)
... "result.mat" creating (simulation result file)

Integration started at T = 0 using integration method DASSL
(DAE multi-step solver (dassl/dasslrt of Petzold modified by Dynasim))
Integration terminated successfully at T = 5
   CPU-time for integration      : 0.261 seconds
   CPU-time for one GRID interval: 0.0261 milliseconds
   Number of result points       : 10003
   Number of GRID   points       : 10001
   Number of (successful) steps  : 104
   Number of F-evaluations       : 212
   Number of H-evaluations       : 10104
   Number of Jacobian-evaluations: 35
   Number of (model) time events : 1
   Number of (U) time events     : 0
   Number of state    events     : 0
   Number of step     events     : 0
   Minimum integration stepsize  : 1.41e-007
   Maximum integration stepsize  : 0.202
   Maximum integration order     : 5
Calling terminal section
... "dsfinal.txt" creating (final states)
