Log-file of program ./dymosim
(generated: Wed Mar 11 17:45:05 2020)

dymosim started
... "dsin.txt" loading (dymosim input file)
... "ActuatorWithNoise.mat" creating (simulation result file)

Integration started at T = 0 using integration method DASSL
(DAE multi-step solver (dassl/dasslrt of Petzold modified by Dassault Systemes))
Integration terminated successfully at T = 8
   CPU-time for integration                : 3.42 seconds
   CPU-time for one grid interval          : 2.14 milliseconds
   CPU-time for initialization             : 0.007 seconds
   Number of result points                 : 3605
   Number of grid points                   : 1601
   Number of accepted steps                : 100793
   Number of f-evaluations (dynamics)      : 184528
   Number of crossing function evaluations : 103790
   Number of Jacobian-evaluations          : 28960
   Number of model time events             : 1600
   Number of input time events             : 0
   Number of state events                  : 202
   Number of step events                   : 0
   Minimum integration stepsize            : 6.65e-11
   Maximum integration stepsize            : 0.000686
   Maximum integration order               : 5
Calling terminal section
... "dsfinal.txt" creating (final states)
