Log-file of program ./dymosim
(generated: Sat Dec 15 23:08:43 2018)

dymosim started
... "dsin.txt" loading (dymosim input file)
... "result.mat" creating (simulation result file)

Integration started at T = 0 using integration method DASSL
(DAE multi-step solver (dassl/dasslrt of Petzold modified by Dynasim))
Integration terminated successfully at T = 50000
   CPU-time for integration      : 3.12 seconds
   CPU-time for one GRID interval: 0.0312 milliseconds
   Number of result points       : 100206
   Number of GRID   points       : 100001
   Number of (successful) steps  : 11544
   Number of F-evaluations       : 26758
   Number of H-evaluations       : 112250
   Number of Jacobian-evaluations: 1629
   Number of (model) time events : 0
   Number of (U) time events     : 0
   Number of state    events     : 102
   Number of step     events     : 0
   Minimum integration stepsize  : 1.85e-007
   Maximum integration stepsize  : 8.41
   Maximum integration order     : 5
Calling terminal section
... "dsfinal.txt" creating (final states)
