Log-file of program ./dymosim
(generated: Sat Dec 15 23:04:47 2018)

dymosim started
... "dsin.txt" loading (dymosim input file)
... "result.mat" creating (simulation result file)

Integration started at T = 0 using integration method DASSL
(DAE multi-step solver (dassl/dasslrt of Petzold modified by Dynasim))
Integration terminated successfully at T = 10
   CPU-time for integration      : 0.221 seconds
   CPU-time for one GRID interval: 0.0442 milliseconds
   Number of result points       : 5051
   Number of GRID   points       : 5001
   Number of (successful) steps  : 850
   Number of F-evaluations       : 1610
   Number of H-evaluations       : 5850
   Number of Jacobian-evaluations: 760
   Number of (model) time events : 50
   Number of (U) time events     : 0
   Number of state    events     : 0
   Number of step     events     : 0
   Minimum integration stepsize  : 2e-006
   Maximum integration stepsize  : 0.131
   Maximum integration order     : 1
Calling terminal section
... "dsfinal.txt" creating (final states)
