Log-file of program ./dymosim
(generated: Sat Dec 15 23:03:55 2018)

dymosim started
... "dsin.txt" loading (dymosim input file)
... "result.mat" creating (simulation result file)

Integration started at T = 0 using integration method DASSL
(DAE multi-step solver (dassl/dasslrt of Petzold modified by Dynasim))
Integration terminated successfully at T = 0.9
   CPU-time for integration      : 0.101 seconds
   CPU-time for one GRID interval: 0.0202 milliseconds
   Number of result points       : 5004
   Number of GRID   points       : 5001
   Number of (successful) steps  : 129
   Number of F-evaluations       : 340
   Number of Jacobian-evaluations: 37
   Number of (model) time events : 1
   Number of (U) time events     : 0
   Number of state    events     : 0
   Number of step     events     : 0
   Minimum integration stepsize  : 5.72e-008
   Maximum integration stepsize  : 0.0472
   Maximum integration order     : 5
Calling terminal section
... "dsfinal.txt" creating (final states)
