Log-file of program ./dymosim
(generated: Tue May  5 01:18:40 2020)

dymosim started
... "dsin.txt" loading (dymosim input file)
... "ThreePhaseTwoLevel_PWM.mat" creating (simulation result file)

Integration started at T = 0 using integration method DASSL
(DAE multi-step solver (dassl/dasslrt of Petzold modified by Dassault Systemes))
Integration terminated successfully at T = 2
   CPU-time for integration                : 0.459 seconds
   CPU-time for one grid interval          : 0.115 milliseconds
   CPU-time for initialization             : 0 seconds
   Number of result points                 : 6432
   Number of grid points                   : 4001
   Number of accepted steps                : 17593
   Number of f-evaluations (dynamics)      : 20881
   Number of crossing function evaluations : 31177
   Number of Jacobian-evaluations          : 14777
   Number of model time events             : 200
   Number of input time events             : 0
   Number of state events                  : 1184
   Number of step events                   : 0
   Minimum integration stepsize            : 5.48e-10
   Maximum integration stepsize            : 0.00161
   Maximum integration order               : 3
Calling terminal section
... "dsfinal.txt" creating (final states)
