 = true
Translation of Modelica.Electrical.PowerConverters.Examples.DCAC.PolyphaseTwoLevel.ThreePhaseTwoLevel_PWM:
The DAE has 402 scalar unknowns and 402 scalar equations.
 
Statistics
 
Original Model
  Number of components: 56
  Variables: 601
  Constants: 28 (45 scalars)
  Parameters: 235 (271 scalars)
  Unknowns: 338 (402 scalars)
  Differentiated variables: 7 scalars
  Equations: 259
  Nontrivial: 231
Translated Model
  Constants: 180 scalars
  Free parameters: 52 scalars
  Parameter depending: 107 scalars
  Continuous time states: 7 scalars
  Time-varying variables: 140 scalars
  Alias variables: 239 scalars
  Number of mixed real/discrete systems of equations: 3
  Sizes of linear systems of equations: {11, 11, 11}
  Sizes after manipulation of the linear systems: {4, 4, 4}
  Sizes of nonlinear systems of equations: { }
  Sizes after manipulation of the nonlinear systems: { }
  Number of numerical Jacobians: 0
  Initialization problem
    Number of mixed real/discrete systems of equations: 3
    Sizes of linear systems of equations: {11, 11, 11}
    Sizes after manipulation of the linear systems: {4, 4, 4}
 
Settings
Advanced.StoreProtectedVariables = true
Selected continuous time states
Statically selected continuous time states
  filter[1].x[]
  filter[2].x[]
  harmonic.mean1.x
  harmonic.mean2.x
  integrator.y
 