Log-file of program ./dymosim
(generated: Mon Mar 16 12:13:27 2020)

dymosim started
... "dsin.txt" loading (dymosim input file)
... "Engine1b_analytic.mat" creating (simulation result file)

Integration started at T = 0 using integration method DASSL
(DAE multi-step solver (dassl/dasslrt of Petzold modified by Dassault Systemes))
Integration terminated successfully at T = 0.5
   CPU-time for integration                : 0.129 seconds
   CPU-time for one grid interval          : 0.0258 milliseconds
   CPU-time for initialization             : 0.002 seconds
   Number of result points                 : 5062
   Number of grid points                   : 5001
   Number of accepted steps                : 2549
   Number of f-evaluations (dynamics)      : 4960
   Number of crossing function evaluations : 7785
   Number of Jacobian-evaluations          : 460
   Number of model time events             : 0
   Number of input time events             : 0
   Number of state events                  : 30
   Number of step events                   : 0
   Minimum integration stepsize            : 3.04e-10
   Maximum integration stepsize            : 0.00172
   Maximum integration order               : 5
Calling terminal section
... "dsfinal.txt" creating (final states)
