
Statistics

Original Model
  Number of components: 166
  Variables: 1433
  Constants: 1 (1 scalars)
  Parameters: 572 (1134 scalars)
  Unknowns: 860 (2753 scalars)
  Differentiated variables: 98 scalars
  Equations: 676
  Nontrivial: 397
Translated Model
  Constants: 2384 scalars
  Free parameters: 106 scalars
  Parameter depending: 505 scalars
  Continuous time states: 2 scalars
  Time-varying variables: 240 scalars
  Alias variables: 653 scalars
  Number of mixed real/discrete systems of equations: 0
  Sizes of linear systems of equations: {59}
  Sizes after manipulation of the linear systems: {0}
  Sizes of nonlinear systems of equations: { }
  Sizes after manipulation of the nonlinear systems: { }
  Number of numerical Jacobians: 0

Settings
Advanced.StoreProtectedVariables = true
Selected continuous time states
Statically selected continuous time states
  inertia.phi
  inertia.w

Finished

