
Statistics

Original Model
  Number of components: 105
  Variables: 829
  Parameters: 267 (463 scalars)
  Unknowns: 562 (1743 scalars)
  Differentiated variables: 50 scalars
  Equations: 461
  Nontrivial: 256
Translated Model
  Constants: 1605 scalars
  Free parameters: 44 scalars
  Parameter depending: 189 scalars
  Outputs: 4 scalars
  Continuous time states: 2 scalars
  Time-varying variables: 106 scalars
  Alias variables: 262 scalars
  Number of mixed real/discrete systems of equations: 0
  Sizes of linear systems of equations: {15}
  Sizes after manipulation of the linear systems: {0}
  Sizes of nonlinear systems of equations: { }
  Sizes after manipulation of the nonlinear systems: { }
  Number of numerical Jacobians: 0

Settings
Advanced.StoreProtectedVariables = true
Selected continuous time states
Statically selected continuous time states
  j1.phi
  j1.w

Finished

