Log-file of program ./dymosim
(generated: Sat Dec 15 23:25:35 2018)

dymosim started
... "dsin.txt" loading (dymosim input file)
... "result.mat" creating (simulation result file)

Integration started at T = 0 using integration method DASSL
(DAE multi-step solver (dassl/dasslrt of Petzold modified by Dynasim))
Integration terminated successfully at T = 10
   CPU-time for integration      : 6.61 seconds
   CPU-time for one GRID interval: 0.0661 milliseconds
   Number of result points       : 103510
   Number of GRID   points       : 100001
   Number of (successful) steps  : 139487
   Number of F-evaluations       : 294531
   Number of H-evaluations       : 256488
   Number of Jacobian-evaluations: 33079
   Number of (model) time events : 1000
   Number of (U) time events     : 0
   Number of state    events     : 2048
   Number of step     events     : 0
   Minimum integration stepsize  : 1.56e-014
   Maximum integration stepsize  : 0.000334
   Maximum integration order     : 5
Calling terminal section
... "dsfinal.txt" creating (final states)
