 = true
Translation of Modelica.Electrical.PowerConverters.Examples.ACDC.RectifierBridge2Pulse.ThyristorBridge2Pulse_RLV_Characteristic:
The DAE has 177 scalar unknowns and 177 scalar equations.
 
Statistics
 
Original Model
  Number of components: 41
  Variables: 290
  Constants: 8 (8 scalars)
  Parameters: 106 (106 scalars)
  Unknowns: 176 (177 scalars)
  Differentiated variables: 4 scalars
  Equations: 178
  Nontrivial: 154
Translated Model
  Constants: 49 scalars
  Free parameters: 35 scalars
  Parameter depending: 45 scalars
  Continuous time states: 4 scalars
  Time-varying variables: 55 scalars
  Alias variables: 107 scalars
  Number of mixed real/discrete systems of equations: 2
  Sizes of linear systems of equations: {6, 6}
  Sizes after manipulation of the linear systems: {2, 2}
  Sizes of nonlinear systems of equations: { }
  Sizes after manipulation of the nonlinear systems: { }
  Number of numerical Jacobians: 0
 
Settings
Advanced.StoreProtectedVariables = true
Selected continuous time states
Statically selected continuous time states
  inductor.i
  meanCurrent.x
  meanVoltage.x
  rootMeanSquareVoltage.mean.x
 