Log-file of program ./dymosim
(generated: Sat Dec 15 23:22:02 2018)

dymosim started
... "dsin.txt" loading (dymosim input file)
... "result.mat" creating (simulation result file)

Integration started at T = 0 using integration method DASSL
(DAE multi-step solver (dassl/dasslrt of Petzold modified by Dynasim))
Integration terminated successfully at T = 3
   CPU-time for integration      : 1.56 seconds
   CPU-time for one GRID interval: 0.0261 milliseconds
   Number of result points       : 60003
   Number of GRID   points       : 60001
   Number of (successful) steps  : 258
   Number of F-evaluations       : 589
   Number of H-evaluations       : 60258
   Number of Jacobian-evaluations: 51
   Number of (model) time events : 1
   Number of (U) time events     : 0
   Number of state    events     : 0
   Number of step     events     : 0
   Minimum integration stepsize  : 5.51e-010
   Maximum integration stepsize  : 0.116
   Maximum integration order     : 5
Calling terminal section
... "dsfinal.txt" creating (final states)
