 = true
Translation of Modelica.Electrical.PowerConverters.Examples.ACDC.RectifierCenterTap2Pulse.ThyristorCenterTap2Pulse_R:
The DAE has 139 scalar unknowns and 139 scalar equations.
 
Statistics
 
Original Model
  Number of components: 37
  Variables: 237
  Constants: 4 (4 scalars)
  Parameters: 95 (95 scalars)
  Unknowns: 138 (139 scalars)
  Differentiated variables: 3 scalars
  Equations: 141
  Nontrivial: 121
Translated Model
  Constants: 42 scalars
  Free parameters: 28 scalars
  Parameter depending: 46 scalars
  Continuous time states: 3 scalars
  Time-varying variables: 36 scalars
  Alias variables: 86 scalars
  Number of mixed real/discrete systems of equations: 1
  Sizes of linear systems of equations: {8}
  Sizes after manipulation of the linear systems: {2}
  Sizes of nonlinear systems of equations: { }
  Sizes after manipulation of the nonlinear systems: { }
  Number of numerical Jacobians: 0
 
Settings
Advanced.StoreProtectedVariables = true
Selected continuous time states
Statically selected continuous time states
  meanCurrent.x
  meanVoltage.x
  rootMeanSquareVoltage.mean.x
 