Log-file of program ./dymosim
(generated: Sun Dec 16 00:20:22 2018)

dymosim started
... "dsin.txt" loading (dymosim input file)
... "result.mat" creating (simulation result file)

Integration started at T = 0 using integration method DASSL
(DAE multi-step solver (dassl/dasslrt of Petzold modified by Dynasim))
Integration terminated successfully at T = 1
   CPU-time for integration      : 0.086 seconds
   CPU-time for one GRID interval: 0.043 milliseconds
   Number of result points       : 2013
   Number of GRID   points       : 2001
   Number of (successful) steps  : 268
   Number of F-evaluations       : 1043
   Number of H-evaluations       : 2330
   Number of Jacobian-evaluations: 157
   Number of (model) time events : 4
   Number of (U) time events     : 0
   Number of state    events     : 6
   Number of step     events     : 0
   Minimum integration stepsize  : 5e-007
   Maximum integration stepsize  : 0.0239
   Maximum integration order     : 5
Calling terminal section
... "dsfinal.txt" creating (final states)
