Log-file of program ./dymosim
(generated: Sat Dec 15 23:09:59 2018)

dymosim started
... "dsin.txt" loading (dymosim input file)
... "result.mat" creating (simulation result file)

Integration started at T = 0 using integration method DASSL
(DAE multi-step solver (dassl/dasslrt of Petzold modified by Dynasim))
Integration terminated successfully at T = 6.2832
   CPU-time for integration      : 0.085 seconds
   CPU-time for one GRID interval: 0.0676 milliseconds
   Number of result points       : 1259
   Number of GRID   points       : 1258
   Number of (successful) steps  : 78
   Number of F-evaluations       : 160
   Number of Jacobian-evaluations: 20
   Number of (model) time events : 0
   Number of (U) time events     : 0
   Number of state    events     : 0
   Number of step     events     : 0
   Minimum integration stepsize  : 4e-007
   Maximum integration stepsize  : 0.117
   Maximum integration order     : 5
Calling terminal section
... "dsfinal.txt" creating (final states)
