Log-file of program ./dymosim
(generated: Sun Dec 16 00:03:38 2018)

dymosim started
... "dsin.txt" loading (dymosim input file)
... "result.mat" creating (simulation result file)

Integration started at T = 0 using integration method DASSL
(DAE multi-step solver (dassl/dasslrt of Petzold modified by Dynasim))
Integration terminated successfully at T = 0.5
   CPU-time for integration      : 0.028 seconds
   CPU-time for one GRID interval: 0.028 milliseconds
   Number of result points       : 1012
   Number of GRID   points       : 1001
   Number of (successful) steps  : 169
   Number of F-evaluations       : 347
   Number of H-evaluations       : 1210
   Number of Jacobian-evaluations: 83
   Number of (model) time events : 0
   Number of (U) time events     : 0
   Number of state    events     : 5
   Number of step     events     : 0
   Minimum integration stepsize  : 6.72e-009
   Maximum integration stepsize  : 0.0959
   Maximum integration order     : 5
Calling terminal section
... "dsfinal.txt" creating (final states)
