 = true
Translation of Modelica.Electrical.Machines.Examples.InductionMachines.IMC_Transformer:
The DAE has 934 scalar unknowns and 934 scalar equations.
 
Statistics
 
Original Model
  Number of components: 104
  Variables: 1260
  Constants: 22 (22 scalars)
  Parameters: 409 (485 scalars)
  Unknowns: 829 (934 scalars)
  Differentiated variables: 30 scalars
  Equations: 490
  Nontrivial: 397
Translated Model
  Constants: 322 scalars
  Free parameters: 57 scalars
  Parameter depending: 250 scalars
  Continuous time states: 9 scalars
  Time-varying variables: 189 scalars
  Alias variables: 623 scalars
  Number of mixed real/discrete systems of equations: 0
  Sizes of linear systems of equations: {3, 21, 14, 2, 2}
  Sizes after manipulation of the linear systems: {0, 6, 4, 0, 2}
  Sizes of nonlinear systems of equations: { }
  Sizes after manipulation of the nonlinear systems: { }
  Number of numerical Jacobians: 0
  Initialization problem
    Sizes of linear systems of equations: {2}
    Sizes after manipulation of the linear systems: {2}
 
Settings
Advanced.StoreProtectedVariables = true
Selected continuous time states
Statically selected continuous time states
  aimc.i_0_s
  aimc.idq_rr[]
  aimc.idq_sr[]
  loadInertia.phi
  loadInertia.w
  transformer.l2sigma.inductor[2].i
  transformer.l2sigma.inductor[3].i
 