 = true
Translation of Modelica.Electrical.PowerConverters.Examples.ACDC.RectifierBridge2mPulse.ThyristorBridge2mPulse_RL:
The DAE has 443 scalar unknowns and 443 scalar equations.
 
Statistics
 
Original Model
  Number of components: 82
  Variables: 610
  Constants: 12 (12 scalars)
  Parameters: 204 (238 scalars)
  Unknowns: 394 (443 scalars)
  Differentiated variables: 4 scalars
  Equations: 267
  Nontrivial: 235
Translated Model
  Constants: 161 scalars
  Free parameters: 51 scalars
  Parameter depending: 101 scalars
  Continuous time states: 4 scalars
  Time-varying variables: 107 scalars
  Alias variables: 273 scalars
  Number of mixed real/discrete systems of equations: 2
  Sizes of linear systems of equations: {9, 9}
  Sizes after manipulation of the linear systems: {3, 3}
  Sizes of nonlinear systems of equations: { }
  Sizes after manipulation of the nonlinear systems: { }
  Number of numerical Jacobians: 0
 
Settings
Advanced.StoreProtectedVariables = true
Selected continuous time states
Statically selected continuous time states
  inductor.i
  meanCurrent.x
  meanVoltage.x
  rootMeanSquareVoltage.mean.x
 