 = true
Translation of Modelica.Electrical.PowerConverters.Examples.ACDC.RectifierBridge2mPulse.HalfControlledBridge2mPulse:
The DAE has 410 scalar unknowns and 410 scalar equations.
 
Statistics
 
Original Model
  Number of components: 75
  Variables: 580
  Constants: 12 (12 scalars)
  Parameters: 201 (233 scalars)
  Unknowns: 367 (410 scalars)
  Differentiated variables: 3 scalars
  Equations: 249
  Nontrivial: 218
Translated Model
  Constants: 159 scalars
  Free parameters: 48 scalars
  Parameter depending: 101 scalars
  Continuous time states: 3 scalars
  Time-varying variables: 99 scalars
  Alias variables: 248 scalars
  Number of mixed real/discrete systems of equations: 1
  Sizes of linear systems of equations: {20}
  Sizes after manipulation of the linear systems: {6}
  Sizes of nonlinear systems of equations: { }
  Sizes after manipulation of the nonlinear systems: { }
  Number of numerical Jacobians: 0
 
Settings
Advanced.StoreProtectedVariables = true
Selected continuous time states
Statically selected continuous time states
  meanCurrent.x
  meanVoltage.x
  rootMeanSquareVoltage.mean.x
 