Log-file of program ./dymosim
(generated: Sun Dec 16 00:07:06 2018)

dymosim started
... "dsin.txt" loading (dymosim input file)
... "result.mat" creating (simulation result file)

Integration started at T = 0 using integration method DASSL
(DAE multi-step solver (dassl/dasslrt of Petzold modified by Dynasim))
Integration terminated successfully at T = 25000
   CPU-time for integration      : 1.11 seconds
   CPU-time for one GRID interval: 0.111 milliseconds
   Number of result points       : 10022
   Number of GRID   points       : 10001
   Number of (successful) steps  : 374
   Number of F-evaluations       : 1420
   Number of H-evaluations       : 10452
   Number of Jacobian-evaluations: 194
   Number of (model) time events : 0
   Number of (U) time events     : 0
   Number of state    events     : 10
   Number of step     events     : 0
   Minimum integration stepsize  : 2.77e-005
   Maximum integration stepsize  : 731
   Maximum integration order     : 5
Calling terminal section
... "dsfinal.txt" creating (final states)
