Log-file of program ./dymosim
(generated: Sat Dec 15 23:12:50 2018)

dymosim started
... "dsin.txt" loading (dymosim input file)
... "result.mat" creating (simulation result file)

Integration started at T = 0 using integration method DASSL
(DAE multi-step solver (dassl/dasslrt of Petzold modified by Dynasim))
Integration terminated successfully at T = 1
   CPU-time for integration      : 0.103 seconds
   CPU-time for one GRID interval: 0.0515 milliseconds
   Number of result points       : 2042
   Number of GRID   points       : 2001
   Number of (successful) steps  : 547
   Number of F-evaluations       : 1111
   Number of H-evaluations       : 2670
   Number of Jacobian-evaluations: 525
   Number of (model) time events : 0
   Number of (U) time events     : 0
   Number of state    events     : 20
   Number of step     events     : 0
   Minimum integration stepsize  : 1.25e-010
   Maximum integration stepsize  : 0.0461
   Maximum integration order     : 2
Calling terminal section
... "dsfinal.txt" creating (final states)
