Log-file of program ./dymosim
(generated: Sun Dec 16 00:02:34 2018)

dymosim started
... "dsin.txt" loading (dymosim input file)
... "result.mat" creating (simulation result file)

Integration started at T = 0 using integration method DASSL
(DAE multi-step solver (dassl/dasslrt of Petzold modified by Dynasim))
Integration terminated successfully at T = 10
   CPU-time for integration      : 0.594 seconds
   CPU-time for one GRID interval: 0.119 milliseconds
   Number of result points       : 5028
   Number of GRID   points       : 5001
   Number of (successful) steps  : 1005
   Number of F-evaluations       : 3427
   Number of Jacobian-evaluations: 450
   Number of (model) time events : 0
   Number of (U) time events     : 0
   Number of state    events     : 0
   Number of step     events     : 35
   Minimum integration stepsize  : 1.68e-007
   Maximum integration stepsize  : 0.0444
   Maximum integration order     : 5
Calling terminal section
... "dsfinal.txt" creating (final states)
