 = true
Translation of Modelica.Electrical.PowerConverters.Examples.ACDC.RectifierCenterTap2mPulse.ThyristorCenterTap2mPulse_RL:
The DAE has 441 scalar unknowns and 441 scalar equations.
 
Statistics
 
Original Model
  Number of components: 82
  Variables: 616
  Constants: 12 (12 scalars)
  Parameters: 216 (260 scalars)
  Unknowns: 388 (441 scalars)
  Differentiated variables: 4 scalars
  Equations: 261
  Nontrivial: 223
Translated Model
  Constants: 142 scalars
  Free parameters: 48 scalars
  Parameter depending: 124 scalars
  Continuous time states: 4 scalars
  Time-varying variables: 98 scalars
  Alias variables: 301 scalars
  Number of mixed real/discrete systems of equations: 1
  Sizes of linear systems of equations: {19}
  Sizes after manipulation of the linear systems: {6}
  Sizes of nonlinear systems of equations: { }
  Sizes after manipulation of the nonlinear systems: { }
  Number of numerical Jacobians: 0
 
Settings
Advanced.StoreProtectedVariables = true
Selected continuous time states
Statically selected continuous time states
  inductor.i
  meanCurrent.x
  meanVoltage.x
  rootMeanSquareVoltage.mean.x
 