 = true
Translation of Modelica.Magnetic.FundamentalWave.Examples.BasicMachines.SMPM_VoltageSource:
The DAE has 911 scalar unknowns and 911 scalar equations.
 
Statistics
 
Original Model
  Number of components: 198
  Variables: 1191
  Constants: 10 (10 scalars)
  Parameters: 355 (428 scalars)
  Unknowns: 826 (911 scalars)
  Differentiated variables: 21 scalars
  Equations: 503
  Nontrivial: 403
Translated Model
  Constants: 453 scalars
  Free parameters: 33 scalars
  Parameter depending: 162 scalars
  Continuous time states: 6 scalars
  Time-varying variables: 161 scalars
  Alias variables: 540 scalars
  Number of mixed real/discrete systems of equations: 0
  Sizes of linear systems of equations: {10, 8, 4, 2}
  Sizes after manipulation of the linear systems: {2, 2, 2, 0}
  Sizes of nonlinear systems of equations: { }
  Sizes after manipulation of the nonlinear systems: { }
  Number of numerical Jacobians: 0
  Initialization problem
    Sizes of linear systems of equations: {2}
    Sizes after manipulation of the linear systems: {2}
 
Settings
Advanced.StoreProtectedVariables = true
Selected continuous time states
Statically selected continuous time states
  inertiaLoad.phi
  inertiaLoad.w
  smpm.stator.electroMagneticConverter.singlePhaseElectroMagneticConverter[1].Phi.re
  smpm.stator.electroMagneticConverter.singlePhaseElectroMagneticConverter[2].Phi.im
  voltageController.PI_d.x
  voltageController.PI_q.x
 