Log-file of program ./dymosim
(generated: Sat Dec 15 23:05:04 2018)

dymosim started
... "dsin.txt" loading (dymosim input file)
... "result.mat" creating (simulation result file)

Integration started at T = 0 using integration method DASSL
(DAE multi-step solver (dassl/dasslrt of Petzold modified by Dynasim))
Integration terminated successfully at T = 2
   CPU-time for integration      : 0.107 seconds
   CPU-time for one GRID interval: 0.0214 milliseconds
   Number of result points       : 5003
   Number of GRID   points       : 5001
   Number of (successful) steps  : 43
   Number of F-evaluations       : 83
   Number of Jacobian-evaluations: 40
   Number of (model) time events : 1
   Number of (U) time events     : 0
   Number of state    events     : 0
   Number of step     events     : 0
   Minimum integration stepsize  : 4e-007
   Maximum integration stepsize  : 0.661
   Maximum integration order     : 1
Calling terminal section
... "dsfinal.txt" creating (final states)
