Log-file of program ./dymosim
(generated: Sun Dec 16 00:19:59 2018)

dymosim started
... "dsin.txt" loading (dymosim input file)
... "result.mat" creating (simulation result file)

Integration started at T = 0 using integration method DASSL
(DAE multi-step solver (dassl/dasslrt of Petzold modified by Dynasim))
Integration terminated successfully at T = 2
   CPU-time for integration      : 0.131 seconds
   CPU-time for one GRID interval: 0.0328 milliseconds
   Number of result points       : 4006
   Number of GRID   points       : 4001
   Number of (successful) steps  : 218
   Number of F-evaluations       : 577
   Number of H-evaluations       : 4239
   Number of Jacobian-evaluations: 107
   Number of (model) time events : 4
   Number of (U) time events     : 0
   Number of state    events     : 2
   Number of step     events     : 0
   Minimum integration stepsize  : 5e-007
   Maximum integration stepsize  : 0.0949
   Maximum integration order     : 5
Calling terminal section
... "dsfinal.txt" creating (final states)
