Log-file of program ./dymosim
(generated: Mon Mar 16 11:55:08 2020)

dymosim started
... "dsin.txt" loading (dymosim input file)
... "SMEE_DOL.mat" creating (simulation result file)

Integration started at T = 0 using integration method DASSL
(DAE multi-step solver (dassl/dasslrt of Petzold modified by Dassault Systemes))
Integration terminated successfully at T = 3
   CPU-time for integration                : 1.47 seconds
   CPU-time for one grid interval          : 0.0245 milliseconds
   CPU-time for initialization             : 0 seconds
   Number of result points                 : 60004
   Number of grid points                   : 60001
   Number of accepted steps                : 13475
   Number of f-evaluations (dynamics)      : 26897
   Number of Jacobian-evaluations          : 71
   Number of model time events             : 3
   Number of input time events             : 0
   Number of state events                  : 0
   Number of step events                   : 0
   Minimum integration stepsize            : 9.35e-10
   Maximum integration stepsize            : 0.000299
   Maximum integration order               : 5
Calling terminal section
... "dsfinal.txt" creating (final states)
