Log-file of program ./dymosim
(generated: Tue May  5 01:57:11 2020)

dymosim started
... "dsin.txt" loading (dymosim input file)
... "SMEE_Generator.mat" creating (simulation result file)

Integration started at T = 0 using integration method DASSL
(DAE multi-step solver (dassl/dasslrt of Petzold modified by Dassault Systemes))
Integration terminated successfully at T = 30
   CPU-time for integration                : 4.78 seconds
   CPU-time for one grid interval          : 0.0796 milliseconds
   CPU-time for initialization             : 0.001 seconds
   Number of result points                 : 60003
   Number of grid points                   : 60001
   Number of accepted steps                : 101293
   Number of f-evaluations (dynamics)      : 202560
   Number of Jacobian-evaluations          : 37
   Number of model time events             : 1
   Number of input time events             : 0
   Number of state events                  : 0
   Number of step events                   : 0
   Minimum integration stepsize            : 6.91e-10
   Maximum integration stepsize            : 0.000369
   Maximum integration order               : 5
Calling terminal section
... "dsfinal.txt" creating (final states)
