Log-file of program ./dymosim
(generated: Mon Mar 16 11:07:21 2020)

dymosim started
... "dsin.txt" loading (dymosim input file)
... "FirstExample_Variant3.mat" creating (simulation result file)

Integration started at T = 0 using integration method DASSL
(DAE multi-step solver (dassl/dasslrt of Petzold modified by Dassault Systemes))
Integration terminated successfully at T = 5
   CPU-time for integration                : 0.066 seconds
   CPU-time for one grid interval          : 0.0132 milliseconds
   CPU-time for initialization             : 0 seconds
   Number of result points                 : 5009
   Number of grid points                   : 5001
   Number of accepted steps                : 100
   Number of f-evaluations (dynamics)      : 100
   Number of crossing function evaluations : 5121
   Number of Jacobian-evaluations          : 95
   Number of model time events             : 2
   Number of input time events             : 0
   Number of state events                  : 2
   Number of step events                   : 0
   Minimum integration stepsize            : 1e-06
   Maximum integration stepsize            : 0.524
   Maximum integration order               : 1
Calling terminal section
... "dsfinal.txt" creating (final states)
