 = true
Translation of Modelica.Electrical.PowerConverters.Examples.ACDC.RectifierCenterTapmPulse.ThyristorCenterTapmPulse_RL:
The DAE has 325 scalar unknowns and 325 scalar equations.
 
Statistics
 
Original Model
  Number of components: 64
  Variables: 440
  Constants: 6 (6 scalars)
  Parameters: 148 (172 scalars)
  Unknowns: 286 (325 scalars)
  Differentiated variables: 4 scalars
  Equations: 198
  Nontrivial: 169
Translated Model
  Constants: 108 scalars
  Free parameters: 36 scalars
  Parameter depending: 76 scalars
  Continuous time states: 4 scalars
  Time-varying variables: 69 scalars
  Alias variables: 214 scalars
  Number of mixed real/discrete systems of equations: 1
  Sizes of linear systems of equations: {9}
  Sizes after manipulation of the linear systems: {3}
  Sizes of nonlinear systems of equations: { }
  Sizes after manipulation of the nonlinear systems: { }
  Number of numerical Jacobians: 0
 
Settings
Advanced.StoreProtectedVariables = true
Selected continuous time states
Statically selected continuous time states
  inductor.i
  meanCurrent.x
  meanVoltage.x
  rootMeanSquareVoltage.mean.x
 