Log-file of program ./dymosim
(generated: Sat Dec 15 23:19:59 2018)

dymosim started
... "dsin.txt" loading (dymosim input file)
... "result.mat" creating (simulation result file)

Integration started at T = 0 using integration method DASSL
(DAE multi-step solver (dassl/dasslrt of Petzold modified by Dynasim))
Integration terminated successfully at T = 30
   CPU-time for integration      : 3.2 seconds
   CPU-time for one GRID interval: 0.0534 milliseconds
   Number of result points       : 60003
   Number of GRID   points       : 60001
   Number of (successful) steps  : 2787
   Number of F-evaluations       : 24095
   Number of Jacobian-evaluations: 3089
   Number of (model) time events : 1
   Number of (U) time events     : 0
   Number of state    events     : 0
   Number of step     events     : 0
   Minimum integration stepsize  : 1.64e-010
   Maximum integration stepsize  : 0.105
   Maximum integration order     : 5
Calling terminal section
... "dsfinal.txt" creating (final states)
