 = true
TestID: 2018-12-15_230315_Modelica_v3.2.3-rc.2_2019
This is translation 168 of 422
Translation of Modelica.Electrical.QuasiStationary.SinglePhase.Examples.Transformer:
The DAE has 276 scalar unknowns and 276 scalar equations.
 
Statistics
 
Original Model
  Number of components: 115
  Variables: 296
  Parameters: 20 (20 scalars)
  Unknowns: 276 (276 scalars)
  Differentiated variables: 6 scalars
  Equations: 201
  Nontrivial: 168
Translated Model
  Constants: 60 scalars
  Free parameters: 15 scalars
  Parameter depending: 8 scalars
  Continuous time states: 2 scalars
  Time-varying variables: 86 scalars
  Alias variables: 127 scalars
  Number of mixed real/discrete systems of equations: 0
  Sizes of linear systems of equations: { }
  Sizes after manipulation of the linear systems: { }
  Sizes of nonlinear systems of equations: { }
  Sizes after manipulation of the nonlinear systems: { }
  Number of numerical Jacobians: 0
 
Settings
Advanced.StoreProtectedVariables = true
Selected continuous time states
Statically selected continuous time states
  load.pin_p.reference.gamma
  voltageSource.pin_p.reference.gamma
 
Finished
Save translation log