 = true
TestID: 2018-12-15_230315_Modelica_v3.2.3-rc.2_2019
This is translation 305 of 422
Translation of Modelica.Fluid.Examples.TraceSubstances.RoomCO2WithControls:
The DAE has 829 scalar unknowns and 829 scalar equations.
 
Statistics
 
Original Model
  Number of components: 93
  Variables: 1007
  Constants: 148 (347 scalars)
  Parameters: 313 (356 scalars)
  Unknowns: 546 (838 scalars)
  Differentiated variables: 36 scalars
  Equations: 463
  Nontrivial: 391
Translated Model
  Constants: 675 scalars
  Free parameters: 99 scalars
  Parameter depending: 118 scalars
  Continuous time states: 21 scalars
  Time-varying variables: 307 scalars
  Alias variables: 342 scalars
  Number of mixed real/discrete systems of equations: 0
  Sizes of linear systems of equations: {8, 8, 8, 8, 8}
  Sizes after manipulation of the linear systems: {2, 2, 2, 2, 2}
  Sizes of nonlinear systems of equations: {7}
  Sizes after manipulation of the nonlinear systems: {1}
  Number of numerical Jacobians: 1
  Initialization problem
    Sizes of linear systems of equations: {2, 2, 2, 2}
    Sizes after manipulation of the linear systems: {0, 0, 0, 0}
    Sizes of nonlinear systems of equations: {2, 2, 2, 2, 2, 2, 7}
    Sizes after manipulation of the nonlinear systems: {1, 1, 1, 1, 1, 1, 1}
    Number of numerical Jacobians: 7
 
Settings
Advanced.StoreProtectedVariables = true
Selected continuous time states
Statically selected continuous time states
  ductIn.mCs_scaled[]
  ductIn.mediums[1].p
  ductIn.mediums[1].T
  ductIn.mediums[1].Xi[]
  ductIn.mediums[2].p
  ductIn.mediums[2].T
  ductIn.mediums[2].Xi[]
  ductOut.mCs_scaled[]
  ductOut.mediums[1].p
  ductOut.mediums[1].T
  ductOut.mediums[1].Xi[]
  ductOut.mediums[2].p
  ductOut.mediums[2].T
  ductOut.mediums[2].Xi[]
  PID.I.y
  volume.mC_scaled[]
  volume.medium.p
  volume.medium.T
  volume.medium.Xi[]
 
Finished
Save translation log