 = true
Translation of Modelica.Fluid.Examples.AST_BatchPlant.BatchPlant_StandardWater:
The DAE has 2241 scalar unknowns and 2241 scalar equations.
 
Statistics
 
Original Model
  Number of components: 270
  Variables: 3645
  Constants: 66 (66 scalars)
  Parameters: 1136 (1144 scalars)
  Unknowns: 2443 (2247 scalars)
  Differentiated variables: 75 scalars
  Equations: 1840
  Nontrivial: 1444
Translated Model
  Constants: 1107 scalars
  Free parameters: 265 scalars
  Parameter depending: 282 scalars
  Continuous time states: 34 scalars
  Time-varying variables: 731 scalars
  Alias variables: 1072 scalars
  Number of mixed real/discrete systems of equations: 0
  Sizes of linear systems of equations: {6, 6, 6, 6, 6, 6, 6, 6, 2, 2, 2, 2, 2, 2, 2, 4, 2, 2, 2}
  Sizes after manipulation of the linear systems: {2, 2, 2, 2, 0, 2, 0, 2, 0, 0, 0, 0, 0, 0, 0, 2, 0, 0, 0}
  Sizes of nonlinear systems of equations: {3, 12, 18, 3, 4, 9, 9, 12, 6, 6}
  Sizes after manipulation of the nonlinear systems: {1, 2, 2, 1, 2, 2, 2, 2, 1, 1}
  Number of numerical Jacobians: 7
  Initialization problem
    Number of mixed real/discrete systems of equations: 1
    Sizes of linear systems of equations: {2, 2, 2, 2, 2, 2, 2, 2, 2, 2, 2, 2, 2, 2, 2, 2}
    Sizes after manipulation of the linear systems: {0, 0, 0, 0, 0, 0, 0, 0, 0, 0, 0, 0, 0, 0, 0, 0}
    Sizes of nonlinear systems of equations: {2, 2, 2, 2, 2, 2, 2, 2, 2, 2, 2, 2, 2, 2, 2, 2, 2, 2, 2, 2, 2, 2, 2, 2, 1, 12, 18,   9, 9, 12, 6, 6}
    Sizes after manipulation of the nonlinear systems: {1, 1, 1, 1, 1, 1, 1, 1, 1, 1, 1, 1, 1, 1, 1, 1, 1, 1, 1, 1, 1, 1, 1, 1, 1, 2, 2,   2, 2, 2, 1, 1}
    Number of numerical Jacobians: 7
 
Settings
Advanced.StoreProtectedVariables = true
Selected continuous time states
Statically selected continuous time states
  B1.level
  B1.medium.h
  B2.level
  B2.medium.h
  B3.level
  B3.medium.h
  B4.level
  B4.medium.h
  B5.level
  B5.medium.h
  B6.level
  B6.medium.h
  B7.level
  B7.medium.h
  P1.medium.h
  P1.medium.p
  P2.medium.h
  P2.medium.p
  pipeB1B2.mediums[1].h
  pipeB1B2.mediums[1].p
  pipeB1B2.mediums[2].h
  pipeB1B2.mediums[2].p
  pipePump1B1.mediums[1].h
  pipePump1B1.mediums[1].p
  pipePump1B1.mediums[2].h
  pipePump1B1.mediums[2].p
  pipePump2B2.mediums[1].h
  pipePump2B2.mediums[1].p
  pipePump2B2.mediums[2].h
  pipePump2B2.mediums[2].p
  volume4.medium.h
  volume4.medium.p
  volume5.medium.h
  volume5.medium.p
 