Log-file of program ./dymosim
(generated: Sun Dec 16 00:14:22 2018)

dymosim started
... "dsin.txt" loading (dymosim input file)
... "result.mat" creating (simulation result file)

Integration started at T = 0 using integration method DASSL
(DAE multi-step solver (dassl/dasslrt of Petzold modified by Dynasim))
Integration terminated successfully at T = 1.01
   CPU-time for integration      : 12.6 seconds
   CPU-time for one GRID interval: 2.52 milliseconds
   Number of result points       : 5002
   Number of GRID   points       : 5001
   Number of (successful) steps  : 101
   Number of F-evaluations       : 293
   Number of H-evaluations       : 5101
   Number of Jacobian-evaluations: 16
   Number of (model) time events : 0
   Number of (U) time events     : 0
   Number of state    events     : 0
   Number of step     events     : 0
   Minimum integration stepsize  : 1.56e-007
   Maximum integration stepsize  : 0.0366
   Maximum integration order     : 5
Calling terminal section
... "dsfinal.txt" creating (final states)
