Log-file of program ./dymosim
(generated: Sun Dec 16 00:38:38 2018)

dymosim started
... "dsin.txt" loading (dymosim input file)
... "result.mat" creating (simulation result file)

Integration started at T = 0 using integration method DASSL
(DAE multi-step solver (dassl/dasslrt of Petzold modified by Dynasim))
Integration terminated successfully at T = 1.1
   CPU-time for integration      : 3.53 seconds
   CPU-time for one GRID interval: 0.161 milliseconds
   Number of result points       : 23386
   Number of GRID   points       : 22001
   Number of (successful) steps  : 56535
   Number of F-evaluations       : 208140
   Number of H-evaluations       : 83912
   Number of Jacobian-evaluations: 10779
   Number of (model) time events : 0
   Number of (U) time events     : 0
   Number of state    events     : 692
   Number of step     events     : 0
   Minimum integration stepsize  : 1.36e-011
   Maximum integration stepsize  : 9.95e-005
   Maximum integration order     : 5
Calling terminal section
... "dsfinal.txt" creating (final states)
