Log-file of program ./dymosim
(generated: Sat Dec 15 23:20:15 2018)

dymosim started
... "dsin.txt" loading (dymosim input file)
... "result.mat" creating (simulation result file)

Integration started at T = 0 using integration method DASSL
(DAE multi-step solver (dassl/dasslrt of Petzold modified by Dynasim))
Integration terminated successfully at T = 10
   CPU-time for integration      : 21.4 seconds
   CPU-time for one GRID interval: 0.107 milliseconds
   Number of result points       : 200019
   Number of GRID   points       : 200001
   Number of (successful) steps  : 2211
   Number of F-evaluations       : 8450
   Number of H-evaluations       : 202239
   Number of Jacobian-evaluations: 476
   Number of (model) time events : 6
   Number of (U) time events     : 0
   Number of state    events     : 6
   Number of step     events     : 0
   Minimum integration stepsize  : 1.71e-012
   Maximum integration stepsize  : 0.0367
   Maximum integration order     : 5
Calling terminal section
... "dsfinal.txt" creating (final states)
