 = true
Translation of Modelica.Electrical.Machines.Examples.SynchronousMachines.SMEE_LoadDump:
The DAE has 731 scalar unknowns and 731 scalar equations.
 
Statistics
 
Original Model
  Number of components: 96
  Variables: 1034
  Constants: 10 (10 scalars)
  Parameters: 372 (440 scalars)
  Unknowns: 652 (731 scalars)
  Differentiated variables: 31 scalars
  Equations: 450
  Nontrivial: 364
Translated Model
  Constants: 300 scalars
  Free parameters: 88 scalars
  Parameter depending: 196 scalars
  Outputs: 1 scalars
  Continuous time states: 8 scalars
  Time-varying variables: 139 scalars
  Alias variables: 458 scalars
  Number of mixed real/discrete systems of equations: 3
  Sizes of linear systems of equations: {3}
  Sizes after manipulation of the linear systems: {2}
  Sizes of nonlinear systems of equations: {45}
  Sizes after manipulation of the nonlinear systems: {8}
  Number of numerical Jacobians: 0
  Initialization problem
    Number of mixed real/discrete systems of equations: 3
    Sizes of linear systems of equations: {3, 6, 7, 2, 15}
    Sizes after manipulation of the linear systems: {0, 2, 2, 2, 5}
 
Settings
Advanced.StoreProtectedVariables = true
Selected continuous time states
Statically selected continuous time states
  smee.idq_dr[1]
  smee.idq_rr[2]
  smee.idq_sr[]
  smee.lesigma.i
  speed.phi
  speed.w
  voltageController.I.y
 