Log-file of program ./dymosim
(generated: Sun Dec 16 00:07:24 2018)

dymosim started
... "dsin.txt" loading (dymosim input file)
... "result.mat" creating (simulation result file)

Integration started at T = 0 using integration method DASSL
(DAE multi-step solver (dassl/dasslrt of Petzold modified by Dynasim))
Integration terminated successfully at T = 900
   CPU-time for integration      : 0.313 seconds
   CPU-time for one GRID interval: 0.0626 milliseconds
   Number of result points       : 5036
   Number of GRID   points       : 5001
   Number of (successful) steps  : 488
   Number of F-evaluations       : 2079
   Number of H-evaluations       : 5559
   Number of Jacobian-evaluations: 316
   Number of (model) time events : 8
   Number of (U) time events     : 0
   Number of state    events     : 9
   Number of step     events     : 0
   Minimum integration stepsize  : 6.29e-006
   Maximum integration stepsize  : 24.9
   Maximum integration order     : 5
Calling terminal section
... "dsfinal.txt" creating (final states)
