
Statistics

Original Model
  Number of components: 92
  Variables: 677
  Parameters: 195 (292 scalars)
  Unknowns: 482 (1444 scalars)
  Differentiated variables: 25 scalars
  Equations: 408
  Nontrivial: 217
Translated Model
  Constants: 1290 scalars
  Free parameters: 66 scalars
  Parameter depending: 86 scalars
  Continuous time states: 4 scalars
  Time-varying variables: 48 scalars
  Alias variables: 246 scalars
  Number of mixed real/discrete systems of equations: 0
  Sizes of linear systems of equations: {3}
  Sizes after manipulation of the linear systems: {0}
  Sizes of nonlinear systems of equations: { }
  Sizes after manipulation of the nonlinear systems: { }
  Number of numerical Jacobians: 0

Settings
Advanced.StoreProtectedVariables = true
Selected continuous time states
Statically selected continuous time states
  revolute.phi
  revolute.w
  rotor1D.phi
  rotor1D.w

Finished

