Log-file of program ./dymosim
(generated: Sun Dec 16 00:02:57 2018)

dymosim started
... "dsin.txt" loading (dymosim input file)
... "result.mat" creating (simulation result file)

Integration started at T = 0 using integration method DASSL
(DAE multi-step solver (dassl/dasslrt of Petzold modified by Dynasim))
Simulation successfully terminated
... End condition reached
Integration terminated successfully at T = 1.856045002
   CPU-time for integration      : 1.46 seconds
   CPU-time for one GRID interval: 0.314 milliseconds
   Number of result points       : 4735
   Number of GRID   points       : 4642
   Number of (successful) steps  : 3894
   Number of F-evaluations       : 19054
   Number of H-evaluations       : 8832
   Number of Jacobian-evaluations: 526
   Number of (model) time events : 4
   Number of (U) time events     : 0
   Number of state    events     : 43
   Number of step     events     : 0
   Minimum integration stepsize  : 1.63e-010
   Maximum integration stepsize  : 0.009
   Maximum integration order     : 5
Calling terminal section
... "dsfinal.txt" creating (final states)
