Log-file of program ./dymosim
(generated: Sat Dec 15 23:25:27 2018)

dymosim started
... "dsin.txt" loading (dymosim input file)
... "result.mat" creating (simulation result file)

Integration started at T = 0 using integration method DASSL
(DAE multi-step solver (dassl/dasslrt of Petzold modified by Dynasim))
Integration terminated successfully at T = 0.1
   CPU-time for integration      : 0.079 seconds
   CPU-time for one GRID interval: 0.079 milliseconds
   Number of result points       : 1042
   Number of GRID   points       : 1001
   Number of (successful) steps  : 1421
   Number of F-evaluations       : 2971
   Number of H-evaluations       : 2610
   Number of Jacobian-evaluations: 332
   Number of (model) time events : 10
   Number of (U) time events     : 0
   Number of state    events     : 22
   Number of step     events     : 0
   Minimum integration stepsize  : 3.61e-013
   Maximum integration stepsize  : 0.00113
   Maximum integration order     : 5
Calling terminal section
... "dsfinal.txt" creating (final states)
