 = true
Translation of Modelica.Electrical.QuasiStationary.MultiPhase.Examples.BalancingDelta:
The DAE has 1203 scalar unknowns and 1203 scalar equations.
 
Statistics
 
Original Model
  Number of components: 609
  Variables: 1294
  Constants: 1 (1 scalars)
  Parameters: 126 (132 scalars)
  Unknowns: 1167 (1203 scalars)
  Differentiated variables: 12 scalars
  Equations: 397
  Nontrivial: 332
Translated Model
  Constants: 500 scalars
  Free parameters: 17 scalars
  Parameter depending: 46 scalars
  Outputs: 6 scalars
  Continuous time states: 1 scalars
  Time-varying variables: 127 scalars
  Alias variables: 646 scalars
  Number of mixed real/discrete systems of equations: 0
  Sizes of linear systems of equations: { }
  Sizes after manipulation of the linear systems: { }
  Sizes of nonlinear systems of equations: { }
  Sizes after manipulation of the nonlinear systems: { }
  Number of numerical Jacobians: 0
 
Settings
Advanced.StoreProtectedVariables = true
Selected continuous time states
Statically selected continuous time states
  currentSensor12.pin_p.reference.gamma
 