Log-file of program ./dymosim
(generated: Wed Mar 11 18:27:11 2020)

dymosim started
... "dsin.txt" loading (dymosim input file)
... "SpeedControlledDCPM.mat" creating (simulation result file)

Integration started at T = 0 using integration method DASSL
(DAE multi-step solver (dassl/dasslrt of Petzold modified by Dassault Systemes))
Integration terminated successfully at T = 1
   CPU-time for integration                : 0.316 seconds
   CPU-time for one grid interval          : 0.0158 milliseconds
   CPU-time for initialization             : 0 seconds
   Number of result points                 : 20018
   Number of grid points                   : 20001
   Number of accepted steps                : 1080
   Number of f-evaluations (dynamics)      : 2109
   Number of crossing function evaluations : 21122
   Number of Jacobian-evaluations          : 172
   Number of model time events             : 2
   Number of input time events             : 0
   Number of state events                  : 7
   Number of step events                   : 0
   Minimum integration stepsize            : 8.12e-11
   Maximum integration stepsize            : 0.0758
   Maximum integration order               : 5
Calling terminal section
... "dsfinal.txt" creating (final states)
