Log-file of program ./dymosim
(generated: Sun Dec 16 00:05:50 2018)

dymosim started
... "dsin.txt" loading (dymosim input file)
... "result.mat" creating (simulation result file)

Integration started at T = 0 using integration method DASSL
(DAE multi-step solver (dassl/dasslrt of Petzold modified by Dynasim))
Integration terminated successfully at T = 5
   CPU-time for integration      : 0.036 seconds
   CPU-time for one GRID interval: 0.036 milliseconds
   Number of result points       : 1014
   Number of GRID   points       : 1001
   Number of (successful) steps  : 461
   Number of F-evaluations       : 1236
   Number of H-evaluations       : 1507
   Number of Jacobian-evaluations: 167
   Number of (model) time events : 0
   Number of (U) time events     : 0
   Number of state    events     : 6
   Number of step     events     : 0
   Minimum integration stepsize  : 2.34e-008
   Maximum integration stepsize  : 0.0561
   Maximum integration order     : 5
Calling terminal section
... "dsfinal.txt" creating (final states)
