Log-file of program ./dymosim
(generated: Mon Mar 16 11:50:28 2020)

dymosim started
... "dsin.txt" loading (dymosim input file)
... "AIMC_Transformer.mat" creating (simulation result file)

Integration started at T = 0 using integration method DASSL
(DAE multi-step solver (dassl/dasslrt of Petzold modified by Dassault Systemes))
Integration terminated successfully at T = 2.5
   CPU-time for integration                : 1.75 seconds
   CPU-time for one grid interval          : 0.035 milliseconds
   CPU-time for initialization             : 0 seconds
   Number of result points                 : 50004
   Number of grid points                   : 50001
   Number of accepted steps                : 13924
   Number of f-evaluations (dynamics)      : 27927
   Number of crossing function evaluations : 63924
   Number of Jacobian-evaluations          : 118
   Number of model time events             : 2
   Number of input time events             : 0
   Number of state events                  : 0
   Number of step events                   : 0
   Minimum integration stepsize            : 6.67e-16
   Maximum integration stepsize            : 0.000809
   Maximum integration order               : 5
Calling terminal section
... "dsfinal.txt" creating (final states)
