Log-file of program ./dymosim
(generated: Sat Dec 15 23:31:54 2018)

dymosim started
... "dsin.txt" loading (dymosim input file)
... "result.mat" creating (simulation result file)

Integration started at T = 0 using integration method DASSL
(DAE multi-step solver (dassl/dasslrt of Petzold modified by Dynasim))
Integration terminated successfully at T = 0.1
   CPU-time for integration      : 3.45 seconds
   CPU-time for one GRID interval: 0.345 milliseconds
   Number of result points       : 11373
   Number of GRID   points       : 10001
   Number of (successful) steps  : 12098
   Number of F-evaluations       : 63564
   Number of H-evaluations       : 27113
   Number of Jacobian-evaluations: 9620
   Number of (model) time events : 100
   Number of (U) time events     : 0
   Number of state    events     : 663
   Number of step     events     : 0
   Minimum integration stepsize  : 1.13e-010
   Maximum integration stepsize  : 0.000126
   Maximum integration order     : 3
Calling terminal section
... "dsfinal.txt" creating (final states)
