Log-file of program ./dymosim
(generated: Sat Dec 15 23:08:06 2018)

dymosim started
... "dsin.txt" loading (dymosim input file)
... "result.mat" creating (simulation result file)

Integration started at T = 0 using integration method DASSL
(DAE multi-step solver (dassl/dasslrt of Petzold modified by Dynasim))
Integration terminated successfully at T = 60
   CPU-time for integration      : 13.3 seconds
   CPU-time for one GRID interval: 4.43 milliseconds
   Number of result points       : 4801
   Number of GRID   points       : 3001
   Number of (successful) steps  : 120724
   Number of F-evaluations       : 644043
   Number of Jacobian-evaluations: 38928
   Number of (model) time events : 1200
   Number of (U) time events     : 0
   Number of state    events     : 0
   Number of step     events     : 0
   Minimum integration stepsize  : 2.16e-012
   Maximum integration stepsize  : 0.025
   Maximum integration order     : 1
Calling terminal section
... "dsfinal.txt" creating (final states)
