 = true
Translation of Modelica.Electrical.Machines.Examples.AsynchronousInductionMachines.AIMC_withLosses:
The DAE has 524 scalar unknowns and 524 scalar equations.
 
Statistics
 
Original Model
  Number of components: 67
  Variables: 734
  Constants: 7 (7 scalars)
  Parameters: 267 (448 scalars)
  Unknowns: 460 (524 scalars)
  Differentiated variables: 25 scalars
  Equations: 296
  Nontrivial: 228
Translated Model
  Constants: 193 scalars
  Free parameters: 104 scalars
  Parameter depending: 219 scalars
  Outputs: 13 scalars
  Continuous time states: 8 scalars
  Time-varying variables: 111 scalars
  Alias variables: 352 scalars
  Number of mixed real/discrete systems of equations: 0
  Sizes of linear systems of equations: {15, 7, 14, 2}
  Sizes after manipulation of the linear systems: {2, 0, 4, 2}
  Sizes of nonlinear systems of equations: { }
  Sizes after manipulation of the nonlinear systems: { }
  Number of numerical Jacobians: 0
  Initialization problem
    Sizes of linear systems of equations: {39}
    Sizes after manipulation of the linear systems: {6}
 
Settings
Advanced.StoreProtectedVariables = true
Selected continuous time states
Statically selected continuous time states
  aimc.i_0_s
  aimc.idq_rr[]
  aimc.idq_sr[]
  loadInertia.w
  PI.x
  powerSensor.flange_a.phi
 