Log-file of program ./dymosim
(generated: Sun Dec 16 00:04:21 2018)

dymosim started
... "dsin.txt" loading (dymosim input file)
... "result.mat" creating (simulation result file)

Integration started at T = 0 using integration method DASSL
(DAE multi-step solver (dassl/dasslrt of Petzold modified by Dynasim))
Integration terminated successfully at T = 1
   CPU-time for integration      : 1.3 seconds
   CPU-time for one GRID interval: 0.0652 milliseconds
   Number of result points       : 20250
   Number of GRID   points       : 20001
   Number of (successful) steps  : 4132
   Number of F-evaluations       : 20459
   Number of H-evaluations       : 25053
   Number of Jacobian-evaluations: 1655
   Number of (model) time events : 0
   Number of (U) time events     : 0
   Number of state    events     : 126
   Number of step     events     : 0
   Minimum integration stepsize  : 6.29e-010
   Maximum integration stepsize  : 0.00191
   Maximum integration order     : 5
Calling terminal section
... "dsfinal.txt" creating (final states)
