Log-file of program ./dymosim
(generated: Sun Dec 16 00:06:47 2018)

dymosim started
... "dsin.txt" loading (dymosim input file)
... "result.mat" creating (simulation result file)

Integration started at T = 0 using integration method DASSL
(DAE multi-step solver (dassl/dasslrt of Petzold modified by Dynasim))
Integration terminated successfully at T = 5400
   CPU-time for integration      : 0.462 seconds
   CPU-time for one GRID interval: 0.0924 milliseconds
   Number of result points       : 5010
   Number of GRID   points       : 5001
   Number of (successful) steps  : 330
   Number of F-evaluations       : 838
   Number of H-evaluations       : 5347
   Number of Jacobian-evaluations: 75
   Number of (model) time events : 2
   Number of (U) time events     : 0
   Number of state    events     : 2
   Number of step     events     : 0
   Minimum integration stepsize  : 0.000121
   Maximum integration stepsize  : 77
   Maximum integration order     : 5
Calling terminal section
... "dsfinal.txt" creating (final states)
