
Statistics

Original Model
  Number of components: 1430
  Variables: 3978
  Constants: 11 (11 scalars)
  Parameters: 741 (796 scalars)
  Unknowns: 3226 (3414 scalars)
  Differentiated variables: 56 scalars
  Equations: 1317
  Nontrivial: 1080
Translated Model
  Constants: 1619 scalars
  Free parameters: 76 scalars
  Parameter depending: 279 scalars
  Continuous time states: 4 scalars
  Time-varying variables: 515 scalars
  Alias variables: 1732 scalars
  Number of mixed real/discrete systems of equations: 0
  Sizes of linear systems of equations: {2, 2, 46, 2, 2}
  Sizes after manipulation of the linear systems: {2, 0, 8, 0, 2}
  Sizes of nonlinear systems of equations: { }
  Sizes after manipulation of the nonlinear systems: { }
  Number of numerical Jacobians: 0

Settings
Advanced.StoreProtectedVariables = true
Selected continuous time states
Statically selected continuous time states
  inertiaLoad.phi
  inertiaLoad.w
  inertiaLoadQS.phi
  inertiaLoadQS.w

Finished

