Log-file of program ./dymosim
(generated: Sat Dec 15 23:52:41 2018)

dymosim started
... "dsin.txt" loading (dymosim input file)
... "result.mat" creating (simulation result file)

Integration started at T = 0 using integration method DASSL
(DAE multi-step solver (dassl/dasslrt of Petzold modified by Dynasim))
Integration terminated successfully at T = 1.5
   CPU-time for integration      : 7.57 seconds
   CPU-time for one GRID interval: 0.252 milliseconds
   Number of result points       : 30004
   Number of GRID   points       : 30001
   Number of (successful) steps  : 5205
   Number of F-evaluations       : 10717
   Number of H-evaluations       : 35205
   Number of Jacobian-evaluations: 57
   Number of (model) time events : 2
   Number of (U) time events     : 0
   Number of state    events     : 0
   Number of step     events     : 0
   Minimum integration stepsize  : 2.43e-010
   Maximum integration stepsize  : 0.00186
   Maximum integration order     : 5
Calling terminal section
... "dsfinal.txt" creating (final states)
