 = true
TestID: 2018-12-15_230315_Modelica_v3.2.3-rc.2_2019
This is translation 134 of 422
Translation of Modelica.Electrical.PowerConverters.Examples.ACDC.RectifierCenterTap2Pulse.DiodeCenterTap2Pulse:
The DAE has 85 scalar unknowns and 85 scalar equations.
 
Statistics
 
Original Model
  Number of components: 18
  Variables: 147
  Constants: 4 (4 scalars)
  Parameters: 59 (59 scalars)
  Unknowns: 84 (85 scalars)
  Differentiated variables: 3 scalars
  Equations: 80
  Nontrivial: 65
Translated Model
  Constants: 23 scalars
  Free parameters: 20 scalars
  Parameter depending: 31 scalars
  Continuous time states: 3 scalars
  Time-varying variables: 25 scalars
  Alias variables: 49 scalars
  Number of mixed real/discrete systems of equations: 1
  Sizes of linear systems of equations: {8}
  Sizes after manipulation of the linear systems: {2}
  Sizes of nonlinear systems of equations: { }
  Sizes after manipulation of the nonlinear systems: { }
  Number of numerical Jacobians: 0
 
Settings
Advanced.StoreProtectedVariables = true
Selected continuous time states
Statically selected continuous time states
  meanCurrent.x
  meanVoltage.x
  rootMeanSquareVoltage.mean.x
 
Finished
Save translation log