
Statistics

Original Model
  Number of components: 1776
  Variables: 4985
  Constants: 70 (70 scalars)
  Parameters: 918 (1022 scalars)
  Unknowns: 3997 (4252 scalars)
  Differentiated variables: 63 scalars
  Equations: 1629
  Nontrivial: 1382
Translated Model
  Constants: 1303 scalars
  Free parameters: 97 scalars
  Parameter depending: 396 scalars
  Continuous time states: 10 scalars
  Time-varying variables: 943 scalars
  Alias variables: 2605 scalars
  Number of mixed real/discrete systems of equations: 0
  Sizes of linear systems of equations: {112, 2, 14, 12, 8, 27, 5, 2}
  Sizes after manipulation of the linear systems: {28, 0, 2, 3, 2, 9, 0, 0}
  Sizes of nonlinear systems of equations: { }
  Sizes after manipulation of the nonlinear systems: { }
  Number of numerical Jacobians: 0
  Initialization problem
    Sizes of linear systems of equations: {2}
    Sizes after manipulation of the linear systems: {2}

Settings
Advanced.StoreProtectedVariables = true
Selected continuous time states
Statically selected continuous time states
  imc.rotorCage.electroMagneticConverter.singlePhaseElectroMagneticConverter[1].Phi.re
  imc.rotorCage.electroMagneticConverter.singlePhaseElectroMagneticConverter[2].Phi.im
  imc.stator.electroMagneticConverter.singlePhaseElectroMagneticConverter[1].Phi.re
  imc.stator.electroMagneticConverter.singlePhaseElectroMagneticConverter[2].Phi.im
  imc.stator.zeroInductor.i0
  imcQS.rotorCage.port_p.reference.gamma
  loadInertia.phi
  loadInertia.w
  loadInertiaQS.phi
  loadInertiaQS.w

Finished

