Log-file of program ./dymosim
(generated: Sun Dec 16 00:03:59 2018)

dymosim started
... "dsin.txt" loading (dymosim input file)
... "result.mat" creating (simulation result file)

Integration started at T = 0 using integration method DASSL
(DAE multi-step solver (dassl/dasslrt of Petzold modified by Dynasim))
Integration terminated successfully at T = 10
   CPU-time for integration      : 0.093 seconds
   CPU-time for one GRID interval: 0.0465 milliseconds
   Number of result points       : 2002
   Number of GRID   points       : 2001
   Number of (successful) steps  : 3962
   Number of F-evaluations       : 8885
   Number of Jacobian-evaluations: 189
   Number of (model) time events : 1
   Number of (U) time events     : 0
   Number of state    events     : 0
   Number of step     events     : 0
   Minimum integration stepsize  : 8.79e-008
   Maximum integration stepsize  : 0.00486
   Maximum integration order     : 5
Calling terminal section
... "dsfinal.txt" creating (final states)
