 = true
TestID: 2018-12-15_230315_Modelica_v3.2.3-rc.2_2019
This is translation 241 of 422
Translation of Modelica.Mechanics.MultiBody.Examples.Loops.Engine1a:
The DAE has 3036 scalar unknowns and 3036 scalar equations.
 
Statistics
 
Original Model
  Number of components: 151
  Variables: 1607
  Constants: 3 (3 scalars)
  Parameters: 550 (1088 scalars)
  Unknowns: 1054 (3036 scalars)
  Differentiated variables: 99 scalars
  Equations: 918
  Nontrivial: 597
Translated Model
  Constants: 2616 scalars
  Free parameters: 106 scalars
  Parameter depending: 562 scalars
  Continuous time states: 2 scalars
  Time-varying variables: 188 scalars
  Alias variables: 655 scalars
  Number of mixed real/discrete systems of equations: 0
  Sizes of linear systems of equations: {2, 2, 41}
  Sizes after manipulation of the linear systems: {2, 2, 4}
  Sizes of nonlinear systems of equations: {1}
  Sizes after manipulation of the nonlinear systems: {0}
  Number of numerical Jacobians: 0
 
Settings
Advanced.StoreProtectedVariables = true
Selected continuous time states
Statically selected continuous time states
  Inertia.phi
  Inertia.w
 
Finished
Save translation log