Log-file of program ./dymosim
(generated: Sat Dec 15 23:10:13 2018)

dymosim started
... "dsin.txt" loading (dymosim input file)
... "result.mat" creating (simulation result file)

Integration started at T = 0 using integration method DASSL
(DAE multi-step solver (dassl/dasslrt of Petzold modified by Dynasim))
Integration terminated successfully at T = 2
   CPU-time for integration      : 0.518 seconds
   CPU-time for one GRID interval: 0.0324 milliseconds
   Number of result points       : 16009
   Number of GRID   points       : 16001
   Number of (successful) steps  : 888
   Number of F-evaluations       : 1978
   Number of H-evaluations       : 16899
   Number of Jacobian-evaluations: 248
   Number of (model) time events : 4
   Number of (U) time events     : 0
   Number of state    events     : 2
   Number of step     events     : 0
   Minimum integration stepsize  : 7.21e-014
   Maximum integration stepsize  : 0.11
   Maximum integration order     : 5
Calling terminal section
... "dsfinal.txt" creating (final states)
