Log-file of program ./dymosim
(generated: Sun Dec 16 00:04:06 2018)

dymosim started
... "dsin.txt" loading (dymosim input file)
... "result.mat" creating (simulation result file)

Integration started at T = 0 using integration method DASSL
(DAE multi-step solver (dassl/dasslrt of Petzold modified by Dynasim))
Integration terminated successfully at T = 1
   CPU-time for integration      : 0.175 seconds
   CPU-time for one GRID interval: 0.0875 milliseconds
   Number of result points       : 2108
   Number of GRID   points       : 2001
   Number of (successful) steps  : 2060
   Number of F-evaluations       : 5558
   Number of H-evaluations       : 4413
   Number of Jacobian-evaluations: 923
   Number of (model) time events : 0
   Number of (U) time events     : 0
   Number of state    events     : 53
   Number of step     events     : 0
   Minimum integration stepsize  : 1.34e-010
   Maximum integration stepsize  : 0.00265
   Maximum integration order     : 5
Calling terminal section
... "dsfinal.txt" creating (final states)
