Log-file of program ./dymosim
(generated: Sat Dec 15 23:26:42 2018)

dymosim started
... "dsin.txt" loading (dymosim input file)
... "result.mat" creating (simulation result file)

Integration started at T = 0 using integration method DASSL
(DAE multi-step solver (dassl/dasslrt of Petzold modified by Dynasim))
Integration terminated successfully at T = 0.1
   CPU-time for integration      : 0.059 seconds
   CPU-time for one GRID interval: 0.059 milliseconds
   Number of result points       : 1042
   Number of GRID   points       : 1001
   Number of (successful) steps  : 1343
   Number of F-evaluations       : 2802
   Number of H-evaluations       : 2534
   Number of Jacobian-evaluations: 338
   Number of (model) time events : 10
   Number of (U) time events     : 0
   Number of state    events     : 22
   Number of step     events     : 0
   Minimum integration stepsize  : 8.61e-014
   Maximum integration stepsize  : 0.00164
   Maximum integration order     : 5
Calling terminal section
... "dsfinal.txt" creating (final states)
