
Statistics

Original Model
  Number of components: 51
  Variables: 421
  Parameters: 119 (195 scalars)
  Unknowns: 302 (911 scalars)
  Differentiated variables: 26 scalars
  Equations: 270
  Nontrivial: 139
Translated Model
  Constants: 736 scalars
  Free parameters: 52 scalars
  Parameter depending: 88 scalars
  Continuous time states: 24 scalars
  Time-varying variables: 68 scalars
  Alias variables: 162 scalars
  Number of mixed real/discrete systems of equations: 0
  Sizes of linear systems of equations: {4, 4, 3, 3, 3, 3}
  Sizes after manipulation of the linear systems: {4, 4, 3, 3, 3, 3}
  Sizes of nonlinear systems of equations: {4, 4}
  Sizes after manipulation of the nonlinear systems: {4, 4}
  Number of numerical Jacobians: 0
  Initialization problem
    Sizes of nonlinear systems of equations: {4, 4}
    Sizes after manipulation of the nonlinear systems: {4, 4}
    Number of numerical Jacobians: 0

Settings
Advanced.StoreProtectedVariables = true
Selected continuous time states
Statically selected continuous time states
  body1.frame_a.r_0[]
  body1.v_0[]
  body1.w_a[]
  body2.frame_a.r_0[]
  body2.v_0[]
  body2.w_a[]

Dynamically selected continuous time states
There are 2 sets of dynamic state selection.
From set 1 there are 3 states to be selected from:
  body1.Q[]

From set 2 there are 3 states to be selected from:
  body2.Q[]

Finished

