Log-file of program ./dymosim
(generated: Sat Dec 15 23:09:36 2018)

dymosim started
... "dsin.txt" loading (dymosim input file)
... "result.mat" creating (simulation result file)

Integration started at T = 0 using integration method DASSL
(DAE multi-step solver (dassl/dasslrt of Petzold modified by Dynasim))
Integration terminated successfully at T = 1e-007
   CPU-time for integration      : 0.296 seconds
   CPU-time for one GRID interval: 0.0592 milliseconds
   Number of result points       : 5059
   Number of GRID   points       : 5001
   Number of (successful) steps  : 1791
   Number of F-evaluations       : 4434
   Number of H-evaluations       : 7002
   Number of Jacobian-evaluations: 625
   Number of (model) time events : 16
   Number of (U) time events     : 0
   Number of state    events     : 26
   Number of step     events     : 0
   Minimum integration stepsize  : 2.46e-016
   Maximum integration stepsize  : 2.62e-009
   Maximum integration order     : 5
Calling terminal section
... "dsfinal.txt" creating (final states)
