Log-file of program ./dymosim
(generated: Mon Mar 16 11:56:26 2020)

dymosim started
... "dsin.txt" loading (dymosim input file)
... "SMEE_LoadDump.mat" creating (simulation result file)

Integration started at T = 0 using integration method DASSL
(DAE multi-step solver (dassl/dasslrt of Petzold modified by Dassault Systemes))
Integration terminated successfully at T = 10
   CPU-time for integration                : 12.3 seconds
   CPU-time for one grid interval          : 0.0616 milliseconds
   CPU-time for initialization             : 0 seconds
   Number of result points                 : 200019
   Number of grid points                   : 200001
   Number of accepted steps                : 32547
   Number of f-evaluations (dynamics)      : 68106
   Number of crossing function evaluations : 232576
   Number of Jacobian-evaluations          : 409
   Number of model time events             : 6
   Number of input time events             : 0
   Number of state events                  : 6
   Number of step events                   : 0
   Minimum integration stepsize            : 2.67e-12
   Maximum integration stepsize            : 0.00772
   Maximum integration order               : 5
Calling terminal section
... "dsfinal.txt" creating (final states)
