 = true
Translation of Modelica.Magnetic.FundamentalWave.Examples.BasicMachines.SMEE_LoadDump:
The DAE has 1076 scalar unknowns and 1076 scalar equations.
 
Statistics
 
Original Model
  Number of components: 236
  Variables: 1479
  Constants: 9 (9 scalars)
  Parameters: 454 (518 scalars)
  Unknowns: 1016 (1076 scalars)
  Differentiated variables: 24 scalars
  Equations: 637
  Nontrivial: 534
Translated Model
  Constants: 435 scalars
  Free parameters: 81 scalars
  Parameter depending: 204 scalars
  Outputs: 1 scalars
  Continuous time states: 8 scalars
  Time-varying variables: 233 scalars
  Alias variables: 650 scalars
  Number of mixed real/discrete systems of equations: 3
  Sizes of linear systems of equations: {33}
  Sizes after manipulation of the linear systems: {7}
  Sizes of nonlinear systems of equations: {48}
  Sizes after manipulation of the nonlinear systems: {5}
  Number of numerical Jacobians: 0
  Initialization problem
    Number of mixed real/discrete systems of equations: 3
    Sizes of linear systems of equations: {2, 9, 7, 7, 23}
    Sizes after manipulation of the linear systems: {2, 2, 2, 2, 3}
 
Settings
Advanced.StoreProtectedVariables = true
Selected continuous time states
Statically selected continuous time states
  speed.phi
  speed.w
  voltageController.I.y
 
Dynamically selected continuous time states
There is one set of dynamic state selection.
There are 5 states to be selected from:
  loadInductor.inductor[2].i
  loadInductor.inductor[3].i
  smee.excitation.electroMagneticConverter.Phi.re
  smee.rotorCage.electroMagneticConverter.singlePhaseElectroMagneticConverter[1].Phi.re
  smee.rotorCage.electroMagneticConverter.singlePhaseElectroMagneticConverter[2].Phi.im
  smee.stator.electroMagneticConverter.singlePhaseElectroMagneticConverter[1].Phi.re
  smee.stator.electroMagneticConverter.singlePhaseElectroMagneticConverter[2].Phi.im
 