Log-file of program ./dymosim
(generated: Sun Dec 16 00:10:27 2018)

dymosim started
... "dsin.txt" loading (dymosim input file)
... "result.mat" creating (simulation result file)

Integration started at T = 0 using integration method DASSL
(DAE multi-step solver (dassl/dasslrt of Petzold modified by Dynasim))
Integration terminated successfully at T = 10
   CPU-time for integration      : 13.2 seconds
   CPU-time for one GRID interval: 2.63 milliseconds
   Number of result points       : 5015
   Number of GRID   points       : 5001
   Number of (successful) steps  : 1417
   Number of F-evaluations       : 5132
   Number of H-evaluations       : 6468
   Number of Jacobian-evaluations: 143
   Number of (model) time events : 1
   Number of (U) time events     : 0
   Number of state    events     : 6
   Number of step     events     : 0
   Minimum integration stepsize  : 1.64e-007
   Maximum integration stepsize  : 0.951
   Maximum integration order     : 5
Calling terminal section
... "dsfinal.txt" creating (final states)
