 = true
TestID: 2018-12-15_230315_Modelica_v3.2.3-rc.2_2019
This is translation 301 of 422
Translation of Modelica.Fluid.Examples.BranchingDynamicPipes:
The DAE has 2025 scalar unknowns and 2025 scalar equations.
 
Statistics
 
Original Model
  Number of components: 150
  Variables: 1494
  Constants: 40 (96 scalars)
  Parameters: 393 (505 scalars)
  Unknowns: 1061 (2037 scalars)
  Differentiated variables: 164 scalars
  Equations: 799
  Nontrivial: 655
Translated Model
  Constants: 641 scalars
  Free parameters: 48 scalars
  Parameter depending: 203 scalars
  Continuous time states: 82 scalars
  Time-varying variables: 894 scalars
  Alias variables: 852 scalars
  Number of mixed real/discrete systems of equations: 0
  Sizes of linear systems of equations: {8, 8, 8, 8, 2, 8, 2, 8, 2, 8, 8, 8, 8, 8, 8, 2, 8, 8, 8, 8, 8, 2, 8, 8, 8}
  Sizes after manipulation of the linear systems: {2, 2, 2, 2, 0, 2, 0, 2, 0, 2, 2, 2, 2, 2, 2, 0, 2, 2, 2, 2, 2, 0, 2, 2, 2}
  Sizes of nonlinear systems of equations: {1, 1, 1, 1, 1, 1, 1, 1, 1, 1, 1, 1, 1, 1, 1, 1, 1, 1, 1, 1, 1, 1}
  Sizes after manipulation of the nonlinear systems: {1, 1, 1, 1, 1, 1, 1, 1, 1, 1, 1, 1, 1, 1, 1, 1, 1, 1, 1, 1, 1, 1}
  Number of numerical Jacobians: 0
  Initialization problem
    Sizes of linear systems of equations: {2, 2, 2, 2, 2, 2, 2, 2}
    Sizes after manipulation of the linear systems: {0, 0, 0, 0, 0, 0, 0, 0}
    Sizes of nonlinear systems of equations: {2, 2, 2, 2, 2, 2, 2, 2, 570}
    Sizes after manipulation of the nonlinear systems: {1, 1, 1, 1, 1, 1, 1, 1, 72}
    Number of numerical Jacobians: 9
 
Settings
Advanced.StoreProtectedVariables = true
Selected continuous time states
Statically selected continuous time states
  pipe1.flowModel.m_flows[]
  pipe1.mediums[1].p
  pipe1.mediums[1].T
  pipe1.mediums[1].Xi[]
  pipe1.mediums[2].p
  pipe1.mediums[2].T
  pipe1.mediums[2].Xi[]
  pipe1.mediums[3].p
  pipe1.mediums[3].T
  pipe1.mediums[3].Xi[]
  pipe1.mediums[4].p
  pipe1.mediums[4].T
  pipe1.mediums[4].Xi[]
  pipe1.mediums[5].p
  pipe1.mediums[5].T
  pipe1.mediums[5].Xi[]
  pipe2.flowModel.m_flows[]
  pipe2.mediums[1].p
  pipe2.mediums[1].T
  pipe2.mediums[1].Xi[]
  pipe2.mediums[2].p
  pipe2.mediums[2].T
  pipe2.mediums[2].Xi[]
  pipe2.mediums[3].p
  pipe2.mediums[3].T
  pipe2.mediums[3].Xi[]
  pipe2.mediums[4].p
  pipe2.mediums[4].T
  pipe2.mediums[4].Xi[]
  pipe2.mediums[5].p
  pipe2.mediums[5].T
  pipe2.mediums[5].Xi[]
  pipe3.flowModel.m_flows[]
  pipe3.mediums[1].p
  pipe3.mediums[1].T
  pipe3.mediums[1].Xi[]
  pipe3.mediums[2].p
  pipe3.mediums[2].T
  pipe3.mediums[2].Xi[]
  pipe3.mediums[3].p
  pipe3.mediums[3].T
  pipe3.mediums[3].Xi[]
  pipe3.mediums[4].p
  pipe3.mediums[4].T
  pipe3.mediums[4].Xi[]
  pipe3.mediums[5].p
  pipe3.mediums[5].T
  pipe3.mediums[5].Xi[]
  pipe4.flowModel.m_flows[]
  pipe4.mediums[1].p
  pipe4.mediums[1].T
  pipe4.mediums[1].Xi[]
  pipe4.mediums[2].p
  pipe4.mediums[2].T
  pipe4.mediums[2].Xi[]
  pipe4.mediums[3].p
  pipe4.mediums[3].T
  pipe4.mediums[3].Xi[]
  pipe4.mediums[4].p
  pipe4.mediums[4].T
  pipe4.mediums[4].Xi[]
  pipe4.mediums[5].p
  pipe4.mediums[5].T
  pipe4.mediums[5].Xi[]
 
Finished
Save translation log