Log-file of program ./dymosim
(generated: Sat Dec 15 23:17:19 2018)

dymosim started
... "dsin.txt" loading (dymosim input file)
... "result.mat" creating (simulation result file)

Integration started at T = 0 using integration method DASSL
(DAE multi-step solver (dassl/dasslrt of Petzold modified by Dynasim))
Integration terminated successfully at T = 1.5
   CPU-time for integration      : 1.43 seconds
   CPU-time for one GRID interval: 0.0477 milliseconds
   Number of result points       : 30003
   Number of GRID   points       : 30001
   Number of (successful) steps  : 1424
   Number of F-evaluations       : 3317
   Number of H-evaluations       : 31424
   Number of Jacobian-evaluations: 65
   Number of (model) time events : 2
   Number of (U) time events     : 0
   Number of state    events     : 0
   Number of step     events     : 0
   Minimum integration stepsize  : 2.06e-009
   Maximum integration stepsize  : 0.00528
   Maximum integration order     : 5
Calling terminal section
... "dsfinal.txt" creating (final states)
