 = true
Translation of Modelica.Electrical.Machines.Examples.SynchronousInductionMachines.SMPM_CurrentSource:
The DAE has 660 scalar unknowns and 660 scalar equations.
 
Statistics
 
Original Model
  Number of components: 97
  Variables: 868
  Constants: 9 (9 scalars)
  Parameters: 288 (359 scalars)
  Unknowns: 571 (660 scalars)
  Differentiated variables: 22 scalars
  Equations: 372
  Nontrivial: 285
Translated Model
  Constants: 390 scalars
  Free parameters: 32 scalars
  Parameter depending: 141 scalars
  Continuous time states: 2 scalars
  Time-varying variables: 93 scalars
  Alias variables: 372 scalars
  Number of mixed real/discrete systems of equations: 0
  Sizes of linear systems of equations: {2, 2, 2, 3}
  Sizes after manipulation of the linear systems: {2, 0, 2, 0}
  Sizes of nonlinear systems of equations: { }
  Sizes after manipulation of the nonlinear systems: { }
  Number of numerical Jacobians: 0
 
Settings
Advanced.StoreProtectedVariables = true
Selected continuous time states
Statically selected continuous time states
  inertiaLoad.w
  speedSensor.flange.phi
 