Log-file of program ./dymosim
(generated: Sun Dec 16 00:07:16 2018)

dymosim started
... "dsin.txt" loading (dymosim input file)
... "result.mat" creating (simulation result file)

Integration started at T = 0 using integration method DASSL
(DAE multi-step solver (dassl/dasslrt of Petzold modified by Dynasim))
Integration terminated successfully at T = 50
   CPU-time for integration      : 0.296 seconds
   CPU-time for one GRID interval: 0.0592 milliseconds
   Number of result points       : 5006
   Number of GRID   points       : 5001
   Number of (successful) steps  : 136
   Number of F-evaluations       : 626
   Number of H-evaluations       : 5156
   Number of Jacobian-evaluations: 91
   Number of (model) time events : 0
   Number of (U) time events     : 0
   Number of state    events     : 2
   Number of step     events     : 0
   Minimum integration stepsize  : 2.45e-010
   Maximum integration stepsize  : 6.51
   Maximum integration order     : 5
Calling terminal section
... "dsfinal.txt" creating (final states)
