 = true
Translation of Modelica.Electrical.PowerConverters.Examples.ACDC.RectifierCenterTapmPulse.ThyristorCenterTapmPulse_RLV:
The DAE has 331 scalar unknowns and 331 scalar equations.
 
Statistics
 
Original Model
  Number of components: 65
  Variables: 448
  Constants: 6 (6 scalars)
  Parameters: 150 (174 scalars)
  Unknowns: 292 (331 scalars)
  Differentiated variables: 4 scalars
  Equations: 203
  Nontrivial: 172
Translated Model
  Constants: 108 scalars
  Free parameters: 37 scalars
  Parameter depending: 77 scalars
  Continuous time states: 4 scalars
  Time-varying variables: 70 scalars
  Alias variables: 219 scalars
  Number of mixed real/discrete systems of equations: 1
  Sizes of linear systems of equations: {9}
  Sizes after manipulation of the linear systems: {3}
  Sizes of nonlinear systems of equations: { }
  Sizes after manipulation of the nonlinear systems: { }
  Number of numerical Jacobians: 0
 
Settings
Advanced.StoreProtectedVariables = true
Selected continuous time states
Statically selected continuous time states
  inductor.i
  meanCurrent.x
  meanVoltage.x
  rootMeanSquareVoltage.mean.x
 