Log-file of program ./dymosim
(generated: Sat Dec 15 23:09:50 2018)

dymosim started
... "dsin.txt" loading (dymosim input file)
... "result.mat" creating (simulation result file)

Integration started at T = 0 using integration method DASSL
(DAE multi-step solver (dassl/dasslrt of Petzold modified by Dynasim))
Integration terminated successfully at T = 0.1
   CPU-time for integration      : 0.81 seconds
   CPU-time for one GRID interval: 0.0405 milliseconds
   Number of result points       : 20126
   Number of GRID   points       : 20001
   Number of (successful) steps  : 4209
   Number of F-evaluations       : 12897
   Number of H-evaluations       : 24655
   Number of Jacobian-evaluations: 1237
   Number of (model) time events : 0
   Number of (U) time events     : 0
   Number of state    events     : 62
   Number of step     events     : 0
   Minimum integration stepsize  : 1.5e-013
   Maximum integration stepsize  : 0.000201
   Maximum integration order     : 5
Calling terminal section
... "dsfinal.txt" creating (final states)
