Log-file of program ./dymosim
(generated: Sat Dec 15 23:30:34 2018)

dymosim started
... "dsin.txt" loading (dymosim input file)
... "result.mat" creating (simulation result file)

Integration started at T = 0 using integration method DASSL
(DAE multi-step solver (dassl/dasslrt of Petzold modified by Dynasim))
Integration terminated successfully at T = 0.1
   CPU-time for integration      : 0.097 seconds
   CPU-time for one GRID interval: 0.097 milliseconds
   Number of result points       : 1192
   Number of GRID   points       : 1001
   Number of (successful) steps  : 3321
   Number of F-evaluations       : 6955
   Number of H-evaluations       : 5139
   Number of Jacobian-evaluations: 1691
   Number of (model) time events : 30
   Number of (U) time events     : 0
   Number of state    events     : 120
   Number of step     events     : 0
   Minimum integration stepsize  : 4.6e-013
   Maximum integration stepsize  : 0.00164
   Maximum integration order     : 5
Calling terminal section
... "dsfinal.txt" creating (final states)
