 = true
Translation of Modelica.Electrical.PowerConverters.Examples.ACDC.RectifierCenterTap2mPulse.ThyristorCenterTap2mPulse_R:
The DAE has 435 scalar unknowns and 435 scalar equations.
 
Statistics
 
Original Model
  Number of components: 81
  Variables: 608
  Constants: 12 (12 scalars)
  Parameters: 214 (258 scalars)
  Unknowns: 382 (435 scalars)
  Differentiated variables: 3 scalars
  Equations: 256
  Nontrivial: 219
Translated Model
  Constants: 140 scalars
  Free parameters: 48 scalars
  Parameter depending: 124 scalars
  Continuous time states: 3 scalars
  Time-varying variables: 96 scalars
  Alias variables: 297 scalars
  Number of mixed real/discrete systems of equations: 1
  Sizes of linear systems of equations: {22}
  Sizes after manipulation of the linear systems: {6}
  Sizes of nonlinear systems of equations: { }
  Sizes after manipulation of the nonlinear systems: { }
  Number of numerical Jacobians: 0
 
Settings
Advanced.StoreProtectedVariables = true
Selected continuous time states
Statically selected continuous time states
  meanCurrent.x
  meanVoltage.x
  rootMeanSquareVoltage.mean.x
 