
Statistics

Original Model
  Number of components: 146
  Variables: 1085
  Parameters: 341 (552 scalars)
  Unknowns: 744 (2354 scalars)
  Differentiated variables: 49 scalars
  Equations: 638
  Nontrivial: 385
Translated Model
  Constants: 1675 scalars
  Free parameters: 86 scalars
  Parameter depending: 231 scalars
  Continuous time states: 12 scalars
  Time-varying variables: 240 scalars
  Alias variables: 674 scalars
  Number of mixed real/discrete systems of equations: 0
  Sizes of linear systems of equations: {4, 6, 6, 2, 3}
  Sizes after manipulation of the linear systems: {4, 3, 3, 2, 3}
  Sizes of nonlinear systems of equations: {16}
  Sizes after manipulation of the nonlinear systems: {4}
  Number of numerical Jacobians: 0
  Initialization problem
    Sizes of linear systems of equations: {3}
    Sizes after manipulation of the linear systems: {3}
    Sizes of nonlinear systems of equations: {4}
    Sizes after manipulation of the nonlinear systems: {4}
    Number of numerical Jacobians: 0

Settings
Advanced.StoreProtectedVariables = true
Selected continuous time states
Statically selected continuous time states
  bodyOfConstraint.body.w_a[]
  freeMotionScalarInit.initAngle.angle[]
  joint.w_rel[]

Dynamically selected continuous time states
There is one set of dynamic state selection.
There are 3 states to be selected from:
  joint.Q[]

Finished

