
Statistics

Original Model
  Number of components: 62
  Variables: 481
  Parameters: 101 (107 scalars)
  Unknowns: 380 (1113 scalars)
  Differentiated variables: 24 scalars
  Equations: 335
  Nontrivial: 173
Translated Model
  Constants: 928 scalars
  Free parameters: 23 scalars
  Parameter depending: 42 scalars
  Continuous time states: 24 scalars
  Time-varying variables: 54 scalars
  Alias variables: 173 scalars
  Number of mixed real/discrete systems of equations: 0
  Sizes of linear systems of equations: { }
  Sizes after manipulation of the linear systems: { }
  Sizes of nonlinear systems of equations: { }
  Sizes after manipulation of the nonlinear systems: { }
  Number of numerical Jacobians: 0

Settings
Advanced.StoreProtectedVariables = true
Selected continuous time states
Statically selected continuous time states
  body1.r_0[]
  body1.v_0[]
  body2.r_0[]
  body2.v_0[]
  body3.r_0[]
  body3.v_0[]
  body4.r_0[]
  body4.v_0[]

Finished

