Log-file of program ./dymosim
(generated: Sat Dec 15 23:30:59 2018)

dymosim started
... "dsin.txt" loading (dymosim input file)
... "result.mat" creating (simulation result file)

Integration started at T = 0 using integration method DASSL
(DAE multi-step solver (dassl/dasslrt of Petzold modified by Dynasim))
Integration terminated successfully at T = 10
   CPU-time for integration      : 14.9 seconds
   CPU-time for one GRID interval: 0.149 milliseconds
   Number of result points       : 117043
   Number of GRID   points       : 100001
   Number of (successful) steps  : 366068
   Number of F-evaluations       : 770071
   Number of H-evaluations       : 541031
   Number of Jacobian-evaluations: 177054
   Number of (model) time events : 2999
   Number of (U) time events     : 0
   Number of state    events     : 10563
   Number of step     events     : 0
   Minimum integration stepsize  : 6.22e-015
   Maximum integration stepsize  : 0.000288
   Maximum integration order     : 5
Calling terminal section
... "dsfinal.txt" creating (final states)
