 = true
TestID: 2018-12-15_230315_Modelica_v3.2.3-rc.2_2019
This is translation 155 of 422
Translation of Modelica.Electrical.PowerConverters.Examples.ACDC.RectifierCenterTap2mPulse.ThyristorCenterTap2mPulse_RLV_Characteristic:
The DAE has 449 scalar unknowns and 449 scalar equations.
 
Statistics
 
Original Model
  Number of components: 83
  Variables: 628
  Constants: 12 (12 scalars)
  Parameters: 220 (264 scalars)
  Unknowns: 396 (449 scalars)
  Differentiated variables: 4 scalars
  Equations: 267
  Nontrivial: 228
Translated Model
  Constants: 143 scalars
  Free parameters: 53 scalars
  Parameter depending: 120 scalars
  Continuous time states: 4 scalars
  Time-varying variables: 102 scalars
  Alias variables: 307 scalars
  Number of mixed real/discrete systems of equations: 1
  Sizes of linear systems of equations: {19}
  Sizes after manipulation of the linear systems: {6}
  Sizes of nonlinear systems of equations: { }
  Sizes after manipulation of the nonlinear systems: { }
  Number of numerical Jacobians: 0
 
Settings
Advanced.StoreProtectedVariables = true
Selected continuous time states
Statically selected continuous time states
  inductor.i
  meanCurrent.x
  meanVoltage.x
  rootMeanSquareVoltage.mean.x
 
Finished
Save translation log