Log-file of program ./dymosim
(generated: Sat Dec 15 23:51:49 2018)

dymosim started
... "dsin.txt" loading (dymosim input file)
... "result.mat" creating (simulation result file)

Integration started at T = 0 using integration method DASSL
(DAE multi-step solver (dassl/dasslrt of Petzold modified by Dynasim))
Integration terminated successfully at T = 100
   CPU-time for integration      : 2.34 seconds
   CPU-time for one GRID interval: 0.117 milliseconds
   Number of result points       : 20002
   Number of GRID   points       : 20001
   Number of (successful) steps  : 31
   Number of F-evaluations       : 61
   Number of Jacobian-evaluations: 30
   Number of (model) time events : 0
   Number of (U) time events     : 0
   Number of state    events     : 0
   Number of step     events     : 0
   Minimum integration stepsize  : 7.96e-008
   Maximum integration stepsize  : 42.7
   Maximum integration order     : 1
Calling terminal section
... "dsfinal.txt" creating (final states)
