Log-file of program ./dymosim
(generated: Mon Mar 16 11:49:03 2020)

dymosim started
... "dsin.txt" loading (dymosim input file)
... "MultiPhaseInductance.mat" creating (simulation result file)

Integration started at T = 0 using integration method DASSL
(DAE multi-step solver (dassl/dasslrt of Petzold modified by Dassault Systemes))
Integration terminated successfully at T = 100
   CPU-time for integration                : 0.345 seconds
   CPU-time for one grid interval          : 0.0173 milliseconds
   CPU-time for initialization             : 0 seconds
   Number of result points                 : 20002
   Number of grid points                   : 20001
   Number of accepted steps                : 8349
   Number of f-evaluations (dynamics)      : 16683
   Number of Jacobian-evaluations          : 21
   Number of model time events             : 0
   Number of input time events             : 0
   Number of state events                  : 0
   Number of step events                   : 0
   Minimum integration stepsize            : 6.37e-09
   Maximum integration stepsize            : 0.012
   Maximum integration order               : 5
Calling terminal section
... "dsfinal.txt" creating (final states)
