Log-file of program ./dymosim
(generated: Sat Dec 15 23:09:43 2018)

dymosim started
... "dsin.txt" loading (dymosim input file)
... "result.mat" creating (simulation result file)

Integration started at T = 0 using integration method DASSL
(DAE multi-step solver (dassl/dasslrt of Petzold modified by Dynasim))
Integration terminated successfully at T = 0.4
   CPU-time for integration      : 0.207 seconds
   CPU-time for one GRID interval: 0.0414 milliseconds
   Number of result points       : 5002
   Number of GRID   points       : 5001
   Number of (successful) steps  : 801
   Number of F-evaluations       : 2197
   Number of H-evaluations       : 5801
   Number of Jacobian-evaluations: 173
   Number of (model) time events : 0
   Number of (U) time events     : 0
   Number of state    events     : 0
   Number of step     events     : 0
   Minimum integration stepsize  : 8e-008
   Maximum integration stepsize  : 0.00338
   Maximum integration order     : 5
Calling terminal section
... "dsfinal.txt" creating (final states)
