Log-file of program ./dymosim
(generated: Sat Dec 15 23:03:28 2018)

dymosim started
... "dsin.txt" loading (dymosim input file)
... "result.mat" creating (simulation result file)

Integration started at T = 0 using integration method DASSL
(DAE multi-step solver (dassl/dasslrt of Petzold modified by Dynasim))
Integration terminated successfully at T = 4
   CPU-time for integration      : 0.118 seconds
   CPU-time for one GRID interval: 0.0236 milliseconds
   Number of result points       : 5012
   Number of GRID   points       : 5001
   Number of (successful) steps  : 469
   Number of F-evaluations       : 1464
   Number of H-evaluations       : 5479
   Number of Jacobian-evaluations: 117
   Number of (model) time events : 4
   Number of (U) time events     : 0
   Number of state    events     : 2
   Number of step     events     : 0
   Minimum integration stepsize  : 4.51e-008
   Maximum integration stepsize  : 0.21
   Maximum integration order     : 5
Calling terminal section
... "dsfinal.txt" creating (final states)
