 = true
Translation of Modelica.Electrical.QuasiStationary.SinglePhase.Examples.SeriesResonance:
The DAE has 144 scalar unknowns and 144 scalar equations.
 
Statistics
 
Original Model
  Number of components: 55
  Variables: 158
  Parameters: 14 (14 scalars)
  Unknowns: 144 (144 scalars)
  Differentiated variables: 5 scalars
  Equations: 107
  Nontrivial: 90
Translated Model
  Constants: 17 scalars
  Free parameters: 12 scalars
  Parameter depending: 6 scalars
  Outputs: 2 scalars
  Continuous time states: 1 scalars
  Time-varying variables: 51 scalars
  Alias variables: 72 scalars
  Number of mixed real/discrete systems of equations: 0
  Sizes of linear systems of equations: {8}
  Sizes after manipulation of the linear systems: {3}
  Sizes of nonlinear systems of equations: { }
  Sizes after manipulation of the nonlinear systems: { }
  Number of numerical Jacobians: 0
 
Settings
Advanced.StoreProtectedVariables = true
Selected continuous time states
Statically selected continuous time states
  inductor.pin_p.reference.gamma
 