Log-file of program ./dymosim
(generated: Sun Dec 16 00:22:58 2018)

dymosim started
... "dsin.txt" loading (dymosim input file)
... "result.mat" creating (simulation result file)

Integration started at T = 0 using integration method DASSL
(DAE multi-step solver (dassl/dasslrt of Petzold modified by Dynasim))
Integration terminated successfully at T = 2.5
   CPU-time for integration      : 103 seconds
   CPU-time for one GRID interval: 2.07 milliseconds
   Number of result points       : 102202
   Number of GRID   points       : 50001
   Number of (successful) steps  : 915560
   Number of F-evaluations       : 4060892
   Number of H-evaluations       : 977026
   Number of Jacobian-evaluations: 700254
   Number of (model) time events : 49201
   Number of (U) time events     : 0
   Number of state    events     : 1500
   Number of step     events     : 0
   Minimum integration stepsize  : 5.69e-013
   Maximum integration stepsize  : 0.000113
   Maximum integration order     : 5
Calling terminal section
... FFT result computed at time = 0.23995 s stored on file: C:/Work/rectifier6pulseFFTresult.mat
... "dsfinal.txt" creating (final states)
