Log-file of program ./dymosim
(generated: Sat Dec 15 23:49:16 2018)

dymosim started
... "dsin.txt" loading (dymosim input file)
... "result.mat" creating (simulation result file)

Integration started at T = 0 using integration method DASSL
(DAE multi-step solver (dassl/dasslrt of Petzold modified by Dynasim))
Integration terminated successfully at T = 1.5
   CPU-time for integration      : 3.27 seconds
   CPU-time for one GRID interval: 0.109 milliseconds
   Number of result points       : 30004
   Number of GRID   points       : 30001
   Number of (successful) steps  : 6010
   Number of F-evaluations       : 12324
   Number of H-evaluations       : 36010
   Number of Jacobian-evaluations: 56
   Number of (model) time events : 2
   Number of (U) time events     : 0
   Number of state    events     : 0
   Number of step     events     : 0
   Minimum integration stepsize  : 9.35e-010
   Maximum integration stepsize  : 0.00151
   Maximum integration order     : 5
Calling terminal section
... "dsfinal.txt" creating (final states)
