 = true
Translation of Modelica.Magnetic.FundamentalWave.Examples.BasicMachines.AIMS_Start_MultiPhase:
The DAE has 2681 scalar unknowns and 2681 scalar equations.
 
Statistics
 
Original Model
  Number of components: 476
  Variables: 3431
  Constants: 39 (39 scalars)
  Parameters: 914 (1088 scalars)
  Unknowns: 2478 (2681 scalars)
  Differentiated variables: 52 scalars
  Equations: 1303
  Nontrivial: 1097
Translated Model
  Constants: 1094 scalars
  Free parameters: 86 scalars
  Parameter depending: 376 scalars
  Continuous time states: 14 scalars
  Time-varying variables: 551 scalars
  Alias variables: 1701 scalars
  Number of mixed real/discrete systems of equations: 0
  Sizes of linear systems of equations: {14, 35, 57, 2, 14, 8, 4, 8, 6, 6, 6, 6, 2}
  Sizes after manipulation of the linear systems: {2, 7, 15, 0, 2, 2, 2, 2, 2, 2, 2, 2, 0}
  Sizes of nonlinear systems of equations: { }
  Sizes after manipulation of the nonlinear systems: { }
  Number of numerical Jacobians: 0
  Initialization problem
    Sizes of linear systems of equations: {5, 5, 31, 18, 2, 2}
    Sizes after manipulation of the linear systems: {2, 2, 8, 5, 2, 2}
 
Settings
Advanced.StoreProtectedVariables = true
Selected continuous time states
Statically selected continuous time states
  aims3.rotor.electroMagneticConverter.singlePhaseElectroMagneticConverter[1].Phi.re
  aims3.rotor.electroMagneticConverter.singlePhaseElectroMagneticConverter[2].Phi.im
  aims3.rotor.zeroInductor.i0
  aims3.stator.electroMagneticConverter.singlePhaseElectroMagneticConverter[1].Phi.re
  aims3.stator.electroMagneticConverter.singlePhaseElectroMagneticConverter[2].Phi.im
  aimsM.rotor.electroMagneticConverter.singlePhaseElectroMagneticConverter[1].Phi.re
  aimsM.rotor.electroMagneticConverter.singlePhaseElectroMagneticConverter[2].Phi.im
  aimsM.rotor.zeroInductor.i0
  aimsM.stator.electroMagneticConverter.singlePhaseElectroMagneticConverter[1].Phi.re
  aimsM.stator.electroMagneticConverter.singlePhaseElectroMagneticConverter[2].Phi.im
  loadInertia3.phi
  loadInertia3.w
  loadInertiaM.phi
  loadInertiaM.w
 