Log-file of program ./dymosim
(generated: Mon Mar 16 11:27:22 2020)

dymosim started
... "dsin.txt" loading (dymosim input file)
... "TransformerYY.mat" creating (simulation result file)

Integration started at T = 0 using integration method DASSL
(DAE multi-step solver (dassl/dasslrt of Petzold modified by Dassault Systemes))
Integration terminated successfully at T = 1
   CPU-time for integration                : 0.029 seconds
   CPU-time for one grid interval          : 0.0145 milliseconds
   CPU-time for initialization             : 0 seconds
   Number of result points                 : 2002
   Number of grid points                   : 2001
   Number of accepted steps                : 411
   Number of f-evaluations (dynamics)      : 814
   Number of Jacobian-evaluations          : 23
   Number of model time events             : 0
   Number of input time events             : 0
   Number of state events                  : 0
   Number of step events                   : 0
   Minimum integration stepsize            : 1.73e-09
   Maximum integration stepsize            : 0.00301
   Maximum integration order               : 5
Calling terminal section
... "dsfinal.txt" creating (final states)
