
Statistics

Original Model
  Number of components: 554
  Variables: 4718
  Constants: 6 (6 scalars)
  Parameters: 2027 (3793 scalars)
  Unknowns: 2685 (9007 scalars)
  Differentiated variables: 226 scalars
  Equations: 1879
  Nontrivial: 1330
Translated Model
  Constants: 5430 scalars
  Free parameters: 442 scalars
  Parameter depending: 1613 scalars
  Outputs: 3 scalars
  Continuous time states: 4 scalars
  Time-varying variables: 1192 scalars
  Alias variables: 4129 scalars
  Number of mixed real/discrete systems of equations: 0
  Sizes of linear systems of equations: {371}
  Sizes after manipulation of the linear systems: {0}
  Sizes of nonlinear systems of equations: { }
  Sizes after manipulation of the nonlinear systems: { }
  Number of numerical Jacobians: 0
  Initialization problem
    Sizes of linear systems of equations: {371}
    Sizes after manipulation of the linear systems: {0}

Settings
Advanced.StoreProtectedVariables = true
Selected continuous time states
Statically selected continuous time states
  filter.x[]
  load.phi
  load.w

Finished

