Log-file of program ./dymosim
(generated: Sat Dec 15 23:08:36 2018)

dymosim started
... "dsin.txt" loading (dymosim input file)
... "result.mat" creating (simulation result file)

Integration started at T = 0 using integration method DASSL
(DAE multi-step solver (dassl/dasslrt of Petzold modified by Dynasim))
Integration terminated successfully at T = 6
   CPU-time for integration      : 0.138 seconds
   CPU-time for one GRID interval: 0.0276 milliseconds
   Number of result points       : 5052
   Number of GRID   points       : 5001
   Number of (successful) steps  : 570
   Number of F-evaluations       : 1104
   Number of H-evaluations       : 5657
   Number of Jacobian-evaluations: 534
   Number of (model) time events : 18
   Number of (U) time events     : 0
   Number of state    events     : 12
   Number of step     events     : 0
   Minimum integration stepsize  : 5.79e-008
   Maximum integration stepsize  : 0.307
   Maximum integration order     : 1
Calling terminal section
... "dsfinal.txt" creating (final states)
