Log-file of program ./dymosim
(generated: Mon Mar 16 11:52:43 2020)

dymosim started
... "dsin.txt" loading (dymosim input file)
... "AIMC_Initialize.mat" creating (simulation result file)

Integration started at T = 0 using integration method DASSL
(DAE multi-step solver (dassl/dasslrt of Petzold modified by Dassault Systemes))
Integration terminated successfully at T = 1.5
   CPU-time for integration                : 0.979 seconds
   CPU-time for one grid interval          : 0.0326 milliseconds
   CPU-time for initialization             : 0.001 seconds
   Number of result points                 : 30003
   Number of grid points                   : 30001
   Number of accepted steps                : 1242
   Number of f-evaluations (dynamics)      : 3328
   Number of Jacobian-evaluations          : 871
   Number of model time events             : 1
   Number of input time events             : 0
   Number of state events                  : 0
   Number of step events                   : 0
   Minimum integration stepsize            : 8.42e-10
   Maximum integration stepsize            : 0.00706
   Maximum integration order               : 5
Calling terminal section
... "dsfinal.txt" creating (final states)
