Log-file of program ./dymosim
(generated: Mon Mar 16 11:35:44 2020)

dymosim started
... "dsin.txt" loading (dymosim input file)
... "ChopperStepDown_R.mat" creating (simulation result file)

Integration started at T = 0 using integration method DASSL
(DAE multi-step solver (dassl/dasslrt of Petzold modified by Dassault Systemes))
Integration terminated successfully at T = 0.1
   CPU-time for integration                : 0.03 seconds
   CPU-time for one grid interval          : 0.03 milliseconds
   CPU-time for initialization             : 0.001 seconds
   Number of result points                 : 1301
   Number of grid points                   : 1001
   Number of accepted steps                : 3300
   Number of f-evaluations (dynamics)      : 3300
   Number of crossing function evaluations : 4988
   Number of Jacobian-evaluations          : 3000
   Number of model time events             : 100
   Number of input time events             : 0
   Number of state events                  : 100
   Number of step events                   : 0
   Minimum integration stepsize            : 7.07e-10
   Maximum integration stepsize            : 0.00034
   Maximum integration order               : 1
Calling terminal section
... "dsfinal.txt" creating (final states)
