Log-file of program ./dymosim
(generated: Mon Mar 16 11:39:51 2020)

dymosim started
... "dsin.txt" loading (dymosim input file)
... "Graetz.mat" creating (simulation result file)

Integration started at T = 0 using integration method DASSL
(DAE multi-step solver (dassl/dasslrt of Petzold modified by Dassault Systemes))
Integration terminated successfully at T = 0.025
   CPU-time for integration                : 0.084 seconds
   CPU-time for one grid interval          : 0.0168 milliseconds
   CPU-time for initialization             : 0.001 seconds
   Number of result points                 : 5002
   Number of grid points                   : 5001
   Number of accepted steps                : 1849
   Number of f-evaluations (dynamics)      : 4768
   Number of Jacobian-evaluations          : 316
   Number of model time events             : 0
   Number of input time events             : 0
   Number of state events                  : 0
   Number of step events                   : 0
   Minimum integration stepsize            : 7.96e-11
   Maximum integration stepsize            : 0.000102
   Maximum integration order               : 5
Calling terminal section
... "dsfinal.txt" creating (final states)
