
Statistics

Original Model
  Number of components: 284
  Variables: 2362
  Constants: 27 (27 scalars)
  Parameters: 704 (825 scalars)
  Unknowns: 1631 (1778 scalars)
  Differentiated variables: 48 scalars
  Equations: 939
  Nontrivial: 780
Translated Model
  Constants: 814 scalars
  Free parameters: 63 scalars
  Parameter depending: 289 scalars
  Continuous time states: 16 scalars
  Time-varying variables: 367 scalars
  Alias variables: 1097 scalars
  Number of mixed real/discrete systems of equations: 0
  Sizes of linear systems of equations: {14, 8, 6, 6, 6, 6, 8, 3, 5, 3, 6, 6, 6, 16, 2, 2, 2}
  Sizes after manipulation of the linear systems: {2, 2, 2, 2, 2, 2, 2, 0, 0, 0, 2, 2, 2, 4, 0, 0, 2}
  Sizes of nonlinear systems of equations: { }
  Sizes after manipulation of the nonlinear systems: { }
  Number of numerical Jacobians: 0
  Initialization problem
    Sizes of linear systems of equations: {2, 2}
    Sizes after manipulation of the linear systems: {2, 2}

Settings
Advanced.StoreProtectedVariables = true
Selected continuous time states
Statically selected continuous time states
  aimsE.i_0_r
  aimsE.i_0_s
  aimsE.idq_rr[]
  aimsE.idq_sr[]
  aimsM.rotor.electroMagneticConverter.singlePhaseElectroMagneticConverter[1].Phi.re
  aimsM.rotor.electroMagneticConverter.singlePhaseElectroMagneticConverter[2].Phi.im
  aimsM.rotor.zeroInductor.i0
  aimsM.stator.electroMagneticConverter.singlePhaseElectroMagneticConverter[1].Phi.re
  aimsM.stator.electroMagneticConverter.singlePhaseElectroMagneticConverter[2].Phi.im
  aimsM.stator.zeroInductor.i0
  loadInertiaE.phi
  loadInertiaE.w
  loadInertiaM.phi
  loadInertiaM.w

Finished

