 = true
TestID: 2018-12-15_230315_Modelica_v3.2.3-rc.2_2019
This is translation 25 of 422
Translation of Modelica.StateGraph.Examples.FirstExample_Variant2:
Warning: Top class Modelica.StateGraph.Examples.FirstExample_Variant2 specified an obsolete type: Obsolete package due to experimental design.
The DAE has 58 scalar unknowns and 58 scalar equations.
 
Statistics
 
Original Model
  Number of components: 10
  Variables: 67
  Parameters: 9 (9 scalars)
  Unknowns: 58 (58 scalars)
  Equations: 55
  Nontrivial: 41
Translated Model
  Constants: 22 scalars
  Free parameters: 3 scalars
  Time-varying variables: 19 scalars
  Alias variables: 23 scalars
  Number of mixed real/discrete systems of equations: 0
  Sizes of linear systems of equations: { }
  Sizes after manipulation of the linear systems: { }
  Sizes of nonlinear systems of equations: { }
  Sizes after manipulation of the nonlinear systems: { }
  Number of numerical Jacobians: 0
 
Settings
Advanced.StoreProtectedVariables = true
Selected continuous time states
Finished
Warning: WARNINGS have been issued.
Save translation log