Log-file of program ./dymosim
(generated: Sun Dec 16 00:22:12 2018)

dymosim started
... "dsin.txt" loading (dymosim input file)
... "result.mat" creating (simulation result file)

Integration started at T = 0 using integration method DASSL
(DAE multi-step solver (dassl/dasslrt of Petzold modified by Dynasim))
... FFT result computed at time = 4.975 s stored on file: C:/Work/RealFFT1_resultFFT.mat
Integration terminated successfully at T = 6
   CPU-time for integration      : 0.282 seconds
   CPU-time for one GRID interval: 0.0564 milliseconds
   Number of result points       : 5441
   Number of GRID   points       : 5001
   Number of (successful) steps  : 3760
   Number of F-evaluations       : 7240
   Number of Jacobian-evaluations: 3480
   Number of (model) time events : 240
   Number of (U) time events     : 0
   Number of state    events     : 0
   Number of step     events     : 0
   Minimum integration stepsize  : 2e-007
   Maximum integration stepsize  : 0.0119
   Maximum integration order     : 1
Calling terminal section
... "dsfinal.txt" creating (final states)
