Log-file of program ./dymosim
(generated: Sat Dec 15 23:11:49 2018)

dymosim started
... "dsin.txt" loading (dymosim input file)
... "result.mat" creating (simulation result file)

Integration started at T = 0 using integration method DASSL
(DAE multi-step solver (dassl/dasslrt of Petzold modified by Dynasim))
Integration terminated successfully at T = 1
   CPU-time for integration      : 0.068 seconds
   CPU-time for one GRID interval: 0.034 milliseconds
   Number of result points       : 2070
   Number of GRID   points       : 2001
   Number of (successful) steps  : 2811
   Number of F-evaluations       : 6990
   Number of H-evaluations       : 4878
   Number of Jacobian-evaluations: 1364
   Number of (model) time events : 30
   Number of (U) time events     : 0
   Number of state    events     : 10
   Number of step     events     : 0
   Minimum integration stepsize  : 7.96e-011
   Maximum integration stepsize  : 0.0178
   Maximum integration order     : 5
Calling terminal section
... "dsfinal.txt" creating (final states)
