 = true
Translation of Modelica.StateGraph.Examples.ExecutionPaths:
Warning: Component type specifier NumericValue specified an obsolete type: Obsolete model - use Modelica.Blocks.Interaction.Show.RealValue instead.
  File: C:/Projekte/MSL323/Modelica/StateGraph.mo, line 955
 Component context: NumericValue1
  Component declared as NumericValue NumericValue1 in Modelica.StateGraph.Temporary
The DAE has 241 scalar unknowns and 241 scalar equations.
 
Statistics
 
Original Model
  Number of components: 32
  Variables: 279
  Parameters: 38 (38 scalars)
  Unknowns: 241 (241 scalars)
  Equations: 223
  Nontrivial: 166
Translated Model
  Constants: 75 scalars
  Free parameters: 11 scalars
  Time-varying variables: 83 scalars
  Alias variables: 110 scalars
  Number of mixed real/discrete systems of equations: 0
  Sizes of linear systems of equations: { }
  Sizes after manipulation of the linear systems: { }
  Sizes of nonlinear systems of equations: { }
  Sizes after manipulation of the nonlinear systems: { }
  Number of numerical Jacobians: 0
 
Settings
Advanced.StoreProtectedVariables = true
Selected continuous time states