Log-file of program ./dymosim
(generated: Wed Mar 11 18:21:42 2020)

dymosim started
... "dsin.txt" loading (dymosim input file)
... "SMPM_VoltageSource.mat" creating (simulation result file)

Integration started at T = 0 using integration method DASSL
(DAE multi-step solver (dassl/dasslrt of Petzold modified by Dassault Systemes))
Integration terminated successfully at T = 2
   CPU-time for integration                : 0.955 seconds
   CPU-time for one grid interval          : 0.0239 milliseconds
   CPU-time for initialization             : 0 seconds
   Number of result points                 : 40002
   Number of grid points                   : 40001
   Number of accepted steps                : 461
   Number of f-evaluations (dynamics)      : 955
   Number of Jacobian-evaluations          : 42
   Number of model time events             : 0
   Number of input time events             : 0
   Number of state events                  : 0
   Number of step events                   : 0
   Minimum integration stepsize            : 4.01e-09
   Maximum integration stepsize            : 0.0403
   Maximum integration order               : 5
Calling terminal section
... "dsfinal.txt" creating (final states)
