Log-file of program ./dymosim
(generated: Sun Dec 16 00:54:55 2018)

dymosim started
... "dsin.txt" loading (dymosim input file)
... "result.mat" creating (simulation result file)

Integration started at T = 0 using integration method DASSL
(DAE multi-step solver (dassl/dasslrt of Petzold modified by Dynasim))
Integration terminated successfully at T = 2
   CPU-time for integration      : 0.156 seconds
   CPU-time for one GRID interval: 0.039 milliseconds
   Number of result points       : 4026
   Number of GRID   points       : 4001
   Number of (successful) steps  : 450
   Number of F-evaluations       : 935
   Number of H-evaluations       : 4536
   Number of Jacobian-evaluations: 147
   Number of (model) time events : 0
   Number of (U) time events     : 0
   Number of state    events     : 12
   Number of step     events     : 0
   Minimum integration stepsize  : 2e-010
   Maximum integration stepsize  : 0.0155
   Maximum integration order     : 5
Calling terminal section
... "dsfinal.txt" creating (final states)
